INP [ 77] $GNGGA,165050.00,3949.30040,N,10505.71003,W,1,12,0.51,1724.3,M,-21.5,M,,*4C\r\n
INP [ 64] $GNGSA,A,3,01,07,08,11,13,15,17,19,28,30,,,0.97,0.51,0.82,1*0E\r\n
INP [ 58] $GNGSA,A,3,68,77,78,86,69,88,87,,,,,,0.97,0.51,0.82,2*0D\r\n
INP [ 60] $GNGSA,A,3,30,02,03,07,25,36,08,11,,,,,0.97,0.51,0.82,3*0C\r\n
INP [ 54] $GNGSA,A,3,30,29,35,36,26,,,,,,,,0.97,0.51,0.82,4*0B\r\n
INP [ 72] $GPGSV,3,1,10,01,32,093,43,07,46,133,47,08,11,044,40,11,32,058,43,1*6A\r\n
INP [ 72] $GPGSV,3,2,10,13,38,289,43,15,15,311,42,17,46,211,49,19,21,213,44,1*6C\r\n
INP [ 46] $GPGSV,3,3,10,28,64,313,47,30,81,139,51,1*6A\r\n
INP [ 70] $GPGSV,3,1,10,01,32,093,45,07,46,133,45,08,11,044,41,11,32,058,,6*6F\r\n
INP [ 68] $GPGSV,3,2,10,13,38,289,,15,15,311,36,17,46,211,46,19,21,213,,6*60\r\n
INP [ 44] $GPGSV,3,3,10,28,64,313,,30,81,139,49,6*67\r\n
INP [ 72] $GLGSV,3,1,11,67,01,222,09,68,17,267,43,69,14,318,45,76,09,106,41,1*76\r\n
INP [ 72] $GLGSV,3,2,11,77,54,071,40,78,48,331,51,79,04,302,44,81,06,190,39,1*7A\r\n
INP [ 59] $GLGSV,3,3,11,86,11,026,40,87,62,077,52,88,50,159,51,1*46\r\n
INP [ 72] $GLGSV,3,1,11,67,01,222,08,68,17,267,40,69,14,318,44,76,09,106,44,3*72\r\n
INP [ 72] $GLGSV,3,2,11,77,54,071,41,78,48,331,46,79,04,302,37,81,06,190,45,3*70\r\n
INP [ 59] $GLGSV,3,3,11,86,11,026,40,87,62,077,43,88,50,159,47,3*43\r\n
INP [ 72] $GAGSV,3,1,10,02,57,314,48,03,17,215,42,07,11,318,41,08,27,269,44,7*77\r\n
INP [ 72] $GAGSV,3,2,10,11,43,075,44,12,08,032,30,24,08,094,30,25,55,068,48,7*7A\r\n
INP [ 46] $GAGSV,3,3,10,30,11,287,32,36,40,149,46,7*72\r\n
INP [ 72] $GAGSV,3,1,10,02,57,314,50,03,17,215,42,07,11,318,43,08,27,269,47,2*7A\r\n
INP [ 72] $GAGSV,3,2,10,11,43,075,44,12,08,032,27,24,08,094,33,25,55,068,49,2*7B\r\n
INP [ 46] $GAGSV,3,3,10,30,11,287,37,36,40,149,48,2*7C\r\n
INP [ 70] $GBGSV,2,1,07,14,00,325,,21,04,256,34,26,17,304,45,29,66,152,52,1*7C\r\n
INP [ 59] $GBGSV,2,2,07,30,40,053,50,35,22,200,47,36,49,106,50,1*48\r\n
INP [ 64] $GBGSV,2,1,07,14,00,325,,21,04,256,,26,17,304,,29,66,152,,3*7F\r\n
INP [ 53] $GBGSV,2,2,07,30,40,053,,35,22,200,,36,49,106,,3*49\r\n
INP [ 52] $GNGLL,3949.30040,N,10505.71003,W,165050.00,A,A*66\r\n
