2020-05-18T15:40:05.629757Z "vagabundo" <INFO> [18204] {76f3c210} Begin
2020-05-18T15:40:05.630264Z "vagabundo" <INFO> [18204] {76f3c210} Locale "en_US.utf8"
2020-05-18T15:40:05.630294Z "vagabundo" <INFO> [18204] {76f3c210} Processing
2020-05-18T15:40:05.630759Z "vagabundo" <INFO> [18204] {76f3c210} Device (3) "/dev/tumbleweed" rw "tumbleweed" 230400 8N1 local
2020-05-18T15:40:05.630891Z "vagabundo" <INFO> [18204] {76f3c210} Buffer (3) [8192] [8192]
2020-05-18T15:40:05.631153Z "vagabundo" <INFO> [18204] {76f3c210} Start
2020-05-18T15:40:05.685974Z "vagabundo" <NOTE> [18204] {76f3c210} Sync UBX 0x000000000000002c
2020-05-18T15:40:05.704416Z "vagabundo" <INFO> [18204] {76f3c210} Parse UBX ACK 0x06 0x8a (1)
2020-05-18T15:40:06.682453Z "vagabundo" <NOTE> [18204] {76f3c210} Time 2020-05-18 16:47:26Z
2020-05-18T15:40:06.696137Z "vagabundo" <INFO> [18204] {76f3c210} Parse UBX ACK 0x06 0x8a (1)
2020-05-18T15:40:07.706237Z "vagabundo" <INFO> [18204] {76f3c210} Parse UBX ACK 0x06 0x8a (1)
2020-05-18T15:40:08.701425Z "vagabundo" <INFO> [18204] {76f3c210} Parse UBX ACK 0x06 0x8a (1)
2020-05-18T15:40:09.706417Z "vagabundo" <INFO> [18204] {76f3c210} Parse UBX ACK 0x06 0x8a (1)
2020-05-18T15:40:10.705862Z "vagabundo" <INFO> [18204] {76f3c210} Parse UBX ACK 0x06 0x8a (1)
2020-05-18T15:40:11.696030Z "vagabundo" <INFO> [18204] {76f3c210} Parse UBX ACK 0x06 0x8a (1)
2020-05-18T15:40:12.701415Z "vagabundo" <INFO> [18204] {76f3c210} Parse UBX ACK 0x06 0x8a (1)
2020-05-18T15:40:13.706948Z "vagabundo" <INFO> [18204] {76f3c210} Parse UBX ACK 0x06 0x01 (1)
2020-05-18T15:40:14.682101Z "vagabundo" <NOTE> [18204] {76f3c210} Ready
2020-05-18T15:43:20.422027Z "vagabundo" <INFO> [18204] {76f3c210} SIGHUP
2020-05-18T15:43:31.514430Z "vagabundo" <NOTE> [18204] {76f3c210} SIGINT
2020-05-18T15:43:31.514671Z "vagabundo" <INFO> [18204] {76f3c210} Stop
2020-05-18T15:43:31.514723Z "vagabundo" <INFO> [18204] {76f3c210} Counters Remote=0 Surveyor=0 Keepalive=0 OutOfOrder=0 Missing=0
2020-05-18T15:43:31.515122Z "vagabundo" <INFO> [18204] {76f3c210} Buffer size=8192B maximum=1809B total=397180B speed=1929BPS peak=1809B
