2020-09-17T15:05:04.141699Z "neon" <NOTE> [1948] {7f6d60903740} Sync NMEA 0x000000000000002f
2020-09-17T15:05:05.137548Z "neon" <NOTE> [1948] {7f6d60903740} Time 2020-09-17 15:05:04Z
2020-09-17T15:05:06.137913Z "neon" <NOTE> [1948] {7f6d60903740} Signal UBX NAV spoofing 1
HUP? 2020-09-17T15:06:43.251063Z "neon" <WARN> [1948] {7f6d60903740} Sync Lost 0x000000000001711b 0x32 '2'
2020-09-17T15:06:43.251178Z "neon" <NOTE> [1948] {7f6d60903740} Sync NMEA 0x0000000000017150
2020-09-17T15:09:33.285135Z "neon" <WARN> [1948] {7f6d60903740} Sync Lost 0x000000000004043b 0x33 '3'
2020-09-17T15:09:33.285287Z "neon" <NOTE> [1948] {7f6d60903740} Sync NMEA 0x0000000000040481
2020-09-17T15:14:50.346288Z "neon" <WARN> [1948] {7f6d60903740} Sync Lost 0x000000000008f91b 0x37 '7'
2020-09-17T15:14:50.346373Z "neon" <NOTE> [1948] {7f6d60903740} Sync NMEA 0x000000000008f93d
2020-09-17T15:15:28.346260Z "neon" <WARN> [1948] {7f6d60903740} Sync Lost 0x0000000000099246 0x36 '6'
2020-09-17T15:15:28.346389Z "neon" <NOTE> [1948] {7f6d60903740} Sync NMEA 0x000000000009927b
2020-09-17T15:15:50.348670Z "neon" <WARN> [1948] {7f6d60903740} Sync Lost 0x000000000009e926 0x36 '6'
2020-09-17T15:15:50.348743Z "neon" <NOTE> [1948] {7f6d60903740} Sync NMEA 0x000000000009e95b
2020-09-17T15:15:53.422349Z "neon" <WARN> [1948] {7f6d60903740} Sync Lost 0x000000000009f3b9 0x37 '7'
2020-09-17T15:15:53.422527Z "neon" <NOTE> [1948] {7f6d60903740} Sync NMEA 0x000000000009f400
2020-09-17T15:23:17.334900Z "neon" <WARN> [1948] {7f6d60903740} Sync Lost 0x000000000010d126 0x32 '2'
2020-09-17T15:23:17.334973Z "neon" <NOTE> [1948] {7f6d60903740} Sync NMEA 0x000000000010d15b
2020-09-17T15:23:42.344297Z "neon" <WARN> [1948] {7f6d60903740} Sync Lost 0x000000000011369c 0x30 '0'
2020-09-17T15:23:42.344374Z "neon" <NOTE> [1948] {7f6d60903740} Sync NMEA 0x00000000001136cf
2020-09-17T15:24:44.259051Z "neon" <WARN> [1948] {7f6d60903740} Sync Lost 0x00000000001232e0 0x0d
2020-09-17T15:24:44.259130Z "neon" <NOTE> [1948] {7f6d60903740} Sync NMEA 0x00000000001232fe
2020-09-17T15:24:57.256927Z "neon" <WARN> [1948] {7f6d60903740} Sync Lost 0x00000000001266ee 0x36 '6'
2020-09-17T15:24:57.257056Z "neon" <NOTE> [1948] {7f6d60903740} Sync NMEA 0x0000000000126735
2020-09-17T15:25:06.264696Z "neon" <WARN> [1948] {7f6d60903740} Sync Lost 0x00000000001289b0 0x32 '2'
2020-09-17T15:25:06.264824Z "neon" <NOTE> [1948] {7f6d60903740} Sync NMEA 0x00000000001289f7
2020-09-17T15:25:06.266089Z "neon" <WARN> [1948] {7f6d60903740} Sync Lost 0x0000000000128a57 0x36 '6'
2020-09-17T15:25:06.266201Z "neon" <NOTE> [1948] {7f6d60903740} Sync NMEA 0x0000000000128a9e
2020-09-17T15:25:22.271230Z "neon" <WARN> [1948] {7f6d60903740} Sync Lost 0x000000000012c97c 0x35 '5'
2020-09-17T15:25:22.271350Z "neon" <NOTE> [1948] {7f6d60903740} Sync NMEA 0x000000000012c9c3
2020-09-17T15:25:35.296198Z "neon" <WARN> [1948] {7f6d60903740} Sync Lost 0x000000000012fdbe 0x0d
2020-09-17T15:25:35.296262Z "neon" <NOTE> [1948] {7f6d60903740} Sync NMEA 0x000000000012fe01
2020-09-17T15:25:41.294693Z "neon" <WARN> [1948] {7f6d60903740} Sync Lost 0x000000000013163c 0x36 '6'
2020-09-17T15:25:41.294825Z "neon" <NOTE> [1948] {7f6d60903740} Sync NMEA 0x0000000000131683
2020-09-17T15:26:33.269201Z "neon" <WARN> [1948] {7f6d60903740} Sync Lost 0x000000000013e5b1 0x32 '2'
2020-09-17T15:26:33.269331Z "neon" <NOTE> [1948] {7f6d60903740} Sync NMEA 0x000000000013e5f7
2020-09-17T15:26:58.251494Z "neon" <WARN> [1948] {7f6d60903740} Sync Lost 0x0000000000144aad 0x36 '6'
2020-09-17T15:26:58.251859Z "neon" <NOTE> [1948] {7f6d60903740} Sync NMEA 0x0000000000144af4
2020-09-17T15:27:09.284266Z "neon" <WARN> [1948] {7f6d60903740} Sync Lost 0x0000000000147668 0x36 '6'
2020-09-17T15:27:09.285474Z "neon" <NOTE> [1948] {7f6d60903740} Sync NMEA 0x00000000001476af
2020-09-17T15:35:30.324041Z "neon" <WARN> [1948] {7f6d60903740} Sync Lost 0x00000000001c583f 0x32 '2'
2020-09-17T15:35:30.324119Z "neon" <NOTE> [1948] {7f6d60903740} Sync NMEA 0x00000000001c5874
2020-09-17T15:36:31.333343Z "neon" <WARN> [1948] {7f6d60903740} Sync Lost 0x00000000001d51e0 0x0d
2020-09-17T15:36:31.334467Z "neon" <NOTE> [1948] {7f6d60903740} Sync NMEA 0x00000000001d520d
2020-09-17T15:38:15.307522Z "neon" <WARN> [1948] {7f6d60903740} Sync Lost 0x00000000001efb74 0x0d
2020-09-17T15:38:15.307650Z "neon" <NOTE> [1948] {7f6d60903740} Sync NMEA 0x00000000001efba1
2020-09-17T15:39:07.355897Z "neon" <WARN> [1948] {7f6d60903740} Sync Lost 0x00000000001fcf63 0x0d
2020-09-17T15:39:07.356608Z "neon" <NOTE> [1948] {7f6d60903740} Sync NMEA 0x00000000001fcfaa
2020-09-17T15:42:45.350579Z "neon" <WARN> [1948] {7f6d60903740} Sync Lost 0x0000000000234b7a 0x37 '7'
2020-09-17T15:42:45.350656Z "neon" <NOTE> [1948] {7f6d60903740} Sync NMEA 0x0000000000234b9c
2020-09-17T15:43:29.340237Z "neon" <WARN> [1948] {7f6d60903740} Sync Lost 0x000000000023fd70 0x31 '1'
2020-09-17T15:43:29.340313Z "neon" <NOTE> [1948] {7f6d60903740} Sync NMEA 0x000000000023fd94
2020-09-17T15:49:11.241268Z "neon" <NOTE> [1948] {7f6d60903740} SIGINT
Terminated
