2020-09-03T15:00:48.637475Z "neon" <NOTE> [1884] {7f11060cf740} Sync NMEA 0x000000000000002f
2020-09-03T15:00:49.632368Z "neon" <NOTE> [1884] {7f11060cf740} Time 2020-09-03 15:00:49Z
2020-09-03T15:00:50.634396Z "neon" <NOTE> [1884] {7f11060cf740} Signal UBX NAV spoofing 1
HUP? 2020-09-03T15:00:55.353593Z "neon" <WARN> [1884] {7f11060cf740} Sync Lost 0x0000000000001da5 0x37 '7'
2020-09-03T15:00:55.353672Z "neon" <NOTE> [1884] {7f11060cf740} Sync NMEA 0x0000000000001e01
HUP? 2020-09-03T15:01:59.277964Z "neon" <WARN> [1884] {7f11060cf740} Sync Lost 0x0000000000011d7f 0x0d
2020-09-03T15:01:59.278038Z "neon" <NOTE> [1884] {7f11060cf740} Sync NMEA 0x0000000000011d9d
2020-09-03T15:02:10.287192Z "neon" <WARN> [1884] {7f11060cf740} Sync Lost 0x00000000000148d1 0x37 '7'
2020-09-03T15:02:10.287376Z "neon" <NOTE> [1884] {7f11060cf740} Sync NMEA 0x000000000001491a
2020-09-03T15:03:31.295598Z "neon" <WARN> [1884] {7f11060cf740} Sync Lost 0x00000000000291eb 0x37 '7'
2020-09-03T15:03:31.295950Z "neon" <NOTE> [1884] {7f11060cf740} Sync NMEA 0x000000000002920d
2020-09-03T15:04:26.301577Z "neon" <WARN> [1884] {7f11060cf740} Sync Lost 0x000000000003737d 0x37 '7'
2020-09-03T15:04:26.301661Z "neon" <NOTE> [1884] {7f11060cf740} Sync NMEA 0x000000000003739f
2020-09-03T15:05:08.262768Z "neon" <WARN> [1884] {7f11060cf740} Sync Lost 0x0000000000041ff1 0x0d
2020-09-03T15:05:08.262851Z "neon" <NOTE> [1884] {7f11060cf740} Sync NMEA 0x0000000000042011
2020-09-03T15:05:27.284441Z "neon" <WARN> [1884] {7f11060cf740} Sync Lost 0x0000000000046dc8 0x37 '7'
2020-09-03T15:05:27.284525Z "neon" <NOTE> [1884] {7f11060cf740} Sync NMEA 0x0000000000046dea
2020-09-03T15:06:45.265682Z "neon" <WARN> [1884] {7f11060cf740} Sync Lost 0x000000000005af55 0x38 '8'
2020-09-03T15:06:45.265769Z "neon" <NOTE> [1884] {7f11060cf740} Sync NMEA 0x000000000005af79
2020-09-03T15:08:53.211510Z "neon" <WARN> [1884] {7f11060cf740} Sync Lost 0x000000000007bf0a 0x36 '6'
2020-09-03T15:08:53.212156Z "neon" <NOTE> [1884] {7f11060cf740} Sync NMEA 0x000000000007bf53
HUP? 2020-09-03T15:09:49.212025Z "neon" <WARN> [1884] {7f11060cf740} Sync Lost 0x000000000008a55b 0x31 '1'
2020-09-03T15:09:49.212108Z "neon" <NOTE> [1884] {7f11060cf740} Sync NMEA 0x000000000008a57f
2020-09-03T15:11:35.282947Z "neon" <WARN> [1884] {7f11060cf740} Sync Lost 0x00000000000a5a76 0x33 '3'
2020-09-03T15:11:35.283032Z "neon" <NOTE> [1884] {7f11060cf740} Sync NMEA 0x00000000000a5a9a
2020-09-03T15:12:07.267789Z "neon" <WARN> [1884] {7f11060cf740} Sync Lost 0x00000000000ade66 0x32 '2'
2020-09-03T15:12:07.267869Z "neon" <NOTE> [1884] {7f11060cf740} Sync NMEA 0x00000000000ade8a
2020-09-03T15:12:11.302139Z "neon" <WARN> [1884] {7f11060cf740} Sync Lost 0x00000000000aeeb4 0x33 '3'
2020-09-03T15:12:11.302214Z "neon" <NOTE> [1884] {7f11060cf740} Sync NMEA 0x00000000000aeed8
HUP? HUP? HUP? 2020-09-03T15:20:54.197206Z "neon" <WARN> [1884] {7f11060cf740} Sync Lost 0x0000000000134b11 0x33 '3'
2020-09-03T15:20:54.197345Z "neon" <NOTE> [1884] {7f11060cf740} Sync NMEA 0x0000000000134b35
2020-09-03T15:21:30.181144Z "neon" <WARN> [1884] {7f11060cf740} Sync Lost 0x000000000013dbfb 0x32 '2'
2020-09-03T15:21:30.181310Z "neon" <NOTE> [1884] {7f11060cf740} Sync NMEA 0x000000000013dc31
2020-09-03T15:21:31.172006Z "neon" <WARN> [1884] {7f11060cf740} Sync Lost 0x000000000013e1fb 0x37 '7'
2020-09-03T15:21:31.172233Z "neon" <NOTE> [1884] {7f11060cf740} Sync NMEA 0x000000000013e244
2020-09-03T15:21:54.166273Z "neon" <WARN> [1884] {7f11060cf740} Sync Lost 0x0000000000143d57 0x32 '2'
2020-09-03T15:21:54.166362Z "neon" <NOTE> [1884] {7f11060cf740} Sync NMEA 0x0000000000143d8d
2020-09-03T15:22:42.148280Z "neon" <WARN> [1884] {7f11060cf740} Sync Lost 0x000000000014ffeb 0x32 '2'
2020-09-03T15:22:42.148367Z "neon" <NOTE> [1884] {7f11060cf740} Sync NMEA 0x0000000000150033
2020-09-03T15:23:07.147278Z "neon" <WARN> [1884] {7f11060cf740} Sync Lost 0x0000000000156689 0x37 '7'
2020-09-03T15:23:07.147357Z "neon" <NOTE> [1884] {7f11060cf740} Sync NMEA 0x00000000001566d0
2020-09-03T15:23:08.129759Z "neon" <WARN> [1884] {7f11060cf740} Sync Lost 0x0000000000156a9e 0x37 '7'
2020-09-03T15:23:08.129876Z "neon" <NOTE> [1884] {7f11060cf740} Sync NMEA 0x0000000000156ac0
2020-09-03T15:23:24.150975Z "neon" <WARN> [1884] {7f11060cf740} Sync Lost 0x000000000015ab6e 0x34 '4'
2020-09-03T15:23:24.151057Z "neon" <NOTE> [1884] {7f11060cf740} Sync NMEA 0x000000000015ab92
2020-09-03T15:23:30.130245Z "neon" <WARN> [1884] {7f11060cf740} Sync Lost 0x000000000015c34e 0x0d
2020-09-03T15:23:30.130401Z "neon" <NOTE> [1884] {7f11060cf740} Sync NMEA 0x000000000015c393
2020-09-03T15:27:32.090721Z "neon" <WARN> [1884] {7f11060cf740} Sync Lost 0x00000000001990a1 0x38 '8'
2020-09-03T15:27:32.090865Z "neon" <NOTE> [1884] {7f11060cf740} Sync NMEA 0x00000000001990ea
2020-09-03T15:28:10.104359Z "neon" <WARN> [1884] {7f11060cf740} Sync Lost 0x00000000001a277b 0x31 '1'
2020-09-03T15:28:10.104502Z "neon" <NOTE> [1884] {7f11060cf740} Sync NMEA 0x00000000001a27c4
2020-09-03T15:28:46.076364Z "neon" <WARN> [1884] {7f11060cf740} Sync Lost 0x00000000001ab3c3 0x32 '2'
2020-09-03T15:28:46.076494Z "neon" <NOTE> [1884] {7f11060cf740} Sync NMEA 0x00000000001ab3f9
2020-09-03T15:32:06.067248Z "neon" <WARN> [1884] {7f11060cf740} Sync Lost 0x00000000001dcabd 0x39 '9'
2020-09-03T15:32:06.067384Z "neon" <NOTE> [1884] {7f11060cf740} Sync NMEA 0x00000000001dcb06
2020-09-03T15:35:08.964587Z "neon" <WARN> [1884] {7f11060cf740} Sync Lost 0x00000000002097bb 0x0d
2020-09-03T15:35:08.964672Z "neon" <NOTE> [1884] {7f11060cf740} Sync NMEA 0x00000000002097e6
2020-09-03T15:35:34.970173Z "neon" <WARN> [1884] {7f11060cf740} Sync Lost 0x000000000020fb30 0x37 '7'
2020-09-03T15:35:34.970252Z "neon" <NOTE> [1884] {7f11060cf740} Sync NMEA 0x000000000020fb6a
HUP? 2020-09-03T15:37:10.863072Z "neon" <WARN> [1884] {7f11060cf740} Sync Lost 0x0000000000226e4b 0x2d '-'
2020-09-03T15:37:10.863183Z "neon" <NOTE> [1884] {7f11060cf740} Sync NMEA 0x0000000000226e85
HUP? 2020-09-03T15:38:36.974883Z "neon" <WARN> [1884] {7f11060cf740} Sync Lost 0x000000000023c338 0x0d
2020-09-03T15:38:36.976361Z "neon" <NOTE> [1884] {7f11060cf740} Sync NMEA 0x000000000023c37d
2020-09-03T15:38:57.960181Z "neon" <WARN> [1884] {7f11060cf740} Sync Lost 0x0000000000241704 0x37 '7'
2020-09-03T15:38:57.960363Z "neon" <NOTE> [1884] {7f11060cf740} Sync NMEA 0x0000000000241749
2020-09-03T15:39:25.975434Z "neon" <WARN> [1884] {7f11060cf740} Sync Lost 0x0000000000248545 0x32 '2'
2020-09-03T15:39:25.975563Z "neon" <NOTE> [1884] {7f11060cf740} Sync NMEA 0x000000000024857a
2020-09-03T15:42:22.914923Z "neon" <WARN> [1884] {7f11060cf740} Sync Lost 0x00000000002742de 0x0d
2020-09-03T15:42:22.915767Z "neon" <NOTE> [1884] {7f11060cf740} Sync NMEA 0x0000000000274321
2020-09-03T15:43:19.897448Z "neon" <WARN> [1884] {7f11060cf740} Sync Lost 0x0000000000282294 0x0d
2020-09-03T15:43:19.897591Z "neon" <NOTE> [1884] {7f11060cf740} Sync NMEA 0x00000000002822d9
2020-09-03T15:43:24.898795Z "neon" <WARN> [1884] {7f11060cf740} Sync Lost 0x0000000000283564 0x0d
2020-09-03T15:43:24.899213Z "neon" <NOTE> [1884] {7f11060cf740} Sync NMEA 0x00000000002835a9
2020-09-03T15:44:30.907707Z "neon" <WARN> [1884] {7f11060cf740} Sync Lost 0x00000000002938ca 0x0d
2020-09-03T15:44:30.908111Z "neon" <NOTE> [1884] {7f11060cf740} Sync NMEA 0x000000000029390f
2020-09-03T15:51:32.837388Z "neon" <WARN> [1884] {7f11060cf740} Sync Lost 0x00000000002fae9f 0x32 '2'
2020-09-03T15:51:32.837478Z "neon" <NOTE> [1884] {7f11060cf740} Sync NMEA 0x00000000002faed5
2020-09-03T15:52:02.840441Z "neon" <WARN> [1884] {7f11060cf740} Sync Lost 0x00000000003024df 0x0d
2020-09-03T15:52:02.841420Z "neon" <NOTE> [1884] {7f11060cf740} Sync NMEA 0x0000000000302524
2020-09-03T15:54:13.789269Z "neon" <WARN> [1884] {7f11060cf740} Sync Lost 0x0000000000322271 0x32 '2'
2020-09-03T15:54:13.789404Z "neon" <NOTE> [1884] {7f11060cf740} Sync NMEA 0x00000000003222a7
HUP? HUP? HUP? 2020-09-03T16:14:17.625227Z "neon" <WARN> [1884] {7f11060cf740} Sync Lost 0x0000000000448e97 0x32 '2'
2020-09-03T16:14:17.625360Z "neon" <NOTE> [1884] {7f11060cf740} Sync NMEA 0x0000000000448ecc
2020-09-03T16:19:50.576764Z "neon" <WARN> [1884] {7f11060cf740} Sync Lost 0x000000000049bfef 0x0d
2020-09-03T16:19:50.577385Z "neon" <NOTE> [1884] {7f11060cf740} Sync NMEA 0x000000000049c034
2020-09-03T16:20:14.581814Z "neon" <WARN> [1884] {7f11060cf740} Sync Lost 0x00000000004a1fe3 0x30 '0'
2020-09-03T16:20:14.581934Z "neon" <NOTE> [1884] {7f11060cf740} Sync NMEA 0x00000000004a2017
2020-09-03T16:21:14.543616Z "neon" <WARN> [1884] {7f11060cf740} Sync Lost 0x00000000004b137f 0x0d
2020-09-03T16:21:14.543754Z "neon" <NOTE> [1884] {7f11060cf740} Sync NMEA 0x00000000004b13c2
2020-09-03T16:22:01.556313Z "neon" <WARN> [1884] {7f11060cf740} Sync Lost 0x00000000004bd226 0x37 '7'
2020-09-03T16:22:01.556397Z "neon" <NOTE> [1884] {7f11060cf740} Sync NMEA 0x00000000004bd248
2020-09-03T16:22:08.542233Z "neon" <WARN> [1884] {7f11060cf740} Sync Lost 0x00000000004bee28 0x37 '7'
2020-09-03T16:22:08.542305Z "neon" <NOTE> [1884] {7f11060cf740} Sync NMEA 0x00000000004bee4a
2020-09-03T16:22:31.550088Z "neon" <WARN> [1884] {7f11060cf740} Sync Lost 0x00000000004c4ac7 0x37 '7'
2020-09-03T16:22:31.550160Z "neon" <NOTE> [1884] {7f11060cf740} Sync NMEA 0x00000000004c4ae9
2020-09-03T16:22:36.516932Z "neon" <WARN> [1884] {7f11060cf740} Sync Lost 0x00000000004c5e30 0x0d
2020-09-03T16:22:36.517075Z "neon" <NOTE> [1884] {7f11060cf740} Sync NMEA 0x00000000004c5e73
2020-09-03T16:24:15.504485Z "neon" <WARN> [1884] {7f11060cf740} Sync Lost 0x00000000004df0bc 0x36 '6'
2020-09-03T16:24:15.504623Z "neon" <NOTE> [1884] {7f11060cf740} Sync NMEA 0x00000000004df0eb
HUP? HUP? HUP? 2020-09-03T16:24:50.496567Z "neon" <WARN> [1884] {7f11060cf740} Sync Lost 0x00000000004e7e56 0x0d
2020-09-03T16:24:50.496713Z "neon" <NOTE> [1884] {7f11060cf740} Sync NMEA 0x00000000004e7e99
2020-09-03T16:25:21.370414Z "neon" <WARN> [1884] {7f11060cf740} Sync Lost 0x00000000004ef638 0x30 '0'
2020-09-03T16:25:21.370492Z "neon" <NOTE> [1884] {7f11060cf740} Sync NMEA 0x00000000004ef66b
HUP? 2020-09-03T16:28:36.438798Z "neon" <WARN> [1884] {7f11060cf740} Sync Lost 0x000000000051f6a0 0x0d
2020-09-03T16:28:36.438953Z "neon" <NOTE> [1884] {7f11060cf740} Sync NMEA 0x000000000051f6e1
2020-09-03T16:32:16.421117Z "neon" <WARN> [1884] {7f11060cf740} Sync Lost 0x000000000055726d 0x31 '1'
2020-09-03T16:32:16.421339Z "neon" <NOTE> [1884] {7f11060cf740} Sync NMEA 0x00000000005572b6
2020-09-03T16:33:42.392886Z "neon" <WARN> [1884] {7f11060cf740} Sync Lost 0x000000000056ce37 0x0d
2020-09-03T16:33:42.392973Z "neon" <NOTE> [1884] {7f11060cf740} Sync NMEA 0x000000000056ce64
2020-09-03T16:35:33.371293Z "neon" <WARN> [1884] {7f11060cf740} Sync Lost 0x0000000000588fa8 0x32 '2'
2020-09-03T16:35:33.371542Z "neon" <NOTE> [1884] {7f11060cf740} Sync NMEA 0x0000000000588ff1
2020-09-03T16:38:55.326671Z "neon" <WARN> [1884] {7f11060cf740} Sync Lost 0x00000000005bb948 0x0d
2020-09-03T16:38:55.326805Z "neon" <NOTE> [1884] {7f11060cf740} Sync NMEA 0x00000000005bb989
2020-09-03T16:40:01.354732Z "neon" <WARN> [1884] {7f11060cf740} Sync Lost 0x00000000005cc16e 0x0d
2020-09-03T16:40:01.355045Z "neon" <NOTE> [1884] {7f11060cf740} Sync NMEA 0x00000000005cc18e
2020-09-03T16:40:11.328913Z "neon" <WARN> [1884] {7f11060cf740} Sync Lost 0x00000000005ce8de 0x0d
2020-09-03T16:40:11.328986Z "neon" <NOTE> [1884] {7f11060cf740} Sync NMEA 0x00000000005ce8fe
2020-09-03T16:40:35.304826Z "neon" <WARN> [1884] {7f11060cf740} Sync Lost 0x00000000005d47c2 0x36 '6'
2020-09-03T16:40:35.305037Z "neon" <NOTE> [1884] {7f11060cf740} Sync NMEA 0x00000000005d4807
2020-09-03T16:40:43.298497Z "neon" <WARN> [1884] {7f11060cf740} Sync Lost 0x00000000005d672c 0x34 '4'
2020-09-03T16:40:43.298695Z "neon" <NOTE> [1884] {7f11060cf740} Sync NMEA 0x00000000005d6773
2020-09-03T16:45:31.269378Z "neon" <WARN> [1884] {7f11060cf740} Sync Lost 0x000000000061c6de 0x30 '0'
2020-09-03T16:45:31.269492Z "neon" <NOTE> [1884] {7f11060cf740} Sync NMEA 0x000000000061c712
2020-09-03T16:48:46.249416Z "neon" <WARN> [1884] {7f11060cf740} Sync Lost 0x000000000064bc0f 0x36 '6'
2020-09-03T16:48:46.249502Z "neon" <NOTE> [1884] {7f11060cf740} Sync NMEA 0x000000000064bc31
2020-09-03T16:49:57.245281Z "neon" <WARN> [1884] {7f11060cf740} Sync Lost 0x000000000065cdce 0x30 '0'
2020-09-03T16:49:57.245415Z "neon" <NOTE> [1884] {7f11060cf740} Sync NMEA 0x000000000065ce02
HUP? HUP? 2020-09-03T16:54:21.213982Z "neon" <WARN> [1884] {7f11060cf740} Sync Lost 0x000000000069cc77 0x0d
2020-09-03T16:54:21.214116Z "neon" <NOTE> [1884] {7f11060cf740} Sync NMEA 0x000000000069ccbc
2020-09-03T17:00:21.170973Z "neon" <WARN> [1884] {7f11060cf740} Sync Lost 0x00000000006f529a 0x31 '1'
2020-09-03T17:00:21.171159Z "neon" <NOTE> [1884] {7f11060cf740} Sync NMEA 0x00000000006f52be
2020-09-03T17:05:02.107910Z "neon" <WARN> [1884] {7f11060cf740} Sync Lost 0x000000000073b91f 0x36 '6'
2020-09-03T17:05:02.108052Z "neon" <NOTE> [1884] {7f11060cf740} Sync NMEA 0x000000000073b966
2020-09-03T17:07:06.077244Z "neon" <WARN> [1884] {7f11060cf740} Sync Lost 0x000000000075ab9d 0x30 '0'
2020-09-03T17:07:06.077332Z "neon" <NOTE> [1884] {7f11060cf740} Sync NMEA 0x000000000075abd1
2020-09-03T17:07:15.088294Z "neon" <WARN> [1884] {7f11060cf740} Sync Lost 0x000000000075d17b 0x32 '2'
2020-09-03T17:07:15.088420Z "neon" <NOTE> [1884] {7f11060cf740} Sync NMEA 0x000000000075d19f
2020-09-03T17:07:47.080357Z "neon" <WARN> [1884] {7f11060cf740} Sync Lost 0x0000000000765253 0x32 '2'
2020-09-03T17:07:47.080650Z "neon" <NOTE> [1884] {7f11060cf740} Sync NMEA 0x000000000076529a
2020-09-03T17:08:23.094381Z "neon" <WARN> [1884] {7f11060cf740} Sync Lost 0x000000000076e40d 0x32 '2'
2020-09-03T17:08:23.094527Z "neon" <NOTE> [1884] {7f11060cf740} Sync NMEA 0x000000000076e456
2020-09-03T17:10:18.090191Z "neon" <WARN> [1884] {7f11060cf740} Sync Lost 0x000000000078bb59 0x33 '3'
2020-09-03T17:10:18.090274Z "neon" <NOTE> [1884] {7f11060cf740} Sync NMEA 0x000000000078bb7d
2020-09-03T17:12:41.071236Z "neon" <WARN> [1884] {7f11060cf740} Sync Lost 0x00000000007b0724 0x36 '6'
2020-09-03T17:12:41.072202Z "neon" <NOTE> [1884] {7f11060cf740} Sync NMEA 0x00000000007b076b
2020-09-03T17:12:50.068923Z "neon" <WARN> [1884] {7f11060cf740} Sync Lost 0x00000000007b2b73 0x34 '4'
2020-09-03T17:12:50.069050Z "neon" <NOTE> [1884] {7f11060cf740} Sync NMEA 0x00000000007b2b97
2020-09-03T17:13:11.055183Z "neon" <WARN> [1884] {7f11060cf740} Sync Lost 0x00000000007b8211 0x36 '6'
2020-09-03T17:13:11.055365Z "neon" <NOTE> [1884] {7f11060cf740} Sync NMEA 0x00000000007b8258
2020-09-03T17:14:15.023406Z "neon" <WARN> [1884] {7f11060cf740} Sync Lost 0x00000000007c87f8 0x30 '0'
2020-09-03T17:14:15.023489Z "neon" <NOTE> [1884] {7f11060cf740} Sync NMEA 0x00000000007c881c
2020-09-03T17:14:56.128714Z "neon" <WARN> [1884] {7f11060cf740} Sync Lost 0x00000000007d3045 0x36 '6'
2020-09-03T17:14:56.129399Z "neon" <NOTE> [1884] {7f11060cf740} Sync NMEA 0x00000000007d308c
HUP? 2020-09-03T17:15:46.998278Z "neon" <WARN> [1884] {7f11060cf740} Sync Lost 0x00000000007dfeb1 0x2c ','
2020-09-03T17:15:46.998353Z "neon" <NOTE> [1884] {7f11060cf740} Sync NMEA 0x00000000007dfee1
2020-09-03T17:17:15.972866Z "neon" <WARN> [1884] {7f11060cf740} Sync Lost 0x00000000007f6a94 0x37 '7'
2020-09-03T17:17:15.972951Z "neon" <NOTE> [1884] {7f11060cf740} Sync NMEA 0x00000000007f6ab4
2020-09-03T17:18:33.961729Z "neon" <WARN> [1884] {7f11060cf740} Sync Lost 0x000000000080a7b4 0x37 '7'
2020-09-03T17:18:33.961848Z "neon" <NOTE> [1884] {7f11060cf740} Sync NMEA 0x000000000080a7d6
2020-09-03T17:20:57.973302Z "neon" <WARN> [1884] {7f11060cf740} Sync Lost 0x000000000082f52a 0x2c ','
2020-09-03T17:20:57.973383Z "neon" <NOTE> [1884] {7f11060cf740} Sync NMEA 0x000000000082f55a
2020-09-03T17:22:25.961210Z "neon" <WARN> [1884] {7f11060cf740} Sync Lost 0x0000000000846246 0x36 '6'
2020-09-03T17:22:25.961294Z "neon" <NOTE> [1884] {7f11060cf740} Sync NMEA 0x000000000084626a
2020-09-03T17:23:03.955423Z "neon" <WARN> [1884] {7f11060cf740} Sync Lost 0x000000000084ff4c 0x33 '3'
2020-09-03T17:23:03.955506Z "neon" <NOTE> [1884] {7f11060cf740} Sync NMEA 0x000000000084ff70
2020-09-03T17:23:27.923351Z "neon" <WARN> [1884] {7f11060cf740} Sync Lost 0x0000000000856345 0x36 '6'
2020-09-03T17:23:27.923487Z "neon" <NOTE> [1884] {7f11060cf740} Sync NMEA 0x0000000000856381
2020-09-03T17:23:45.929250Z "neon" <WARN> [1884] {7f11060cf740} Sync Lost 0x000000000085ad61 0x36 '6'
2020-09-03T17:23:45.930283Z "neon" <NOTE> [1884] {7f11060cf740} Sync NMEA 0x000000000085ada8
2020-09-03T17:23:51.936412Z "neon" <WARN> [1884] {7f11060cf740} Sync Lost 0x000000000085c486 0x0d
2020-09-03T17:23:51.936484Z "neon" <NOTE> [1884] {7f11060cf740} Sync NMEA 0x000000000085c4bf
2020-09-03T17:25:30.910338Z "neon" <WARN> [1884] {7f11060cf740} Sync Lost 0x0000000000875f38 0x34 '4'
2020-09-03T17:25:30.910420Z "neon" <NOTE> [1884] {7f11060cf740} Sync NMEA 0x0000000000875f5c
2020-09-03T17:26:18.934261Z "neon" <WARN> [1884] {7f11060cf740} Sync Lost 0x0000000000882606 0x32 '2'
2020-09-03T17:26:18.934386Z "neon" <NOTE> [1884] {7f11060cf740} Sync NMEA 0x000000000088262a
2020-09-03T17:27:07.914211Z "neon" <WARN> [1884] {7f11060cf740} Sync Stop 0x000000000088f1fd 0x36
2020-09-03T17:27:07.914400Z "neon" <NOTE> [1884] {7f11060cf740} Sync NMEA 0x000000000088f239
2020-09-03T17:27:47.906747Z "neon" <WARN> [1884] {7f11060cf740} Sync Lost 0x000000000089971e 0x33 '3'
2020-09-03T17:27:47.906831Z "neon" <NOTE> [1884] {7f11060cf740} Sync NMEA 0x0000000000899742
2020-09-03T17:29:26.902101Z "neon" <WARN> [1884] {7f11060cf740} Sync Lost 0x00000000008b324e 0x34 '4'
2020-09-03T17:29:26.902184Z "neon" <NOTE> [1884] {7f11060cf740} Sync NMEA 0x00000000008b3272
2020-09-03T17:31:24.844727Z "neon" <WARN> [1884] {7f11060cf740} Sync Lost 0x00000000008d16a6 0x34 '4'
2020-09-03T17:31:24.845929Z "neon" <NOTE> [1884] {7f11060cf740} Sync NMEA 0x00000000008d16f1
2020-09-03T17:31:37.842484Z "neon" <WARN> [1884] {7f11060cf740} Sync Lost 0x00000000008d4a9f 0x2c ','
2020-09-03T17:31:37.842560Z "neon" <NOTE> [1884] {7f11060cf740} Sync NMEA 0x00000000008d4acf
2020-09-03T17:31:52.854039Z "neon" <WARN> [1884] {7f11060cf740} Sync Lost 0x00000000008d8a81 0x34 '4'
2020-09-03T17:31:52.854173Z "neon" <NOTE> [1884] {7f11060cf740} Sync NMEA 0x00000000008d8ab2
2020-09-03T17:32:35.849627Z "neon" <WARN> [1884] {7f11060cf740} Sync Lost 0x00000000008e39a9 0x37 '7'
2020-09-03T17:32:35.849710Z "neon" <NOTE> [1884] {7f11060cf740} Sync NMEA 0x00000000008e39cb
2020-09-03T17:35:20.796380Z "neon" <WARN> [1884] {7f11060cf740} Sync Lost 0x000000000090dd52 0x33 '3'
2020-09-03T17:35:20.796465Z "neon" <NOTE> [1884] {7f11060cf740} Sync NMEA 0x000000000090dd76
2020-09-03T17:35:25.808474Z "neon" <WARN> [1884] {7f11060cf740} Sync Lost 0x000000000090f185 0x34 '4'
2020-09-03T17:35:25.808546Z "neon" <NOTE> [1884] {7f11060cf740} Sync NMEA 0x000000000090f1a9
2020-09-03T17:36:17.780703Z "neon" <WARN> [1884] {7f11060cf740} Sync Lost 0x000000000091c642 0x36 '6'
2020-09-03T17:36:17.780937Z "neon" <NOTE> [1884] {7f11060cf740} Sync NMEA 0x000000000091c68d
2020-09-03T17:36:53.082737Z "neon" <WARN> [1884] {7f11060cf740} Sync Stop 0x00000000009255d5 0xb5
2020-09-03T17:36:53.788987Z "neon" <NOTE> [1884] {7f11060cf740} Sync UBX 0x000000000092567c
2020-09-03T17:37:40.819977Z "neon" <WARN> [1884] {7f11060cf740} Sync Lost 0x0000000000931977 0x35 '5'
2020-09-03T17:37:40.820152Z "neon" <NOTE> [1884] {7f11060cf740} Sync NMEA 0x00000000009319a8
2020-09-03T17:39:21.775684Z "neon" <WARN> [1884] {7f11060cf740} Sync Lost 0x000000000094b5cd 0x37 '7'
2020-09-03T17:39:21.775775Z "neon" <NOTE> [1884] {7f11060cf740} Sync NMEA 0x000000000094b62b
2020-09-03T17:39:23.775332Z "neon" <WARN> [1884] {7f11060cf740} Sync Lost 0x000000000094bdef 0x34 '4'
2020-09-03T17:39:23.775387Z "neon" <NOTE> [1884] {7f11060cf740} Sync NMEA 0x000000000094be13
2020-09-03T17:41:03.775917Z "neon" <WARN> [1884] {7f11060cf740} Sync Lost 0x00000000009656c5 0x36 '6'
2020-09-03T17:41:03.775998Z "neon" <NOTE> [1884] {7f11060cf740} Sync NMEA 0x00000000009656e9
2020-09-03T17:41:55.770280Z "neon" <WARN> [1884] {7f11060cf740} Sync Lost 0x0000000000972b0b 0x33 '3'
2020-09-03T17:41:55.770699Z "neon" <NOTE> [1884] {7f11060cf740} Sync NMEA 0x0000000000972b56
2020-09-03T17:41:57.782085Z "neon" <WARN> [1884] {7f11060cf740} Sync Stop 0x0000000000973391 0x0d
2020-09-03T17:41:57.782165Z "neon" <NOTE> [1884] {7f11060cf740} Sync NMEA 0x00000000009733eb
2020-09-03T17:42:02.806958Z "neon" <WARN> [1884] {7f11060cf740} Sync Stop 0x000000000097477c 0x0d
2020-09-03T17:42:02.807138Z "neon" <NOTE> [1884] {7f11060cf740} Sync NMEA 0x00000000009747fd
2020-09-03T17:42:37.822248Z "neon" <WARN> [1884] {7f11060cf740} Sync Lost 0x000000000097d6f5 0x32 '2'
2020-09-03T17:42:37.822382Z "neon" <NOTE> [1884] {7f11060cf740} Sync NMEA 0x000000000097d740
2020-09-03T17:43:11.798611Z "neon" <WARN> [1884] {7f11060cf740} Sync Lost 0x00000000009862cf 0x34 '4'
2020-09-03T17:43:11.798689Z "neon" <NOTE> [1884] {7f11060cf740} Sync NMEA 0x00000000009862f3
2020-09-03T17:44:40.773228Z "neon" <WARN> [1884] {7f11060cf740} Sync Stop 0x000000000099cfee 0x0d
2020-09-03T17:44:40.773321Z "neon" <NOTE> [1884] {7f11060cf740} Sync NMEA 0x000000000099d048
2020-09-03T17:45:16.732905Z "neon" <WARN> [1884] {7f11060cf740} Sync Lost 0x00000000009a63ea 0x35 '5'
2020-09-03T17:45:16.732989Z "neon" <NOTE> [1884] {7f11060cf740} Sync NMEA 0x00000000009a640e
2020-09-03T17:49:32.661251Z "neon" <WARN> [1884] {7f11060cf740} Sync Lost 0x00000000009e8405 0x37 '7'
2020-09-03T17:49:32.661389Z "neon" <NOTE> [1884] {7f11060cf740} Sync NMEA 0x00000000009e844e
2020-09-03T17:50:27.700800Z "neon" <WARN> [1884] {7f11060cf740} Sync Lost 0x00000000009f683b 0x33 '3'
2020-09-03T17:50:27.700943Z "neon" <NOTE> [1884] {7f11060cf740} Sync NMEA 0x00000000009f6884
2020-09-03T17:51:05.704465Z "neon" <WARN> [1884] {7f11060cf740} Sync Lost 0x0000000000a00559 0x31 '1'
2020-09-03T17:51:05.704624Z "neon" <NOTE> [1884] {7f11060cf740} Sync NMEA 0x0000000000a005a2
2020-09-03T17:52:26.660010Z "neon" <WARN> [1884] {7f11060cf740} Sync Lost 0x0000000000a15365 0x35 '5'
2020-09-03T17:52:26.660094Z "neon" <NOTE> [1884] {7f11060cf740} Sync NMEA 0x0000000000a15396
2020-09-03T17:56:37.608303Z "neon" <WARN> [1884] {7f11060cf740} Sync Lost 0x0000000000a55998 0x30 '0'
2020-09-03T17:56:37.608391Z "neon" <NOTE> [1884] {7f11060cf740} Sync NMEA 0x0000000000a559ca
2020-09-03T17:56:38.617986Z "neon" <WARN> [1884] {7f11060cf740} Sync Lost 0x0000000000a55f14 0x36 '6'
2020-09-03T17:56:38.618056Z "neon" <NOTE> [1884] {7f11060cf740} Sync NMEA 0x0000000000a55f43
2020-09-03T17:56:52.605606Z "neon" <WARN> [1884] {7f11060cf740} Sync Lost 0x0000000000a59517 0x32 '2'
2020-09-03T17:56:52.605689Z "neon" <NOTE> [1884] {7f11060cf740} Sync NMEA 0x0000000000a59565
2020-09-03T17:56:52.607505Z "neon" <WARN> [1884] {7f11060cf740} Sync Lost 0x0000000000a59698 0x32 '2'
2020-09-03T17:56:52.608591Z "neon" <NOTE> [1884] {7f11060cf740} Sync NMEA 0x0000000000a596e3
2020-09-03T17:59:52.549068Z "neon" <WARN> [1884] {7f11060cf740} Sync Stop 0x0000000000a86eda 0x24
2020-09-03T17:59:52.550960Z "neon" <NOTE> [1884] {7f11060cf740} Sync NMEA 0x0000000000a86f2c
2020-09-03T18:00:19.559913Z "neon" <WARN> [1884] {7f11060cf740} Sync Lost 0x0000000000a8dbf1 0x37 '7'
2020-09-03T18:00:19.560036Z "neon" <NOTE> [1884] {7f11060cf740} Sync NMEA 0x0000000000a8dc20
2020-09-03T18:02:07.521742Z "neon" <WARN> [1884] {7f11060cf740} Sync Lost 0x0000000000aa8d8f 0x32 '2'
2020-09-03T18:02:07.521826Z "neon" <NOTE> [1884] {7f11060cf740} Sync NMEA 0x0000000000aa8db3
HUP? 2020-09-03T18:04:13.557922Z "neon" <WARN> [1884] {7f11060cf740} Sync Lost 0x0000000000ac8d96 0x33 '3'
2020-09-03T18:04:13.558089Z "neon" <NOTE> [1884] {7f11060cf740} Sync NMEA 0x0000000000ac8de1
2020-09-03T18:05:22.500891Z "neon" <WARN> [1884] {7f11060cf740} Sync Lost 0x0000000000ada596 0x33 '3'
2020-09-03T18:05:22.500973Z "neon" <NOTE> [1884] {7f11060cf740} Sync NMEA 0x0000000000ada5ba
2020-09-03T18:06:07.502536Z "neon" <WARN> [1884] {7f11060cf740} Sync Lost 0x0000000000ae5bf5 0x31 '1'
2020-09-03T18:06:07.502673Z "neon" <NOTE> [1884] {7f11060cf740} Sync NMEA 0x0000000000ae5c19
2020-09-03T18:07:46.503535Z "neon" <WARN> [1884] {7f11060cf740} Sync Stop 0x0000000000afecec 0x0d
2020-09-03T18:07:46.503629Z "neon" <NOTE> [1884] {7f11060cf740} Sync NMEA 0x0000000000afed46
2020-09-03T18:07:48.505131Z "neon" <WARN> [1884] {7f11060cf740} Sync Lost 0x0000000000aff4b6 0x33 '3'
2020-09-03T18:07:48.506028Z "neon" <NOTE> [1884] {7f11060cf740} Sync NMEA 0x0000000000aff501
2020-09-03T18:08:18.476053Z "neon" <WARN> [1884] {7f11060cf740} Sync Lost 0x0000000000b06cf3 0x32 '2'
2020-09-03T18:08:18.476134Z "neon" <NOTE> [1884] {7f11060cf740} Sync NMEA 0x0000000000b06d41
2020-09-03T18:11:44.463862Z "neon" <WARN> [1884] {7f11060cf740} Sync Lost 0x0000000000b3b819 0x36 '6'
2020-09-03T18:11:44.463944Z "neon" <NOTE> [1884] {7f11060cf740} Sync NMEA 0x0000000000b3b83b
HUP? 2020-09-03T18:12:34.686599Z "neon" <NOTE> [1884] {7f11060cf740} SIGINT
Terminated
