2023-05-26T22:36:30.882151909Z "cesium" <NOTE> [2407] {76f30b30} Program /usr/local/bin/gpstool
2023-05-26T22:36:30.883089221Z "cesium" <NOTE> [2407] {76f30b30} Start
2023-05-26T22:36:30.883479490Z "cesium" <NOTE> [2407] {76f30b30} Processing
2023-05-26T22:36:30.884632224Z "cesium" <NOTE> [2407] {76f30b30} Begin
2023-05-26T22:36:31.041842159Z "cesium" <NOTE> [2407] {76f30b30} Out '$PUBX,00'[9]
2023-05-26T22:36:31.044438466Z "cesium" <NOTE> [2407] {76f30b30} Out '$PUBX,03'[9]
2023-05-26T22:36:31.044666700Z "cesium" <NOTE> [2407] {76f30b30} Out '$PUBX,04'[9]
2023-05-26T22:36:31.044864309Z "cesium" <NOTE> [2407] {76f30b30} Out '$PUBX,40,GSV,0,0,0,1,0,0'[25]
2023-05-26T22:36:31.046335643Z "cesium" <NOTE> [2407] {76f30b30} Out '$PUBX,40,VTG,0,0,0,1,0,0'[25]
2023-05-26T22:36:31.046720964Z "cesium" <NOTE> [2407] {76f30b30} Fix Acquired 0s NMEA RMC
2023-05-26T22:36:31.046771747Z "cesium" <NOTE> [2407] {76f30b30} Time Valid
2023-05-26T22:36:31.046865238Z "cesium" <NOTE> [2407] {76f30b30} Out '\xb5\x62\x06\0\0\0'[19]
2023-05-26T22:36:31.048209747Z "cesium" <NOTE> [2407] {76f30b30} Out '\xb5\x62\x06\x01\x03\0\x01\x20\x01'[35]
2023-05-26T22:36:31.048478087Z "cesium" <NOTE> [2407] {76f30b30} Out '\xb5\x62\x06\x01\x03\0\x01\x21\x01'[35]
2023-05-26T22:36:31.048734655Z "cesium" <NOTE> [2407] {76f30b30} Out '\xb5\x62\x06\x01\x03\0\x01\x22\x01'[35]
2023-05-26T22:36:31.048994244Z "cesium" <NOTE> [2407] {76f30b30} Out '\xb5\x62\x06\x01\x03\0\x0d\x01\x01'[35]
2023-05-26T22:36:31.049244562Z "cesium" <NOTE> [2407] {76f30b30} Out '\xb5\x62\x06\x01\x03\0\x0d\x03\x01'[35]
2023-05-26T22:36:31.049491599Z "cesium" <NOTE> [2407] {76f30b30} Out '\xb5\x62\x06\x01\x03\0\x0a\x09\x01'[35]
2023-05-26T22:36:31.049757854Z "cesium" <NOTE> [2407] {76f30b30} Out '\xb5\x62\x06\x01\x03\0\x01\x03\x01'[35]
2023-05-26T22:36:31.049975984Z "cesium" <NOTE> [2407] {76f30b30} Out '\xb5\x62\x06\x39\x08\0\xf7\x56\xb1\x96\x1e\x63\0\0'[51]
2023-05-26T22:36:31.050574539Z "cesium" <WARN> [2407] {76f30b30} app/gpstool/main.c@2660: "$GLGSV,3,3,10,87,18,316,22,,,,42*50\x0d\x0a"[37]: "Argument list too long" (7)
2023-05-26T22:36:31.050736470Z "cesium" <NOTE> [2407] {76f30b30} Out '\xb5\x62\x0a\x04\0\0'[21]
2023-05-26T22:36:31.051063769Z "cesium" <NOTE> [2407] {76f30b30} Out '\xb5\x62\x06\x06\0\0'[21]
2023-05-26T22:36:31.052350620Z "cesium" <NOTE> [2407] {76f30b30} Out '\xb5\x62\x06\x31\0\0'[21]
2023-05-26T22:36:31.052534218Z "cesium" <NOTE> [2407] {76f30b30} Out '\xb5\x62\x06\x3e\0\0'[21]
2023-05-26T22:36:31.052637033Z "cesium" <NOTE> [2407] {76f30b30} Ready
2023-05-26T22:36:31.053070844Z "cesium" <NOTE> [2407] {76f30b30} Received UBX UBX-ACK-ACK 0x06 0x01 (0)
2023-05-26T22:36:31.053175430Z "cesium" <NOTE> [2407] {76f30b30} Received UBX UBX-ACK-ACK 0x06 0x01 (0)
2023-05-26T22:36:31.053281526Z "cesium" <NOTE> [2407] {76f30b30} Received UBX UBX-ACK-ACK 0x06 0x01 (0)
2023-05-26T22:36:31.053386789Z "cesium" <NOTE> [2407] {76f30b30} Received UBX UBX-ACK-ACK 0x06 0x01 (0)
2023-05-26T22:36:31.053492052Z "cesium" <NOTE> [2407] {76f30b30} Received UBX UBX-ACK-ACK 0x06 0x01 (0)
2023-05-26T22:36:31.053597575Z "cesium" <NOTE> [2407] {76f30b30} Received UBX UBX-ACK-ACK 0x06 0x01 (0)
2023-05-26T22:36:31.053702317Z "cesium" <NOTE> [2407] {76f30b30} Received UBX UBX-ACK-ACK 0x06 0x01 (0)
2023-05-26T22:36:31.053804350Z "cesium" <NOTE> [2407] {76f30b30} Received UBX UBX-ACK-ACK 0x06 0x39 (0)
2023-05-26T22:36:31.055690433Z "cesium" <NOTE> [2407] {76f30b30} Received UBX UBX-ACK-ACK 0x06 0x06 (0)
2023-05-26T22:36:31.057181508Z "cesium" <NOTE> [2407] {76f30b30} Received UBX UBX-ACK-ACK 0x06 0x31 (0)
2023-05-26T22:36:31.057557454Z "cesium" <NOTE> [2407] {76f30b30} Received UBX UBX-ACK-ACK 0x06 0x3e (0)
2023-05-26T22:36:32.051801330Z "cesium" <WARN> [2407] {76f30b30} app/gpstool/main.c@2660: "$GLGSV,3,3,10,87,18,316,22,,,,41*53\x0d\x0a"[37]: "Argument list too long" (7)
2023-05-26T22:36:33.050562482Z "cesium" <WARN> [2407] {76f30b30} app/gpstool/main.c@2660: "$GLGSV,3,3,10,87,18,316,22,,,,41*53\x0d\x0a"[37]: "Argument list too long" (7)
2023-05-26T22:36:34.053079946Z "cesium" <WARN> [2407] {76f30b30} app/gpstool/main.c@2660: "$GLGSV,3,3,10,87,18,316,24,,,,41*55\x0d\x0a"[37]: "Argument list too long" (7)
