2020-06-03T14:57:09.344237Z "gypsum" <INFO> [7238] {b7cd5700} Begin
2020-06-03T14:57:09.344758Z "gypsum" <INFO> [7238] {b7cd5700} Locale "en_US.utf8"
2020-06-03T14:57:09.344810Z "gypsum" <INFO> [7238] {b7cd5700} Processing
2020-06-03T14:57:09.346727Z "gypsum" <INFO> [7238] {b7cd5700} Device (3) "/dev/tumbleweed" rw "tumbleweed" 230400 8N1 local
2020-06-03T14:57:09.347096Z "gypsum" <INFO> [7238] {b7cd5700} Buffer (3) [8192] [8192]
2020-06-03T14:57:09.347544Z "gypsum" <INFO> [7238] {b7cd5700} Start
2020-06-03T14:57:10.059073Z "gypsum" <NOTE> [7238] {b7cd5700} Sync UBX 0x000000000000002c
2020-06-03T14:57:10.060935Z "gypsum" <NOTE> [7238] {b7cd5700} Time 2020-06-03 14:57:10Z
2020-06-03T14:57:10.073076Z "gypsum" <INFO> [7238] {b7cd5700} Parse UBX ACK 0x06 0x8a (1)
2020-06-03T14:57:11.071993Z "gypsum" <INFO> [7238] {b7cd5700} Parse UBX ACK 0x06 0x8a (1)
2020-06-03T14:57:12.072038Z "gypsum" <INFO> [7238] {b7cd5700} Parse UBX ACK 0x06 0x8a (1)
2020-06-03T14:57:13.073126Z "gypsum" <INFO> [7238] {b7cd5700} Parse UBX ACK 0x06 0x8a (1)
2020-06-03T14:57:14.065125Z "gypsum" <INFO> [7238] {b7cd5700} Parse UBX ACK 0x06 0x8a (1)
2020-06-03T14:57:15.072212Z "gypsum" <INFO> [7238] {b7cd5700} Parse UBX ACK 0x06 0x8a (1)
2020-06-03T14:57:16.072358Z "gypsum" <INFO> [7238] {b7cd5700} Parse UBX ACK 0x06 0x8a (1)
2020-06-03T14:57:17.071387Z "gypsum" <INFO> [7238] {b7cd5700} Parse UBX ACK 0x06 0x8a (1)
2020-06-03T14:57:18.032229Z "gypsum" <INFO> [7238] {b7cd5700} SIGHUP
2020-06-03T14:57:18.072254Z "gypsum" <INFO> [7238] {b7cd5700} Parse UBX ACK 0x06 0x01 (1)
2020-06-03T14:57:19.058116Z "gypsum" <NOTE> [7238] {b7cd5700} Ready
2020-06-03T15:14:36.596298Z "gypsum" <NOTE> [7238] {b7cd5700} SIGINT
2020-06-03T15:14:36.596487Z "gypsum" <INFO> [7238] {b7cd5700} Stop
2020-06-03T15:14:36.596613Z "gypsum" <INFO> [7238] {b7cd5700} Counters Remote=0 Surveyor=0 Keepalive=0 OutOfOrder=0 Missing=0
