2020-06-10T15:13:04.381613Z "gypsum" <INFO> [1991] {b7ccd700} Begin
2020-06-10T15:13:04.382154Z "gypsum" <INFO> [1991] {b7ccd700} Locale "en_US.utf8"
2020-06-10T15:13:04.382208Z "gypsum" <INFO> [1991] {b7ccd700} Processing
2020-06-10T15:13:04.384401Z "gypsum" <INFO> [1991] {b7ccd700} Device (3) "/dev/ttyACM0" rw "ttyACM0" 9600 8N1 local
2020-06-10T15:13:04.385370Z "gypsum" <INFO> [1991] {b7ccd700} Buffer (3) [8192] [8192]
2020-06-10T15:13:04.385893Z "gypsum" <INFO> [1991] {b7ccd700} Start
2020-06-10T15:13:05.263458Z "gypsum" <NOTE> [1991] {b7ccd700} Sync NMEA 0x000000000000002f
2020-06-10T15:13:05.264020Z "gypsum" <INFO> [1991] {b7ccd700} Parse NMEA TXT "$GNTXT,01,01,02,u-blox AG - www.u-blox.com*4E"
2020-06-10T15:13:05.264848Z "gypsum" <INFO> [1991] {b7ccd700} Parse NMEA TXT "$GNTXT,01,01,02,EXT CORE 3.01 (16559b)*60"
2020-06-10T15:13:05.266321Z "gypsum" <INFO> [1991] {b7ccd700} Parse NMEA TXT "$GNTXT,01,01,02,FWVER=UDR 1.00*42"
2020-06-10T15:13:05.266704Z "gypsum" <INFO> [1991] {b7ccd700} Parse NMEA TXT "$GNTXT,01,01,02,MOD=NEO-M8U-0*7C"
2020-06-10T15:13:05.268715Z "gypsum" <INFO> [1991] {b7ccd700} Parse NMEA TXT "$GNTXT,01,01,02,GPS;GLO;GAL;BDS*77"
2020-06-10T15:13:05.269583Z "gypsum" <INFO> [1991] {b7ccd700} Parse NMEA TXT "$GNTXT,01,01,02,SBAS;IMES;QZSS*49"
2020-06-10T15:13:05.270451Z "gypsum" <INFO> [1991] {b7ccd700} Parse NMEA TXT "$GNTXT,01,01,02,GNSS OTP=GPS;GLO*37"
2020-06-10T15:13:05.271445Z "gypsum" <INFO> [1991] {b7ccd700} Parse NMEA TXT "$GNTXT,01,01,02,LLC=FFFFFFFF-FFFFFFFF-FFFFFFFF-4FFFFBFE-FFFFFF49*55"
2020-06-10T15:13:05.271621Z "gypsum" <INFO> [1991] {b7ccd700} Parse NMEA TXT "$GNTXT,01,01,02,ANTSUPERV=AC *00"
2020-06-10T15:13:05.272543Z "gypsum" <INFO> [1991] {b7ccd700} Parse NMEA TXT "$GNTXT,01,01,02,ANTSTATUS=OK*25"
2020-06-10T15:13:05.273397Z "gypsum" <INFO> [1991] {b7ccd700} Parse NMEA TXT "$GNTXT,01,01,02,PF=3BF*4F"
2020-06-10T15:13:05.274376Z "gypsum" <INFO> [1991] {b7ccd700} Parse UBX ACK 0x06 0x00 (1)
2020-06-10T15:13:05.386531Z "gypsum" <INFO> [1991] {b7ccd700} Parse UBX ACK 0x06 0x01 (1)
2020-06-10T15:13:05.390399Z "gypsum" <INFO> [1991] {b7ccd700} Parse UBX ACK 0x06 0x01 (1)
2020-06-10T15:13:05.394554Z "gypsum" <INFO> [1991] {b7ccd700} Parse UBX ACK 0x06 0x01 (1)
2020-06-10T15:13:05.396574Z "gypsum" <INFO> [1991] {b7ccd700} Parse UBX ACK 0x06 0x01 (1)
2020-06-10T15:13:05.402514Z "gypsum" <INFO> [1991] {b7ccd700} Parse UBX ACK 0x06 0x01 (1)
2020-06-10T15:13:06.373007Z "gypsum" <NOTE> [1991] {b7ccd700} Time 2020-06-10 15:13:05Z
2020-06-10T15:13:06.377824Z "gypsum" <INFO> [1991] {b7ccd700} Parse UBX ACK 0x06 0x01 (1)
2020-06-10T15:13:06.380556Z "gypsum" <INFO> [1991] {b7ccd700} Parse UBX ACK 0x06 0x01 (1)
2020-06-10T15:13:07.264560Z "gypsum" <NOTE> [1991] {b7ccd700} Signal UBX MON jamming 0 indicator 8
2020-06-10T15:13:07.266324Z "gypsum" <INFO> [1991] {b7ccd700} Parse UBX ACK 0x06 0x01 (1)
2020-06-10T15:13:07.395674Z "gypsum" <INFO> [1991] {b7ccd700} Parse UBX ACK 0x06 0x01 (1)
2020-06-10T15:13:07.398880Z "gypsum" <INFO> [1991] {b7ccd700} Parse UBX ACK 0x06 0x01 (1)
2020-06-10T15:13:07.404663Z "gypsum" <INFO> [1991] {b7ccd700} Parse UBX ACK 0x06 0x39 (1)
2020-06-10T15:13:08.264423Z "gypsum" <NOTE> [1991] {b7ccd700} Signal UBX NAV spoofing 1
2020-06-10T15:13:08.266737Z "gypsum" <INFO> [1991] {b7ccd700} Parse UBX MON VER SW "EXT CORE 3.01 (16559b)"
2020-06-10T15:13:08.266820Z "gypsum" <INFO> [1991] {b7ccd700} Parse UBX MON VER HW "00080000"
2020-06-10T15:13:08.266885Z "gypsum" <INFO> [1991] {b7ccd700} Parse UBX MON VER EX "ROM BASE 2.01 (75331)"
2020-06-10T15:13:08.266947Z "gypsum" <INFO> [1991] {b7ccd700} Parse UBX MON VER EX "FWVER=UDR 1.00"
2020-06-10T15:13:08.267009Z "gypsum" <INFO> [1991] {b7ccd700} Parse UBX MON VER EX "PROTVER=19.00"
2020-06-10T15:13:08.267070Z "gypsum" <INFO> [1991] {b7ccd700} Parse UBX MON VER EX "MOD=NEO-M8U-0"
2020-06-10T15:13:08.267131Z "gypsum" <INFO> [1991] {b7ccd700} Parse UBX MON VER EX "FIS=0xEF4015 (84524)"
2020-06-10T15:13:08.267193Z "gypsum" <INFO> [1991] {b7ccd700} Parse UBX MON VER EX "GPS;GLO;GAL;BDS"
2020-06-10T15:13:08.267254Z "gypsum" <INFO> [1991] {b7ccd700} Parse UBX MON VER EX "SBAS;IMES;QZSS"
2020-06-10T15:13:09.265269Z "gypsum" <NOTE> [1991] {b7ccd700} Signal UBX MON jamming 1 indicator 6
HUP? 2020-06-10T15:13:31.529175Z "gypsum" <INFO> [1991] {b7ccd700} SIGHUP
HUP? 2020-06-10T15:14:14.264703Z "gypsum" <NOTE> [1991] {b7ccd700} Signal UBX MON jamming 2 indicator 20
2020-06-10T15:14:15.264768Z "gypsum" <NOTE> [1991] {b7ccd700} Signal UBX MON jamming 1 indicator 24
2020-06-10T15:14:24.263765Z "gypsum" <NOTE> [1991] {b7ccd700} Signal UBX MON jamming 2 indicator 19
2020-06-10T15:14:26.264905Z "gypsum" <NOTE> [1991] {b7ccd700} Signal UBX MON jamming 1 indicator 24
2020-06-10T15:14:47.264401Z "gypsum" <NOTE> [1991] {b7ccd700} Signal UBX MON jamming 2 indicator 24
2020-06-10T15:14:48.264608Z "gypsum" <NOTE> [1991] {b7ccd700} Signal UBX MON jamming 1 indicator 27
2020-06-10T15:14:49.265200Z "gypsum" <NOTE> [1991] {b7ccd700} Signal UBX MON jamming 2 indicator 28
2020-06-10T15:14:51.264535Z "gypsum" <NOTE> [1991] {b7ccd700} Signal UBX MON jamming 1 indicator 27
2020-06-10T15:14:52.264598Z "gypsum" <NOTE> [1991] {b7ccd700} Signal UBX MON jamming 2 indicator 27
2020-06-10T15:14:54.264593Z "gypsum" <NOTE> [1991] {b7ccd700} Signal UBX MON jamming 1 indicator 28
2020-06-10T15:14:57.264628Z "gypsum" <NOTE> [1991] {b7ccd700} Signal UBX MON jamming 2 indicator 28
2020-06-10T15:14:58.264682Z "gypsum" <NOTE> [1991] {b7ccd700} Signal UBX MON jamming 1 indicator 26
2020-06-10T15:15:09.264902Z "gypsum" <NOTE> [1991] {b7ccd700} Signal UBX MON jamming 2 indicator 26
2020-06-10T15:15:12.263823Z "gypsum" <NOTE> [1991] {b7ccd700} Signal UBX MON jamming 1 indicator 28
2020-06-10T15:15:13.263883Z "gypsum" <NOTE> [1991] {b7ccd700} Signal UBX MON jamming 2 indicator 28
2020-06-10T15:15:14.263875Z "gypsum" <NOTE> [1991] {b7ccd700} Signal UBX MON jamming 1 indicator 29
2020-06-10T15:15:26.039364Z "gypsum" <INFO> [1991] {b7ccd700} SIGHUP
HUP? 2020-06-10T15:15:28.264410Z "gypsum" <NOTE> [1991] {b7ccd700} Signal UBX MON jamming 2 indicator 27
2020-06-10T15:15:29.264358Z "gypsum" <NOTE> [1991] {b7ccd700} Signal UBX MON jamming 1 indicator 25
2020-06-10T15:15:30.264377Z "gypsum" <NOTE> [1991] {b7ccd700} Signal UBX MON jamming 2 indicator 25
2020-06-10T15:15:32.264494Z "gypsum" <NOTE> [1991] {b7ccd700} Signal UBX MON jamming 1 indicator 34
2020-06-10T15:15:33.264435Z "gypsum" <NOTE> [1991] {b7ccd700} Signal UBX MON jamming 2 indicator 32
2020-06-10T15:15:35.264498Z "gypsum" <NOTE> [1991] {b7ccd700} Signal UBX MON jamming 1 indicator 30
2020-06-10T15:15:39.265369Z "gypsum" <NOTE> [1991] {b7ccd700} Signal UBX MON jamming 2 indicator 31
2020-06-10T15:15:40.264625Z "gypsum" <NOTE> [1991] {b7ccd700} Signal UBX MON jamming 1 indicator 30
2020-06-10T15:15:50.264807Z "gypsum" <NOTE> [1991] {b7ccd700} Signal UBX MON jamming 2 indicator 31
2020-06-10T15:15:51.265694Z "gypsum" <NOTE> [1991] {b7ccd700} Signal UBX MON jamming 1 indicator 27
2020-06-10T15:15:53.264985Z "gypsum" <NOTE> [1991] {b7ccd700} Signal UBX MON jamming 2 indicator 31
2020-06-10T15:15:55.263764Z "gypsum" <NOTE> [1991] {b7ccd700} Signal UBX MON jamming 1 indicator 31
2020-06-10T15:16:01.263964Z "gypsum" <NOTE> [1991] {b7ccd700} Signal UBX MON jamming 2 indicator 32
2020-06-10T15:16:05.265002Z "gypsum" <NOTE> [1991] {b7ccd700} Signal UBX MON jamming 1 indicator 32
2020-06-10T15:16:06.264009Z "gypsum" <NOTE> [1991] {b7ccd700} Signal UBX MON jamming 2 indicator 31
2020-06-10T15:16:07.264045Z "gypsum" <NOTE> [1991] {b7ccd700} Signal UBX MON jamming 1 indicator 29
2020-06-10T15:16:09.264075Z "gypsum" <NOTE> [1991] {b7ccd700} Signal UBX MON jamming 2 indicator 32
2020-06-10T15:16:10.264094Z "gypsum" <NOTE> [1991] {b7ccd700} Signal UBX MON jamming 1 indicator 31
2020-06-10T15:16:15.264430Z "gypsum" <NOTE> [1991] {b7ccd700} Signal UBX MON jamming 2 indicator 30
2020-06-10T15:16:17.264437Z "gypsum" <NOTE> [1991] {b7ccd700} Signal UBX MON jamming 1 indicator 30
2020-06-10T15:16:18.264480Z "gypsum" <NOTE> [1991] {b7ccd700} Signal UBX MON jamming 2 indicator 32
2020-06-10T15:16:21.264531Z "gypsum" <NOTE> [1991] {b7ccd700} Signal UBX MON jamming 1 indicator 33
2020-06-10T15:16:22.265362Z "gypsum" <NOTE> [1991] {b7ccd700} Signal UBX MON jamming 2 indicator 31
2020-06-10T15:16:24.265201Z "gypsum" <NOTE> [1991] {b7ccd700} Signal UBX MON jamming 1 indicator 33
2020-06-10T15:16:25.264554Z "gypsum" <NOTE> [1991] {b7ccd700} Signal UBX MON jamming 2 indicator 33
2020-06-10T15:16:29.264673Z "gypsum" <NOTE> [1991] {b7ccd700} Signal UBX MON jamming 1 indicator 28
2020-06-10T15:16:30.264706Z "gypsum" <NOTE> [1991] {b7ccd700} Signal UBX MON jamming 2 indicator 32
2020-06-10T15:16:31.264755Z "gypsum" <NOTE> [1991] {b7ccd700} Signal UBX MON jamming 1 indicator 32
2020-06-10T15:16:32.264740Z "gypsum" <NOTE> [1991] {b7ccd700} Signal UBX MON jamming 2 indicator 31
2020-06-10T15:16:36.264791Z "gypsum" <NOTE> [1991] {b7ccd700} Signal UBX MON jamming 1 indicator 30
2020-06-10T15:16:38.263780Z "gypsum" <NOTE> [1991] {b7ccd700} Signal UBX MON jamming 2 indicator 31
2020-06-10T15:16:40.263792Z "gypsum" <NOTE> [1991] {b7ccd700} Signal UBX MON jamming 1 indicator 34
2020-06-10T15:16:42.263793Z "gypsum" <NOTE> [1991] {b7ccd700} Signal UBX MON jamming 2 indicator 30
2020-06-10T15:16:44.263846Z "gypsum" <NOTE> [1991] {b7ccd700} Signal UBX MON jamming 1 indicator 32
2020-06-10T15:16:45.263893Z "gypsum" <NOTE> [1991] {b7ccd700} Signal UBX MON jamming 2 indicator 32
2020-06-10T15:16:46.263841Z "gypsum" <NOTE> [1991] {b7ccd700} Signal UBX MON jamming 1 indicator 30
2020-06-10T15:16:47.263910Z "gypsum" <NOTE> [1991] {b7ccd700} Signal UBX MON jamming 2 indicator 32
2020-06-10T15:16:48.263933Z "gypsum" <NOTE> [1991] {b7ccd700} Signal UBX MON jamming 1 indicator 30
2020-06-10T15:16:49.264971Z "gypsum" <NOTE> [1991] {b7ccd700} Signal UBX MON jamming 2 indicator 29
2020-06-10T15:16:50.263975Z "gypsum" <NOTE> [1991] {b7ccd700} Signal UBX MON jamming 1 indicator 32
2020-06-10T15:16:51.265150Z "gypsum" <NOTE> [1991] {b7ccd700} Signal UBX MON jamming 2 indicator 31
2020-06-10T15:17:02.264420Z "gypsum" <NOTE> [1991] {b7ccd700} Signal UBX MON jamming 1 indicator 33
2020-06-10T15:17:04.264550Z "gypsum" <NOTE> [1991] {b7ccd700} Signal UBX MON jamming 2 indicator 30
2020-06-10T15:17:05.265316Z "gypsum" <NOTE> [1991] {b7ccd700} Signal UBX MON jamming 1 indicator 31
2020-06-10T15:17:07.264558Z "gypsum" <NOTE> [1991] {b7ccd700} Signal UBX MON jamming 2 indicator 28
2020-06-10T15:17:17.264767Z "gypsum" <NOTE> [1991] {b7ccd700} Signal UBX MON jamming 1 indicator 35
2020-06-10T15:17:19.263600Z "gypsum" <NOTE> [1991] {b7ccd700} Signal UBX MON jamming 2 indicator 28
2020-06-10T15:17:22.263688Z "gypsum" <NOTE> [1991] {b7ccd700} Signal UBX MON jamming 1 indicator 35
2020-06-10T15:17:24.264924Z "gypsum" <NOTE> [1991] {b7ccd700} Signal UBX MON jamming 2 indicator 36
2020-06-10T15:17:24.584000Z "gypsum" <INFO> [1991] {b7ccd700} SIGHUP
HUP? 2020-06-10T15:17:25.264930Z "gypsum" <NOTE> [1991] {b7ccd700} Signal UBX MON jamming 1 indicator 28
2020-06-10T15:17:26.264947Z "gypsum" <NOTE> [1991] {b7ccd700} Signal UBX MON jamming 2 indicator 33
2020-06-10T15:17:27.263739Z "gypsum" <NOTE> [1991] {b7ccd700} Signal UBX MON jamming 1 indicator 32
2020-06-10T15:17:28.263829Z "gypsum" <NOTE> [1991] {b7ccd700} Signal UBX MON jamming 2 indicator 33
2020-06-10T15:17:30.263834Z "gypsum" <NOTE> [1991] {b7ccd700} Signal UBX MON jamming 1 indicator 31
2020-06-10T15:17:34.263897Z "gypsum" <NOTE> [1991] {b7ccd700} Signal UBX MON jamming 2 indicator 31
2020-06-10T15:17:35.264934Z "gypsum" <NOTE> [1991] {b7ccd700} Signal UBX MON jamming 1 indicator 27
2020-06-10T15:17:37.265036Z "gypsum" <NOTE> [1991] {b7ccd700} Signal UBX MON jamming 2 indicator 31
2020-06-10T15:17:43.264097Z "gypsum" <NOTE> [1991] {b7ccd700} Signal UBX MON jamming 1 indicator 31
2020-06-10T15:17:44.265177Z "gypsum" <NOTE> [1991] {b7ccd700} Signal UBX MON jamming 2 indicator 28
2020-06-10T15:17:50.264541Z "gypsum" <NOTE> [1991] {b7ccd700} Signal UBX MON jamming 1 indicator 33
2020-06-10T15:17:51.264484Z "gypsum" <NOTE> [1991] {b7ccd700} Signal UBX MON jamming 2 indicator 32
2020-06-10T15:17:55.264547Z "gypsum" <NOTE> [1991] {b7ccd700} Signal UBX MON jamming 1 indicator 29
2020-06-10T15:17:56.264658Z "gypsum" <NOTE> [1991] {b7ccd700} Signal UBX MON jamming 2 indicator 33
2020-06-10T15:17:58.388845Z "gypsum" <WARN> [1991] {b7ccd700} Sync Lost 0x000000000004f4f2 0x35 '5'
2020-06-10T15:17:58.389835Z "gypsum" <NOTE> [1991] {b7ccd700} Sync NMEA 0x000000000004f53d
2020-06-10T15:18:03.264981Z "gypsum" <NOTE> [1991] {b7ccd700} Signal UBX MON jamming 1 indicator 32
2020-06-10T15:18:04.264773Z "gypsum" <NOTE> [1991] {b7ccd700} Signal UBX MON jamming 2 indicator 33
2020-06-10T15:18:08.263675Z "gypsum" <NOTE> [1991] {b7ccd700} Signal UBX MON jamming 1 indicator 32
2020-06-10T15:18:09.263776Z "gypsum" <NOTE> [1991] {b7ccd700} Signal UBX MON jamming 2 indicator 31
2020-06-10T15:18:10.263738Z "gypsum" <NOTE> [1991] {b7ccd700} Signal UBX MON jamming 1 indicator 30
2020-06-10T15:18:11.263703Z "gypsum" <NOTE> [1991] {b7ccd700} Signal UBX MON jamming 2 indicator 31
2020-06-10T15:18:12.263802Z "gypsum" <NOTE> [1991] {b7ccd700} Signal UBX MON jamming 1 indicator 32
2020-06-10T15:18:13.263788Z "gypsum" <NOTE> [1991] {b7ccd700} Signal UBX MON jamming 2 indicator 31
2020-06-10T15:18:14.263831Z "gypsum" <NOTE> [1991] {b7ccd700} Signal UBX MON jamming 1 indicator 31
2020-06-10T15:18:16.265015Z "gypsum" <NOTE> [1991] {b7ccd700} Signal UBX MON jamming 2 indicator 32
2020-06-10T15:18:40.244812Z "gypsum" <INFO> [1991] {b7ccd700} SIGHUP
HUP? 2020-06-10T15:18:48.265725Z "gypsum" <NOTE> [1991] {b7ccd700} Signal UBX MON jamming 1 indicator 38
2020-06-10T15:18:50.264846Z "gypsum" <NOTE> [1991] {b7ccd700} Signal UBX MON jamming 2 indicator 34
2020-06-10T15:19:10.265127Z "gypsum" <NOTE> [1991] {b7ccd700} Signal UBX MON jamming 1 indicator 37
2020-06-10T15:19:13.264105Z "gypsum" <NOTE> [1991] {b7ccd700} Signal UBX MON jamming 2 indicator 35
2020-06-10T15:19:24.265438Z "gypsum" <NOTE> [1991] {b7ccd700} Signal UBX MON jamming 1 indicator 16
2020-06-10T15:19:25.265330Z "gypsum" <NOTE> [1991] {b7ccd700} Signal UBX MON jamming 2 indicator 15
2020-06-10T15:19:40.913766Z "gypsum" <INFO> [1991] {b7ccd700} SIGHUP
HUP? 2020-06-10T15:19:48.265991Z "gypsum" <NOTE> [1991] {b7ccd700} Signal UBX MON jamming 1 indicator 36
2020-06-10T15:19:49.264946Z "gypsum" <NOTE> [1991] {b7ccd700} Signal UBX MON jamming 2 indicator 32
2020-06-10T15:20:58.267430Z "gypsum" <NOTE> [1991] {b7ccd700} Signal UBX MON jamming 1 indicator 35
2020-06-10T15:21:00.265549Z "gypsum" <NOTE> [1991] {b7ccd700} Signal UBX MON jamming 2 indicator 35
2020-06-10T15:21:06.269690Z "gypsum" <NOTE> [1991] {b7ccd700} Signal UBX MON jamming 1 indicator 33
2020-06-10T15:21:07.268768Z "gypsum" <NOTE> [1991] {b7ccd700} Signal UBX MON jamming 2 indicator 30
2020-06-10T15:21:09.269694Z "gypsum" <NOTE> [1991] {b7ccd700} Signal UBX MON jamming 1 indicator 34
2020-06-10T15:21:10.265727Z "gypsum" <NOTE> [1991] {b7ccd700} Signal UBX MON jamming 2 indicator 31
2020-06-10T15:21:21.477349Z "gypsum" <WARN> [1991] {b7ccd700} Sync Lost 0x0000000000086007 0x37 '7'
2020-06-10T15:21:21.478359Z "gypsum" <NOTE> [1991] {b7ccd700} Sync NMEA 0x0000000000086052
2020-06-10T15:21:24.306676Z "gypsum" <INFO> [1991] {b7ccd700} SIGHUP
HUP? 2020-06-10T15:21:35.267249Z "gypsum" <NOTE> [1991] {b7ccd700} Signal UBX MON jamming 1 indicator 36
2020-06-10T15:21:36.264435Z "gypsum" <NOTE> [1991] {b7ccd700} Signal UBX MON jamming 2 indicator 34
2020-06-10T15:21:45.265133Z "gypsum" <NOTE> [1991] {b7ccd700} Signal UBX MON jamming 1 indicator 27
2020-06-10T15:21:53.266427Z "gypsum" <NOTE> [1991] {b7ccd700} Signal UBX MON jamming 2 indicator 38
2020-06-10T15:21:55.241302Z "gypsum" <INFO> [1991] {b7ccd700} SIGHUP
HUP? 2020-06-10T15:21:58.461127Z "gypsum" <WARN> [1991] {b7ccd700} Sync Lost 0x000000000008fd8c 0x33 '3'
2020-06-10T15:21:58.462177Z "gypsum" <NOTE> [1991] {b7ccd700} Sync NMEA 0x000000000008fdd7
2020-06-10T15:23:21.264699Z "gypsum" <NOTE> [1991] {b7ccd700} Signal UBX MON jamming 1 indicator 38
2020-06-10T15:23:22.264839Z "gypsum" <NOTE> [1991] {b7ccd700} Signal UBX MON jamming 2 indicator 43
2020-06-10T15:23:28.267888Z "gypsum" <NOTE> [1991] {b7ccd700} Signal UBX MON jamming 1 indicator 30
2020-06-10T15:23:30.271732Z "gypsum" <NOTE> [1991] {b7ccd700} Signal UBX MON jamming 2 indicator 32
2020-06-10T15:24:11.928358Z "gypsum" <INFO> [1991] {b7ccd700} SIGHUP
HUP? 2020-06-10T15:24:27.264996Z "gypsum" <NOTE> [1991] {b7ccd700} Signal UBX MON jamming 1 indicator 35
2020-06-10T15:24:28.267064Z "gypsum" <NOTE> [1991] {b7ccd700} Signal UBX MON jamming 2 indicator 31
2020-06-10T15:24:29.267153Z "gypsum" <NOTE> [1991] {b7ccd700} Signal UBX MON jamming 1 indicator 34
2020-06-10T15:24:30.270217Z "gypsum" <NOTE> [1991] {b7ccd700} Signal UBX MON jamming 2 indicator 32
2020-06-10T15:24:34.267229Z "gypsum" <NOTE> [1991] {b7ccd700} Signal UBX MON jamming 1 indicator 30
2020-06-10T15:24:36.269244Z "gypsum" <NOTE> [1991] {b7ccd700} Signal UBX MON jamming 2 indicator 33
2020-06-10T15:24:39.264493Z "gypsum" <NOTE> [1991] {b7ccd700} Signal UBX MON jamming 1 indicator 33
2020-06-10T15:24:40.264468Z "gypsum" <NOTE> [1991] {b7ccd700} Signal UBX MON jamming 2 indicator 36
2020-06-10T15:24:51.264735Z "gypsum" <NOTE> [1991] {b7ccd700} Signal UBX MON jamming 1 indicator 34
2020-06-10T15:24:52.269597Z "gypsum" <NOTE> [1991] {b7ccd700} Signal UBX MON jamming 2 indicator 33
2020-06-10T15:25:05.265030Z "gypsum" <NOTE> [1991] {b7ccd700} Signal UBX MON jamming 1 indicator 35
2020-06-10T15:25:06.266931Z "gypsum" <NOTE> [1991] {b7ccd700} Signal UBX MON jamming 2 indicator 34
2020-06-10T15:25:21.267242Z "gypsum" <NOTE> [1991] {b7ccd700} Signal UBX MON jamming 1 indicator 33
2020-06-10T15:25:22.267206Z "gypsum" <NOTE> [1991] {b7ccd700} Signal UBX MON jamming 2 indicator 31
2020-06-10T15:25:24.264537Z "gypsum" <NOTE> [1991] {b7ccd700} Signal UBX MON jamming 1 indicator 32
2020-06-10T15:25:27.266313Z "gypsum" <NOTE> [1991] {b7ccd700} Signal UBX MON jamming 2 indicator 32
2020-06-10T15:25:28.264686Z "gypsum" <NOTE> [1991] {b7ccd700} Signal UBX MON jamming 1 indicator 33
2020-06-10T15:25:29.264583Z "gypsum" <NOTE> [1991] {b7ccd700} Signal UBX MON jamming 2 indicator 34
2020-06-10T15:25:36.264623Z "gypsum" <NOTE> [1991] {b7ccd700} Signal UBX MON jamming 1 indicator 31
2020-06-10T15:25:38.266551Z "gypsum" <NOTE> [1991] {b7ccd700} Signal UBX MON jamming 2 indicator 31
2020-06-10T15:25:43.264831Z "gypsum" <NOTE> [1991] {b7ccd700} Signal UBX MON jamming 1 indicator 35
2020-06-10T15:25:44.269813Z "gypsum" <NOTE> [1991] {b7ccd700} Signal UBX MON jamming 2 indicator 35
2020-06-10T15:26:00.102124Z "gypsum" <INFO> [1991] {b7ccd700} SIGHUP
HUP? 2020-06-10T15:26:01.265174Z "gypsum" <NOTE> [1991] {b7ccd700} Signal UBX MON jamming 1 indicator 29
2020-06-10T15:26:02.266138Z "gypsum" <NOTE> [1991] {b7ccd700} Signal UBX MON jamming 2 indicator 33
2020-06-10T15:26:06.268517Z "gypsum" <NOTE> [1991] {b7ccd700} Signal UBX MON jamming 1 indicator 31
2020-06-10T15:26:08.271263Z "gypsum" <NOTE> [1991] {b7ccd700} Signal UBX MON jamming 2 indicator 34
2020-06-10T15:26:23.265604Z "gypsum" <NOTE> [1991] {b7ccd700} Signal UBX MON jamming 1 indicator 31
2020-06-10T15:26:24.264763Z "gypsum" <NOTE> [1991] {b7ccd700} Signal UBX MON jamming 2 indicator 33
2020-06-10T15:26:25.684403Z "gypsum" <INFO> [1991] {b7ccd700} SIGHUP
HUP? 2020-06-10T15:26:27.266815Z "gypsum" <NOTE> [1991] {b7ccd700} Signal UBX MON jamming 1 indicator 31
2020-06-10T15:26:28.264850Z "gypsum" <NOTE> [1991] {b7ccd700} Signal UBX MON jamming 2 indicator 32
2020-06-10T15:26:29.266761Z "gypsum" <NOTE> [1991] {b7ccd700} Signal UBX MON jamming 1 indicator 32
2020-06-10T15:26:30.266773Z "gypsum" <NOTE> [1991] {b7ccd700} Signal UBX MON jamming 2 indicator 31
2020-06-10T15:26:32.271823Z "gypsum" <NOTE> [1991] {b7ccd700} Signal UBX MON jamming 1 indicator 30
2020-06-10T15:26:34.264851Z "gypsum" <NOTE> [1991] {b7ccd700} Signal UBX MON jamming 2 indicator 31
2020-06-10T15:26:37.266943Z "gypsum" <NOTE> [1991] {b7ccd700} Signal UBX MON jamming 1 indicator 35
2020-06-10T15:26:38.265882Z "gypsum" <NOTE> [1991] {b7ccd700} Signal UBX MON jamming 2 indicator 34
2020-06-10T15:26:43.264999Z "gypsum" <NOTE> [1991] {b7ccd700} Signal UBX MON jamming 1 indicator 30
2020-06-10T15:26:48.267157Z "gypsum" <NOTE> [1991] {b7ccd700} Signal UBX MON jamming 2 indicator 32
2020-06-10T15:26:54.265235Z "gypsum" <NOTE> [1991] {b7ccd700} Signal UBX MON jamming 1 indicator 30
2020-06-10T15:26:55.265374Z "gypsum" <NOTE> [1991] {b7ccd700} Signal UBX MON jamming 2 indicator 32
2020-06-10T15:27:11.269642Z "gypsum" <NOTE> [1991] {b7ccd700} Signal UBX MON jamming 1 indicator 31
2020-06-10T15:27:25.268994Z "gypsum" <NOTE> [1991] {b7ccd700} Signal UBX MON jamming 2 indicator 33
2020-06-10T15:27:27.265770Z "gypsum" <NOTE> [1991] {b7ccd700} Signal UBX MON jamming 1 indicator 32
2020-06-10T15:27:28.269080Z "gypsum" <NOTE> [1991] {b7ccd700} Signal UBX MON jamming 2 indicator 32
2020-06-10T15:27:35.265157Z "gypsum" <NOTE> [1991] {b7ccd700} Signal UBX MON jamming 1 indicator 32
2020-06-10T15:27:38.267317Z "gypsum" <NOTE> [1991] {b7ccd700} Signal UBX MON jamming 2 indicator 32
2020-06-10T15:27:40.272505Z "gypsum" <NOTE> [1991] {b7ccd700} Signal UBX MON jamming 1 indicator 29
2020-06-10T15:27:42.270496Z "gypsum" <NOTE> [1991] {b7ccd700} Signal UBX MON jamming 2 indicator 31
2020-06-10T15:27:43.272550Z "gypsum" <NOTE> [1991] {b7ccd700} Signal UBX MON jamming 1 indicator 30
2020-06-10T15:27:44.265393Z "gypsum" <NOTE> [1991] {b7ccd700} Signal UBX MON jamming 2 indicator 31
2020-06-10T15:27:45.269403Z "gypsum" <NOTE> [1991] {b7ccd700} Signal UBX MON jamming 1 indicator 27
2020-06-10T15:28:00.270747Z "gypsum" <NOTE> [1991] {b7ccd700} Signal UBX MON jamming 2 indicator 25
2020-06-10T15:28:01.268928Z "gypsum" <NOTE> [1991] {b7ccd700} Signal UBX MON jamming 1 indicator 27
2020-06-10T15:28:07.264888Z "gypsum" <NOTE> [1991] {b7ccd700} Signal UBX MON jamming 2 indicator 40
2020-06-10T15:28:09.268948Z "gypsum" <NOTE> [1991] {b7ccd700} Signal UBX MON jamming 1 indicator 32
2020-06-10T15:28:11.266027Z "gypsum" <NOTE> [1991] {b7ccd700} Signal UBX MON jamming 2 indicator 32
2020-06-10T15:28:14.267997Z "gypsum" <NOTE> [1991] {b7ccd700} Signal UBX MON jamming 1 indicator 35
2020-06-10T15:28:15.271005Z "gypsum" <NOTE> [1991] {b7ccd700} Signal UBX MON jamming 2 indicator 38
2020-06-10T15:28:19.270105Z "gypsum" <NOTE> [1991] {b7ccd700} Signal UBX MON jamming 1 indicator 35
2020-06-10T15:28:20.266174Z "gypsum" <NOTE> [1991] {b7ccd700} Signal UBX MON jamming 2 indicator 34
2020-06-10T15:28:21.268356Z "gypsum" <NOTE> [1991] {b7ccd700} Signal UBX MON jamming 1 indicator 36
2020-06-10T15:28:22.265238Z "gypsum" <NOTE> [1991] {b7ccd700} Signal UBX MON jamming 2 indicator 34
2020-06-10T15:28:23.270338Z "gypsum" <NOTE> [1991] {b7ccd700} Signal UBX MON jamming 1 indicator 28
2020-06-10T15:28:26.270253Z "gypsum" <NOTE> [1991] {b7ccd700} Signal UBX MON jamming 2 indicator 33
2020-06-10T15:28:28.270510Z "gypsum" <NOTE> [1991] {b7ccd700} Signal UBX MON jamming 1 indicator 34
2020-06-10T15:28:29.272494Z "gypsum" <NOTE> [1991] {b7ccd700} Signal UBX MON jamming 2 indicator 40
2020-06-10T15:28:32.268665Z "gypsum" <NOTE> [1991] {b7ccd700} Signal UBX MON jamming 1 indicator 34
2020-06-10T15:28:34.265437Z "gypsum" <NOTE> [1991] {b7ccd700} Signal UBX MON jamming 2 indicator 30
2020-06-10T15:28:35.265516Z "gypsum" <NOTE> [1991] {b7ccd700} Signal UBX MON jamming 1 indicator 26
2020-06-10T15:28:38.744042Z "gypsum" <INFO> [1991] {b7ccd700} SIGHUP
HUP? 2020-06-10T15:28:40.266649Z "gypsum" <NOTE> [1991] {b7ccd700} Signal UBX MON jamming 2 indicator 29
2020-06-10T15:28:41.267656Z "gypsum" <NOTE> [1991] {b7ccd700} Signal UBX MON jamming 1 indicator 28
2020-06-10T15:28:43.267681Z "gypsum" <NOTE> [1991] {b7ccd700} Signal UBX MON jamming 2 indicator 30
2020-06-10T15:28:44.264908Z "gypsum" <NOTE> [1991] {b7ccd700} Signal UBX MON jamming 1 indicator 27
2020-06-10T15:28:46.272926Z "gypsum" <NOTE> [1991] {b7ccd700} Signal UBX MON jamming 2 indicator 37
2020-06-10T15:28:49.269830Z "gypsum" <NOTE> [1991] {b7ccd700} Signal UBX MON jamming 1 indicator 17
2020-06-10T15:28:50.272908Z "gypsum" <NOTE> [1991] {b7ccd700} Signal UBX MON jamming 2 indicator 29
2020-06-10T15:28:51.265815Z "gypsum" <NOTE> [1991] {b7ccd700} Signal UBX MON jamming 1 indicator 36
2020-06-10T15:28:52.273023Z "gypsum" <NOTE> [1991] {b7ccd700} Signal UBX MON jamming 2 indicator 37
2020-06-10T15:28:53.273055Z "gypsum" <NOTE> [1991] {b7ccd700} Signal UBX MON jamming 1 indicator 37
2020-06-10T15:28:54.265932Z "gypsum" <NOTE> [1991] {b7ccd700} Signal UBX MON jamming 2 indicator 34
2020-06-10T15:28:57.266997Z "gypsum" <NOTE> [1991] {b7ccd700} Signal UBX MON jamming 1 indicator 37
2020-06-10T15:29:09.268432Z "gypsum" <NOTE> [1991] {b7ccd700} Signal UBX MON jamming 2 indicator 24
2020-06-10T15:29:10.271282Z "gypsum" <NOTE> [1991] {b7ccd700} Signal UBX MON jamming 1 indicator 25
2020-06-10T15:29:15.268587Z "gypsum" <NOTE> [1991] {b7ccd700} Signal UBX MON jamming 2 indicator 30
2020-06-10T15:29:16.272599Z "gypsum" <NOTE> [1991] {b7ccd700} Signal UBX MON jamming 1 indicator 36
2020-06-10T15:29:17.272662Z "gypsum" <NOTE> [1991] {b7ccd700} Signal UBX MON jamming 2 indicator 38
2020-06-10T15:29:19.270447Z "gypsum" <NOTE> [1991] {b7ccd700} Signal UBX MON jamming 1 indicator 38
2020-06-10T15:29:21.267470Z "gypsum" <NOTE> [1991] {b7ccd700} Signal UBX MON jamming 2 indicator 28
2020-06-10T15:29:23.265462Z "gypsum" <NOTE> [1991] {b7ccd700} Signal UBX MON jamming 1 indicator 39
2020-06-10T15:29:25.265598Z "gypsum" <NOTE> [1991] {b7ccd700} Signal UBX MON jamming 2 indicator 25
2020-06-10T15:29:26.268762Z "gypsum" <NOTE> [1991] {b7ccd700} Signal UBX MON jamming 1 indicator 25
2020-06-10T15:29:45.264957Z "gypsum" <NOTE> [1991] {b7ccd700} Signal UBX MON jamming 2 indicator 39
2020-06-10T15:29:46.269078Z "gypsum" <NOTE> [1991] {b7ccd700} Signal UBX MON jamming 1 indicator 39
2020-06-10T15:29:46.575695Z "gypsum" <INFO> [1991] {b7ccd700} SIGHUP
HUP? 2020-06-10T15:29:47.265034Z "gypsum" <NOTE> [1991] {b7ccd700} Signal UBX MON jamming 2 indicator 38
2020-06-10T15:29:49.267201Z "gypsum" <NOTE> [1991] {b7ccd700} Signal UBX MON jamming 1 indicator 40
2020-06-10T15:29:50.266264Z "gypsum" <NOTE> [1991] {b7ccd700} Signal UBX MON jamming 2 indicator 40
2020-06-10T15:31:18.266115Z "gypsum" <NOTE> [1991] {b7ccd700} Signal UBX MON jamming 1 indicator 34
2020-06-10T15:31:19.269077Z "gypsum" <NOTE> [1991] {b7ccd700} Signal UBX MON jamming 2 indicator 33
2020-06-10T15:32:36.450178Z "gypsum" <WARN> [1991] {b7ccd700} Sync Lost 0x000000000013a478 0x32 '2'
2020-06-10T15:32:36.450387Z "gypsum" <NOTE> [1991] {b7ccd700} Sync NMEA 0x000000000013a4ad
2020-06-10T15:34:02.265732Z "gypsum" <NOTE> [1991] {b7ccd700} Signal UBX MON jamming 1 indicator 31
2020-06-10T15:34:03.268855Z "gypsum" <NOTE> [1991] {b7ccd700} Signal UBX MON jamming 2 indicator 35
2020-06-10T15:34:07.265776Z "gypsum" <NOTE> [1991] {b7ccd700} Signal UBX MON jamming 1 indicator 28
2020-06-10T15:34:08.266840Z "gypsum" <NOTE> [1991] {b7ccd700} Signal UBX MON jamming 2 indicator 32
2020-06-10T15:34:09.266858Z "gypsum" <NOTE> [1991] {b7ccd700} Signal UBX MON jamming 1 indicator 28
2020-06-10T15:34:10.265891Z "gypsum" <NOTE> [1991] {b7ccd700} Signal UBX MON jamming 2 indicator 34
2020-06-10T15:34:12.269949Z "gypsum" <NOTE> [1991] {b7ccd700} Signal UBX MON jamming 1 indicator 28
2020-06-10T15:34:14.266002Z "gypsum" <NOTE> [1991] {b7ccd700} Signal UBX MON jamming 2 indicator 31
2020-06-10T15:34:16.916002Z "gypsum" <INFO> [1991] {b7ccd700} SIGHUP
HUP? 2020-06-10T15:34:18.266124Z "gypsum" <NOTE> [1991] {b7ccd700} Signal UBX MON jamming 1 indicator 33
2020-06-10T15:34:19.267108Z "gypsum" <NOTE> [1991] {b7ccd700} Signal UBX MON jamming 2 indicator 33
2020-06-10T15:34:26.267226Z "gypsum" <NOTE> [1991] {b7ccd700} Signal UBX MON jamming 1 indicator 32
2020-06-10T15:34:27.267214Z "gypsum" <NOTE> [1991] {b7ccd700} Signal UBX MON jamming 2 indicator 31
2020-06-10T15:34:30.268674Z "gypsum" <NOTE> [1991] {b7ccd700} Signal UBX MON jamming 1 indicator 27
2020-06-10T15:34:37.266483Z "gypsum" <NOTE> [1991] {b7ccd700} Signal UBX MON jamming 2 indicator 26
2020-06-10T15:34:38.265529Z "gypsum" <NOTE> [1991] {b7ccd700} Signal UBX MON jamming 1 indicator 16
2020-06-10T15:34:40.265653Z "gypsum" <NOTE> [1991] {b7ccd700} Signal UBX MON jamming 2 indicator 39
2020-06-10T15:34:41.270568Z "gypsum" <NOTE> [1991] {b7ccd700} Signal UBX MON jamming 1 indicator 28
2020-06-10T15:34:50.266629Z "gypsum" <NOTE> [1991] {b7ccd700} Signal UBX MON jamming 2 indicator 38
2020-06-10T15:34:54.266835Z "gypsum" <NOTE> [1991] {b7ccd700} Signal UBX MON jamming 1 indicator 37
2020-06-10T15:34:57.265944Z "gypsum" <NOTE> [1991] {b7ccd700} Signal UBX MON jamming 2 indicator 36
2020-06-10T15:34:59.233686Z "gypsum" <INFO> [1991] {b7ccd700} SIGHUP
HUP? 2020-06-10T15:35:09.266175Z "gypsum" <NOTE> [1991] {b7ccd700} Signal UBX MON jamming 1 indicator 30
2020-06-10T15:35:11.270177Z "gypsum" <NOTE> [1991] {b7ccd700} Signal UBX MON jamming 2 indicator 26
2020-06-10T15:35:12.266259Z "gypsum" <NOTE> [1991] {b7ccd700} Signal UBX MON jamming 1 indicator 32
2020-06-10T15:35:19.266433Z "gypsum" <NOTE> [1991] {b7ccd700} Signal UBX MON jamming 2 indicator 34
2020-06-10T15:35:21.266546Z "gypsum" <NOTE> [1991] {b7ccd700} Signal UBX MON jamming 1 indicator 30
2020-06-10T15:35:22.267633Z "gypsum" <NOTE> [1991] {b7ccd700} Signal UBX MON jamming 2 indicator 30
2020-06-10T15:35:36.266742Z "gypsum" <NOTE> [1991] {b7ccd700} Signal UBX MON jamming 1 indicator 35
2020-06-10T15:35:37.265973Z "gypsum" <NOTE> [1991] {b7ccd700} Signal UBX MON jamming 2 indicator 32
2020-06-10T15:35:50.266104Z "gypsum" <NOTE> [1991] {b7ccd700} Signal UBX MON jamming 1 indicator 33
2020-06-10T15:35:51.269067Z "gypsum" <NOTE> [1991] {b7ccd700} Signal UBX MON jamming 2 indicator 31
2020-06-10T15:35:53.267158Z "gypsum" <NOTE> [1991] {b7ccd700} Signal UBX MON jamming 1 indicator 32
2020-06-10T15:35:54.267070Z "gypsum" <NOTE> [1991] {b7ccd700} Signal UBX MON jamming 2 indicator 33
2020-06-10T15:36:45.266372Z "gypsum" <NOTE> [1991] {b7ccd700} Signal UBX MON jamming 1 indicator 17
2020-06-10T15:36:47.271303Z "gypsum" <NOTE> [1991] {b7ccd700} Signal UBX MON jamming 2 indicator 33
2020-06-10T15:37:22.270118Z "gypsum" <NOTE> [1991] {b7ccd700} Signal UBX MON jamming 1 indicator 31
2020-06-10T15:37:23.266099Z "gypsum" <NOTE> [1991] {b7ccd700} Signal UBX MON jamming 2 indicator 37
2020-06-10T15:37:26.266202Z "gypsum" <NOTE> [1991] {b7ccd700} Signal UBX MON jamming 1 indicator 40
2020-06-10T15:37:27.269281Z "gypsum" <NOTE> [1991] {b7ccd700} Signal UBX MON jamming 2 indicator 37
2020-06-10T15:37:37.266448Z "gypsum" <NOTE> [1991] {b7ccd700} Signal UBX MON jamming 1 indicator 30
2020-06-10T15:37:38.267466Z "gypsum" <NOTE> [1991] {b7ccd700} Signal UBX MON jamming 2 indicator 38
2020-06-10T15:37:41.178032Z "gypsum" <INFO> [1991] {b7ccd700} SIGHUP
HUP? 2020-06-10T15:37:59.265935Z "gypsum" <NOTE> [1991] {b7ccd700} Signal UBX MON jamming 1 indicator 28
2020-06-10T15:38:00.265969Z "gypsum" <NOTE> [1991] {b7ccd700} Signal UBX MON jamming 2 indicator 33
2020-06-10T15:38:01.273058Z "gypsum" <NOTE> [1991] {b7ccd700} Signal UBX MON jamming 1 indicator 29
2020-06-10T15:38:03.267117Z "gypsum" <NOTE> [1991] {b7ccd700} Signal UBX MON jamming 2 indicator 37
2020-06-10T15:38:05.266086Z "gypsum" <NOTE> [1991] {b7ccd700} Signal UBX MON jamming 1 indicator 27
2020-06-10T15:38:09.266147Z "gypsum" <NOTE> [1991] {b7ccd700} Signal UBX MON jamming 2 indicator 37
2020-06-10T15:38:10.267193Z "gypsum" <NOTE> [1991] {b7ccd700} Signal UBX MON jamming 1 indicator 27
2020-06-10T15:38:16.266309Z "gypsum" <NOTE> [1991] {b7ccd700} Signal UBX MON jamming 2 indicator 28
2020-06-10T15:38:18.267370Z "gypsum" <NOTE> [1991] {b7ccd700} Signal UBX MON jamming 1 indicator 31
2020-06-10T15:38:19.267326Z "gypsum" <NOTE> [1991] {b7ccd700} Signal UBX MON jamming 2 indicator 29
2020-06-10T15:38:21.266423Z "gypsum" <NOTE> [1991] {b7ccd700} Signal UBX MON jamming 1 indicator 37
2020-06-10T15:38:25.269470Z "gypsum" <NOTE> [1991] {b7ccd700} Signal UBX MON jamming 2 indicator 30
2020-06-10T15:38:26.271535Z "gypsum" <NOTE> [1991] {b7ccd700} Signal UBX MON jamming 1 indicator 30
2020-06-10T15:38:27.266815Z "gypsum" <NOTE> [1991] {b7ccd700} Signal UBX MON jamming 2 indicator 29
2020-06-10T15:38:28.266610Z "gypsum" <NOTE> [1991] {b7ccd700} Signal UBX MON jamming 1 indicator 32
2020-06-10T15:38:30.266623Z "gypsum" <NOTE> [1991] {b7ccd700} Signal UBX MON jamming 2 indicator 28
2020-06-10T15:38:31.266575Z "gypsum" <NOTE> [1991] {b7ccd700} Signal UBX MON jamming 1 indicator 26
2020-06-10T15:38:33.269713Z "gypsum" <NOTE> [1991] {b7ccd700} Signal UBX MON jamming 2 indicator 26
2020-06-10T15:38:34.268851Z "gypsum" <NOTE> [1991] {b7ccd700} Signal UBX MON jamming 1 indicator 29
2020-06-10T15:38:35.268873Z "gypsum" <NOTE> [1991] {b7ccd700} Signal UBX MON jamming 2 indicator 36
2020-06-10T15:38:36.268891Z "gypsum" <NOTE> [1991] {b7ccd700} Signal UBX MON jamming 1 indicator 26
2020-06-10T15:38:37.562074Z "gypsum" <INFO> [1991] {b7ccd700} SIGHUP
HUP? 2020-06-10T15:38:39.268910Z "gypsum" <NOTE> [1991] {b7ccd700} Signal UBX MON jamming 2 indicator 37
2020-06-10T15:38:41.268848Z "gypsum" <NOTE> [1991] {b7ccd700} Signal UBX MON jamming 1 indicator 39
2020-06-10T15:38:50.269066Z "gypsum" <NOTE> [1991] {b7ccd700} Signal UBX MON jamming 2 indicator 34
2020-06-10T15:38:52.268050Z "gypsum" <NOTE> [1991] {b7ccd700} Signal UBX MON jamming 1 indicator 29
2020-06-10T15:38:53.269212Z "gypsum" <NOTE> [1991] {b7ccd700} Signal UBX MON jamming 2 indicator 31
2020-06-10T15:38:54.267156Z "gypsum" <NOTE> [1991] {b7ccd700} Signal UBX MON jamming 1 indicator 26
2020-06-10T15:38:59.268496Z "gypsum" <NOTE> [1991] {b7ccd700} Signal UBX MON jamming 2 indicator 31
2020-06-10T15:39:00.269231Z "gypsum" <NOTE> [1991] {b7ccd700} Signal UBX MON jamming 1 indicator 24
2020-06-10T15:39:01.269252Z "gypsum" <NOTE> [1991] {b7ccd700} Signal UBX MON jamming 2 indicator 24
2020-06-10T15:39:02.268494Z "gypsum" <NOTE> [1991] {b7ccd700} Signal UBX MON jamming 1 indicator 33
2020-06-10T15:39:05.267392Z "gypsum" <NOTE> [1991] {b7ccd700} Signal UBX MON jamming 2 indicator 32
2020-06-10T15:39:06.273413Z "gypsum" <NOTE> [1991] {b7ccd700} Signal UBX MON jamming 1 indicator 31
2020-06-10T15:39:14.268728Z "gypsum" <NOTE> [1991] {b7ccd700} Signal UBX MON jamming 2 indicator 34
2020-06-10T15:39:15.267539Z "gypsum" <NOTE> [1991] {b7ccd700} Signal UBX MON jamming 1 indicator 29
2020-06-10T15:39:19.267649Z "gypsum" <NOTE> [1991] {b7ccd700} Signal UBX MON jamming 2 indicator 28
2020-06-10T15:39:20.268953Z "gypsum" <NOTE> [1991] {b7ccd700} Signal UBX MON jamming 1 indicator 27
2020-06-10T15:39:25.266847Z "gypsum" <NOTE> [1991] {b7ccd700} Signal UBX MON jamming 2 indicator 30
2020-06-10T15:39:28.269844Z "gypsum" <NOTE> [1991] {b7ccd700} Signal UBX MON jamming 1 indicator 33
2020-06-10T15:39:29.267986Z "gypsum" <NOTE> [1991] {b7ccd700} Signal UBX MON jamming 2 indicator 31
2020-06-10T15:39:30.267939Z "gypsum" <NOTE> [1991] {b7ccd700} Signal UBX MON jamming 1 indicator 29
2020-06-10T15:39:34.268039Z "gypsum" <NOTE> [1991] {b7ccd700} Signal UBX MON jamming 2 indicator 36
2020-06-10T15:39:36.268015Z "gypsum" <NOTE> [1991] {b7ccd700} Signal UBX MON jamming 1 indicator 29
2020-06-10T15:39:38.267129Z "gypsum" <NOTE> [1991] {b7ccd700} Signal UBX MON jamming 2 indicator 30
2020-06-10T15:39:39.268133Z "gypsum" <NOTE> [1991] {b7ccd700} Signal UBX MON jamming 1 indicator 28
2020-06-10T15:39:40.269172Z "gypsum" <NOTE> [1991] {b7ccd700} Signal UBX MON jamming 2 indicator 31
2020-06-10T15:39:41.270200Z "gypsum" <NOTE> [1991] {b7ccd700} Signal UBX MON jamming 1 indicator 32
2020-06-10T15:39:43.271201Z "gypsum" <NOTE> [1991] {b7ccd700} Signal UBX MON jamming 2 indicator 28
2020-06-10T15:39:44.268621Z "gypsum" <NOTE> [1991] {b7ccd700} Signal UBX MON jamming 1 indicator 33
2020-06-10T15:39:46.271308Z "gypsum" <NOTE> [1991] {b7ccd700} Signal UBX MON jamming 2 indicator 35
2020-06-10T15:39:47.268525Z "gypsum" <NOTE> [1991] {b7ccd700} Signal UBX MON jamming 1 indicator 29
2020-06-10T15:39:48.268489Z "gypsum" <NOTE> [1991] {b7ccd700} Signal UBX MON jamming 2 indicator 34
2020-06-10T15:39:50.268643Z "gypsum" <NOTE> [1991] {b7ccd700} Signal UBX MON jamming 1 indicator 26
2020-06-10T15:39:51.271352Z "gypsum" <NOTE> [1991] {b7ccd700} Signal UBX MON jamming 2 indicator 34
2020-06-10T15:39:52.268557Z "gypsum" <NOTE> [1991] {b7ccd700} Signal UBX MON jamming 1 indicator 29
2020-06-10T15:39:56.267590Z "gypsum" <NOTE> [1991] {b7ccd700} Signal UBX MON jamming 2 indicator 34
2020-06-10T15:39:59.268754Z "gypsum" <NOTE> [1991] {b7ccd700} Signal UBX MON jamming 1 indicator 36
2020-06-10T15:40:00.267542Z "gypsum" <NOTE> [1991] {b7ccd700} Signal UBX MON jamming 2 indicator 41
2020-06-10T15:40:04.270781Z "gypsum" <NOTE> [1991] {b7ccd700} Signal UBX MON jamming 1 indicator 34
2020-06-10T15:40:05.267721Z "gypsum" <NOTE> [1991] {b7ccd700} Signal UBX MON jamming 2 indicator 38
2020-06-10T15:40:19.270117Z "gypsum" <NOTE> [1991] {b7ccd700} Signal UBX MON jamming 1 indicator 31
2020-06-10T15:40:24.268133Z "gypsum" <NOTE> [1991] {b7ccd700} Signal UBX MON jamming 2 indicator 32
2020-06-10T15:40:25.755435Z "gypsum" <INFO> [1991] {b7ccd700} SIGHUP
HUP? 2020-06-10T15:40:28.270217Z "gypsum" <NOTE> [1991] {b7ccd700} Signal UBX MON jamming 1 indicator 32
2020-06-10T15:40:29.270388Z "gypsum" <NOTE> [1991] {b7ccd700} Signal UBX MON jamming 2 indicator 32
2020-06-10T15:40:31.268432Z "gypsum" <NOTE> [1991] {b7ccd700} Signal UBX MON jamming 1 indicator 32
2020-06-10T15:40:32.269294Z "gypsum" <NOTE> [1991] {b7ccd700} Signal UBX MON jamming 2 indicator 30
2020-06-10T15:40:33.271329Z "gypsum" <NOTE> [1991] {b7ccd700} Signal UBX MON jamming 1 indicator 33
2020-06-10T15:40:35.267281Z "gypsum" <NOTE> [1991] {b7ccd700} Signal UBX MON jamming 2 indicator 7
2020-06-10T15:40:36.267337Z "gypsum" <NOTE> [1991] {b7ccd700} Signal UBX MON jamming 1 indicator 5
2020-06-10T15:40:42.429832Z "gypsum" <INFO> [1991] {b7ccd700} SIGHUP
HUP? 2020-06-10T15:40:45.390936Z "gypsum" <NOTE> [1991] {b7ccd700} SIGINT
2020-06-10T15:40:45.391115Z "gypsum" <INFO> [1991] {b7ccd700} Stop
2020-06-10T15:40:45.391207Z "gypsum" <INFO> [1991] {b7ccd700} Counters Remote=0 Surveyor=0 Keepalive=0 OutOfOrder=0 Missing=0
