2020-05-19T12:46:55.979164Z "cadmium" <INFO> [11279] {7faf64792740} Begin
2020-05-19T12:46:55.979296Z "cadmium" <INFO> [11279] {7faf64792740} Locale "en_US.utf8"
2020-05-19T12:46:55.979307Z "cadmium" <INFO> [11279] {7faf64792740} Processing
2020-05-19T12:46:55.979530Z "cadmium" <INFO> [11279] {7faf64792740} Device (3) "/dev/tumbleweed" rw "tumbleweed" 230400 8N1 local
2020-05-19T12:46:55.979819Z "cadmium" <INFO> [11279] {7faf64792740} Buffer (3) [8192] [8192]
2020-05-19T12:46:55.979910Z "cadmium" <INFO> [11279] {7faf64792740} Start
2020-05-19T12:46:56.389499Z "cadmium" <NOTE> [11279] {7faf64792740} Sync NMEA 0x0000000000000015
2020-05-19T12:46:56.395900Z "cadmium" <INFO> [11279] {7faf64792740} Parse UBX ACK 0x06 0x8a (1)
2020-05-19T12:46:57.396340Z "cadmium" <INFO> [11279] {7faf64792740} Parse UBX ACK 0x06 0x8a (1)
2020-05-19T12:46:58.396779Z "cadmium" <INFO> [11279] {7faf64792740} Parse UBX ACK 0x06 0x8a (1)
2020-05-19T12:46:59.391915Z "cadmium" <INFO> [11279] {7faf64792740} Parse UBX ACK 0x06 0x8a (1)
2020-05-19T12:47:00.391987Z "cadmium" <INFO> [11279] {7faf64792740} Parse UBX ACK 0x06 0x8a (1)
2020-05-19T12:47:01.392053Z "cadmium" <INFO> [11279] {7faf64792740} Parse UBX ACK 0x06 0x8a (1)
2020-05-19T12:47:02.391950Z "cadmium" <INFO> [11279] {7faf64792740} Parse UBX ACK 0x06 0x8a (1)
2020-05-19T12:47:03.456804Z "cadmium" <INFO> [11279] {7faf64792740} Parse UBX ACK 0x06 0x8a (1)
2020-05-19T12:47:04.392159Z "cadmium" <INFO> [11279] {7faf64792740} Parse UBX ACK 0x06 0x01 (1)
2020-05-19T12:47:05.389680Z "cadmium" <NOTE> [11279] {7faf64792740} Ready
2020-05-19T12:48:31.586856Z "cadmium" <INFO> [11279] {7faf64792740} SIGHUP
2020-05-19T12:57:00.027474Z "cadmium" <WARN> [11279] {7faf64792740} Sync Lost 0x000000000004f1fa 0x0d
2020-05-19T12:57:00.027517Z "cadmium" <NOTE> [11279] {7faf64792740} Sync NMEA 0x000000000004f225
2020-05-19T12:57:06.028328Z "cadmium" <WARN> [11279] {7faf64792740} Sync Lost 0x000000000005079c 0x31 '1'
2020-05-19T12:57:06.028407Z "cadmium" <NOTE> [11279] {7faf64792740} Sync NMEA 0x00000000000507e1
2020-05-19T12:57:09.027276Z "cadmium" <WARN> [11279] {7faf64792740} Sync Lost 0x00000000000511c7 0x0d
2020-05-19T12:57:09.027327Z "cadmium" <NOTE> [11279] {7faf64792740} Sync NMEA 0x00000000000511f2
2020-05-19T12:57:18.028059Z "cadmium" <WARN> [11279] {7faf64792740} Sync Lost 0x0000000000053194 0x31 '1'
2020-05-19T12:57:18.028160Z "cadmium" <NOTE> [11279] {7faf64792740} Sync NMEA 0x00000000000531cf
2020-05-19T12:57:20.027764Z "cadmium" <WARN> [11279] {7faf64792740} Sync Lost 0x000000000005397a 0x31 '1'
2020-05-19T12:57:20.027843Z "cadmium" <NOTE> [11279] {7faf64792740} Sync NMEA 0x00000000000539bf
2020-05-19T12:57:21.026986Z "cadmium" <WARN> [11279] {7faf64792740} Sync Lost 0x0000000000053bf1 0x31 '1'
2020-05-19T12:57:21.027046Z "cadmium" <NOTE> [11279] {7faf64792740} Sync NMEA 0x0000000000053c2c
2020-05-19T12:57:30.028396Z "cadmium" <WARN> [11279] {7faf64792740} Sync Lost 0x0000000000055c48 0x31 '1'
2020-05-19T12:57:30.028469Z "cadmium" <NOTE> [11279] {7faf64792740} Sync NMEA 0x0000000000055c83
2020-05-19T12:57:33.027624Z "cadmium" <WARN> [11279] {7faf64792740} Sync Lost 0x0000000000056723 0x31 '1'
2020-05-19T12:57:33.027684Z "cadmium" <NOTE> [11279] {7faf64792740} Sync NMEA 0x0000000000056768
2020-05-19T12:57:36.029122Z "cadmium" <WARN> [11279] {7faf64792740} Sync Lost 0x00000000000571a8 0x31 '1'
2020-05-19T12:57:36.029185Z "cadmium" <NOTE> [11279] {7faf64792740} Sync NMEA 0x00000000000571ed
2020-05-19T12:57:39.027140Z "cadmium" <WARN> [11279] {7faf64792740} Sync Lost 0x0000000000057bc1 0x0d
2020-05-19T12:57:39.027185Z "cadmium" <NOTE> [11279] {7faf64792740} Sync NMEA 0x0000000000057bec
2020-05-19T12:57:57.027130Z "cadmium" <WARN> [11279] {7faf64792740} Sync Lost 0x000000000005bb6f 0x31 '1'
2020-05-19T12:57:57.027181Z "cadmium" <NOTE> [11279] {7faf64792740} Sync NMEA 0x000000000005bba2
2020-05-19T12:58:04.028403Z "cadmium" <WARN> [11279] {7faf64792740} Sync Lost 0x000000000005d524 0x0d
2020-05-19T12:58:04.028475Z "cadmium" <NOTE> [11279] {7faf64792740} Sync NMEA 0x000000000005d54f
2020-05-19T12:58:11.028248Z "cadmium" <WARN> [11279] {7faf64792740} Sync Lost 0x000000000005ee43 0x0d
2020-05-19T12:58:11.028356Z "cadmium" <NOTE> [11279] {7faf64792740} Sync NMEA 0x000000000005ee6e
2020-05-19T12:58:13.027098Z "cadmium" <WARN> [11279] {7faf64792740} Sync Lost 0x000000000005f4b2 0x31 '1'
2020-05-19T12:58:13.027153Z "cadmium" <NOTE> [11279] {7faf64792740} Sync NMEA 0x000000000005f4ed
2020-05-19T12:58:13.027218Z "cadmium" <WARN> [11279] {7faf64792740} Sync Lost 0x000000000005f4ee 0x0d
2020-05-19T12:58:13.027249Z "cadmium" <NOTE> [11279] {7faf64792740} Sync NMEA 0x000000000005f519
2020-05-19T12:58:18.028598Z "cadmium" <WARN> [11279] {7faf64792740} Sync Lost 0x00000000000606ee 0x31 '1'
2020-05-19T12:58:18.028667Z "cadmium" <NOTE> [11279] {7faf64792740} Sync NMEA 0x0000000000060733
2020-05-19T12:58:22.027687Z "cadmium" <WARN> [11279] {7faf64792740} Sync Lost 0x0000000000061442 0x0a
2020-05-19T12:58:22.027749Z "cadmium" <NOTE> [11279] {7faf64792740} Sync NMEA 0x000000000006147d
2020-05-19T12:58:23.026673Z "cadmium" <WARN> [11279] {7faf64792740} Sync Lost 0x000000000006186f 0x31 '1'
2020-05-19T12:58:23.026744Z "cadmium" <NOTE> [11279] {7faf64792740} Sync NMEA 0x00000000000618b4
2020-05-19T12:58:29.028305Z "cadmium" <WARN> [11279] {7faf64792740} Sync Lost 0x0000000000062d06 0x36 '6'
2020-05-19T12:58:29.028369Z "cadmium" <NOTE> [11279] {7faf64792740} Sync NMEA 0x0000000000062d47
2020-05-19T12:58:32.389599Z "cadmium" <INFO> [11279] {7faf64792740} SIGHUP
2020-05-19T12:58:34.028235Z "cadmium" <NOTE> [11279] {7faf64792740} Time 2020-05-19 12:58:34Z
2020-05-19T12:58:36.983146Z "cadmium" <INFO> [11279] {7faf64792740} SIGHUP
2020-05-19T12:58:39.027481Z "cadmium" <WARN> [11279] {7faf64792740} Sync Lost 0x0000000000065639 0x31 '1'
2020-05-19T12:58:39.027545Z "cadmium" <NOTE> [11279] {7faf64792740} Sync NMEA 0x000000000006567e
2020-05-19T12:58:44.027038Z "cadmium" <WARN> [11279] {7faf64792740} Sync Lost 0x0000000000066889 0x56 'V'
2020-05-19T12:58:44.027121Z "cadmium" <NOTE> [11279] {7faf64792740} Sync NMEA 0x00000000000668b1
2020-05-19T12:58:49.028192Z "cadmium" <WARN> [11279] {7faf64792740} Sync Lost 0x0000000000067f5f 0x31 '1'
2020-05-19T12:58:49.028261Z "cadmium" <NOTE> [11279] {7faf64792740} Sync NMEA 0x0000000000067fa4
2020-05-19T12:59:03.027334Z "cadmium" <WARN> [11279] {7faf64792740} Sync Lost 0x000000000006b8a8 0x0d
2020-05-19T12:59:03.027381Z "cadmium" <NOTE> [11279] {7faf64792740} Sync NMEA 0x000000000006b8e9
2020-05-19T12:59:05.027434Z "cadmium" <WARN> [11279] {7faf64792740} Sync Lost 0x000000000006c0c0 0x0d
2020-05-19T12:59:05.027500Z "cadmium" <NOTE> [11279] {7faf64792740} Sync NMEA 0x000000000006c101
2020-05-19T12:59:09.026928Z "cadmium" <WARN> [11279] {7faf64792740} Sync Lost 0x000000000006cf3a 0x56 'V'
2020-05-19T12:59:09.027017Z "cadmium" <NOTE> [11279] {7faf64792740} Sync NMEA 0x000000000006cf62
2020-05-19T12:59:39.028002Z "cadmium" <WARN> [11279] {7faf64792740} Sync Lost 0x0000000000074dea 0x0d
2020-05-19T12:59:39.028108Z "cadmium" <NOTE> [11279] {7faf64792740} Sync NMEA 0x0000000000074e2b
2020-05-19T12:59:40.029638Z "cadmium" <WARN> [11279] {7faf64792740} Sync Lost 0x000000000007525c 0x37 '7'
2020-05-19T12:59:40.029718Z "cadmium" <NOTE> [11279] {7faf64792740} Sync NMEA 0x000000000007529f
2020-05-19T12:59:42.029489Z "cadmium" <WARN> [11279] {7faf64792740} Sync Lost 0x0000000000075a7c 0x37 '7'
2020-05-19T12:59:42.029676Z "cadmium" <NOTE> [11279] {7faf64792740} Sync NMEA 0x0000000000075abf
2020-05-19T12:59:44.026923Z "cadmium" <WARN> [11279] {7faf64792740} Sync Lost 0x000000000007621a 0x0d
2020-05-19T12:59:44.026979Z "cadmium" <NOTE> [11279] {7faf64792740} Sync NMEA 0x000000000007625b
2020-05-19T12:59:48.028628Z "cadmium" <WARN> [11279] {7faf64792740} Sync Lost 0x0000000000077287 0x0d
2020-05-19T12:59:48.028690Z "cadmium" <NOTE> [11279] {7faf64792740} Sync NMEA 0x00000000000772c8
2020-05-19T12:59:48.028919Z "cadmium" <WARN> [11279] {7faf64792740} Sync Lost 0x000000000007734d 0x0d
2020-05-19T12:59:48.028952Z "cadmium" <NOTE> [11279] {7faf64792740} Sync NMEA 0x000000000007738e
2020-05-19T12:59:50.027997Z "cadmium" <WARN> [11279] {7faf64792740} Sync Lost 0x00000000000779db 0x36 '6'
2020-05-19T12:59:50.028052Z "cadmium" <NOTE> [11279] {7faf64792740} Sync NMEA 0x0000000000077a26
2020-05-19T12:59:55.027775Z "cadmium" <WARN> [11279] {7faf64792740} Sync Lost 0x0000000000078f07 0x0d
2020-05-19T12:59:55.027844Z "cadmium" <NOTE> [11279] {7faf64792740} Sync NMEA 0x0000000000078f48
2020-05-19T13:00:15.027009Z "cadmium" <WARN> [11279] {7faf64792740} Sync Lost 0x000000000007e23a 0x37 '7'
2020-05-19T13:00:15.027071Z "cadmium" <NOTE> [11279] {7faf64792740} Sync NMEA 0x000000000007e27d
2020-05-19T13:00:26.028891Z "cadmium" <WARN> [11279] {7faf64792740} Sync Lost 0x0000000000080f76 0x37 '7'
2020-05-19T13:00:26.028961Z "cadmium" <NOTE> [11279] {7faf64792740} Sync NMEA 0x0000000000080fb9
2020-05-19T13:00:35.028115Z "cadmium" <WARN> [11279] {7faf64792740} Sync Lost 0x0000000000083449 0x0d
2020-05-19T13:00:35.028197Z "cadmium" <NOTE> [11279] {7faf64792740} Sync NMEA 0x000000000008348a
2020-05-19T13:00:36.029371Z "cadmium" <WARN> [11279] {7faf64792740} Sync Lost 0x000000000008383b 0x0d
2020-05-19T13:00:36.029813Z "cadmium" <NOTE> [11279] {7faf64792740} Sync NMEA 0x000000000008387c
2020-05-19T13:00:37.027909Z "cadmium" <WARN> [11279] {7faf64792740} Sync Lost 0x0000000000083caf 0x31 '1'
2020-05-19T13:00:37.027974Z "cadmium" <NOTE> [11279] {7faf64792740} Sync NMEA 0x0000000000083cf4
2020-05-19T13:00:41.028784Z "cadmium" <WARN> [11279] {7faf64792740} Sync Lost 0x0000000000084cb5 0x0d
2020-05-19T13:00:41.028859Z "cadmium" <NOTE> [11279] {7faf64792740} Sync NMEA 0x0000000000084cf6
2020-05-19T13:00:49.028199Z "cadmium" <WARN> [11279] {7faf64792740} Sync Lost 0x0000000000086e87 0x31 '1'
2020-05-19T13:00:49.028268Z "cadmium" <NOTE> [11279] {7faf64792740} Sync NMEA 0x0000000000086ecc
2020-05-19T13:00:59.028664Z "cadmium" <WARN> [11279] {7faf64792740} Sync Lost 0x000000000008983b 0x31 '1'
2020-05-19T13:00:59.028735Z "cadmium" <NOTE> [11279] {7faf64792740} Sync NMEA 0x0000000000089880
2020-05-19T13:01:13.026826Z "cadmium" <WARN> [11279] {7faf64792740} Sync Lost 0x000000000008cff6 0x56 'V'
2020-05-19T13:01:13.026911Z "cadmium" <NOTE> [11279] {7faf64792740} Sync NMEA 0x000000000008d01e
2020-05-19T13:01:21.028665Z "cadmium" <WARN> [11279] {7faf64792740} Sync Lost 0x000000000008f3b5 0x31 '1'
2020-05-19T13:01:21.028725Z "cadmium" <NOTE> [11279] {7faf64792740} Sync NMEA 0x000000000008f3fa
2020-05-19T13:01:22.027763Z "cadmium" <WARN> [11279] {7faf64792740} Sync Lost 0x000000000008f525 0x56 'V'
2020-05-19T13:01:22.027830Z "cadmium" <NOTE> [11279] {7faf64792740} Sync NMEA 0x000000000008f54d
2020-05-19T13:01:32.026678Z "cadmium" <WARN> [11279] {7faf64792740} Sync Lost 0x0000000000091e92 0x56 'V'
2020-05-19T13:01:32.026742Z "cadmium" <NOTE> [11279] {7faf64792740} Sync NMEA 0x0000000000091eba
2020-05-19T13:01:36.028991Z "cadmium" <WARN> [11279] {7faf64792740} Sync Lost 0x00000000000930ab 0x0d
2020-05-19T13:01:36.029051Z "cadmium" <NOTE> [11279] {7faf64792740} Sync NMEA 0x00000000000930ec
2020-05-19T13:02:16.029815Z "cadmium" <WARN> [11279] {7faf64792740} Sync Lost 0x000000000009d853 0x0d
2020-05-19T13:02:16.029932Z "cadmium" <NOTE> [11279] {7faf64792740} Sync NMEA 0x000000000009d894
2020-05-19T13:02:28.028928Z "cadmium" <WARN> [11279] {7faf64792740} Sync Lost 0x00000000000a097b 0x0d
2020-05-19T13:02:28.028991Z "cadmium" <NOTE> [11279] {7faf64792740} Sync NMEA 0x00000000000a09bc
2020-05-19T13:02:33.028786Z "cadmium" <WARN> [11279] {7faf64792740} Sync Lost 0x00000000000a1ec9 0x30 '0'
2020-05-19T13:02:33.028843Z "cadmium" <NOTE> [11279] {7faf64792740} Sync NMEA 0x00000000000a1f10
2020-05-19T13:02:49.028520Z "cadmium" <WARN> [11279] {7faf64792740} Sync Lost 0x00000000000a61e9 0x32 '2'
2020-05-19T13:02:49.028609Z "cadmium" <NOTE> [11279] {7faf64792740} Sync NMEA 0x00000000000a6230
2020-05-19T13:02:51.028254Z "cadmium" <WARN> [11279] {7faf64792740} Sync Lost 0x00000000000a6993 0x0d
2020-05-19T13:02:51.028313Z "cadmium" <NOTE> [11279] {7faf64792740} Sync NMEA 0x00000000000a69d4
2020-05-19T13:02:53.027083Z "cadmium" <WARN> [11279] {7faf64792740} Sync Lost 0x00000000000a71bf 0x0d
2020-05-19T13:02:53.027182Z "cadmium" <NOTE> [11279] {7faf64792740} Sync NMEA 0x00000000000a7200
2020-05-19T13:02:56.028709Z "cadmium" <WARN> [11279] {7faf64792740} Sync Lost 0x00000000000a7c23 0x56 'V'
2020-05-19T13:02:56.028783Z "cadmium" <NOTE> [11279] {7faf64792740} Sync NMEA 0x00000000000a7c4b
2020-05-19T13:02:59.028467Z "cadmium" <WARN> [11279] {7faf64792740} Sync Lost 0x00000000000a89f7 0x36 '6'
2020-05-19T13:02:59.028535Z "cadmium" <NOTE> [11279] {7faf64792740} Sync NMEA 0x00000000000a8a42
2020-05-19T13:03:01.028754Z "cadmium" <WARN> [11279] {7faf64792740} Sync Lost 0x00000000000a92af 0x0d
2020-05-19T13:03:01.028824Z "cadmium" <NOTE> [11279] {7faf64792740} Sync NMEA 0x00000000000a92f0
2020-05-19T13:03:03.028778Z "cadmium" <WARN> [11279] {7faf64792740} Sync Lost 0x00000000000a9adb 0x0d
2020-05-19T13:03:03.028859Z "cadmium" <NOTE> [11279] {7faf64792740} Sync NMEA 0x00000000000a9b1c
2020-05-19T13:03:03.029139Z "cadmium" <WARN> [11279] {7faf64792740} Sync Lost 0x00000000000a9ba5 0x0d
2020-05-19T13:03:03.029198Z "cadmium" <NOTE> [11279] {7faf64792740} Sync NMEA 0x00000000000a9be6
2020-05-19T13:03:14.030027Z "cadmium" <WARN> [11279] {7faf64792740} Sync Lost 0x00000000000ac92f 0x39 '9'
2020-05-19T13:03:14.030123Z "cadmium" <NOTE> [11279] {7faf64792740} Sync NMEA 0x00000000000ac976
2020-05-19T13:03:23.029158Z "cadmium" <WARN> [11279] {7faf64792740} Sync Lost 0x00000000000aeec2 0x38 '8'
2020-05-19T13:03:23.029239Z "cadmium" <NOTE> [11279] {7faf64792740} Sync NMEA 0x00000000000aef09
2020-05-19T13:03:35.027483Z "cadmium" <WARN> [11279] {7faf64792740} Sync Lost 0x00000000000b1e92 0x56 'V'
2020-05-19T13:03:35.027951Z "cadmium" <NOTE> [11279] {7faf64792740} Sync NMEA 0x00000000000b1eba
2020-05-19T13:03:38.028983Z "cadmium" <WARN> [11279] {7faf64792740} Sync Lost 0x00000000000b2e42 0x0d
2020-05-19T13:03:38.029328Z "cadmium" <NOTE> [11279] {7faf64792740} Sync NMEA 0x00000000000b2e83
2020-05-19T13:03:39.027979Z "cadmium" <WARN> [11279] {7faf64792740} Sync Lost 0x00000000000b2f30 0x56 'V'
2020-05-19T13:03:39.028029Z "cadmium" <NOTE> [11279] {7faf64792740} Sync NMEA 0x00000000000b2f58
2020-05-19T13:03:39.028397Z "cadmium" <WARN> [11279] {7faf64792740} Sync Lost 0x00000000000b3064 0x36 '6'
2020-05-19T13:03:39.028439Z "cadmium" <NOTE> [11279] {7faf64792740} Sync NMEA 0x00000000000b30ad
2020-05-19T13:03:43.027653Z "cadmium" <WARN> [11279] {7faf64792740} Sync Lost 0x00000000000b4075 0x56 'V'
2020-05-19T13:03:43.027758Z "cadmium" <NOTE> [11279] {7faf64792740} Sync NMEA 0x00000000000b409d
2020-05-19T13:03:54.030760Z "cadmium" <WARN> [11279] {7faf64792740} Sync Lost 0x00000000000b73e1 0x39 '9'
2020-05-19T13:03:54.030862Z "cadmium" <NOTE> [11279] {7faf64792740} Sync NMEA 0x00000000000b7428
2020-05-19T13:03:55.027560Z "cadmium" <WARN> [11279] {7faf64792740} Sync Lost 0x00000000000b7544 0x56 'V'
2020-05-19T13:03:55.027969Z "cadmium" <NOTE> [11279] {7faf64792740} Sync NMEA 0x00000000000b756c
2020-05-19T13:03:59.029601Z "cadmium" <WARN> [11279] {7faf64792740} Sync Lost 0x00000000000b899c 0x39 '9'
2020-05-19T13:03:59.029684Z "cadmium" <NOTE> [11279] {7faf64792740} Sync NMEA 0x00000000000b89e3
2020-05-19T13:04:10.031586Z "cadmium" <WARN> [11279] {7faf64792740} Sync Lost 0x00000000000bbaf6 0x0d
2020-05-19T13:04:10.031646Z "cadmium" <NOTE> [11279] {7faf64792740} Sync NMEA 0x00000000000bbb37
2020-05-19T13:04:15.029102Z "cadmium" <WARN> [11279] {7faf64792740} Sync Lost 0x00000000000bd0f1 0x0d
2020-05-19T13:04:15.029156Z "cadmium" <NOTE> [11279] {7faf64792740} Sync NMEA 0x00000000000bd132
2020-05-19T13:04:18.029341Z "cadmium" <WARN> [11279] {7faf64792740} Sync Lost 0x00000000000bdc3f 0x36 '6'
2020-05-19T13:04:18.029651Z "cadmium" <NOTE> [11279] {7faf64792740} Sync NMEA 0x00000000000bdc88
2020-05-19T13:04:21.028593Z "cadmium" <WARN> [11279] {7faf64792740} Sync Lost 0x00000000000be961 0x36 '6'
2020-05-19T13:04:21.028664Z "cadmium" <NOTE> [11279] {7faf64792740} Sync NMEA 0x00000000000be9aa
2020-05-19T13:04:30.031035Z "cadmium" <WARN> [11279] {7faf64792740} Sync Lost 0x00000000000c11fc 0x0d
2020-05-19T13:04:30.031112Z "cadmium" <NOTE> [11279] {7faf64792740} Sync NMEA 0x00000000000c123f
2020-05-19T13:04:30.031305Z "cadmium" <WARN> [11279] {7faf64792740} Sync Lost 0x00000000000c125f 0x37 '7'
2020-05-19T13:04:30.031342Z "cadmium" <NOTE> [11279] {7faf64792740} Sync NMEA 0x00000000000c12a6
2020-05-19T13:04:46.030964Z "cadmium" <WARN> [11279] {7faf64792740} Sync Lost 0x00000000000c5a3b 0x0d
2020-05-19T13:04:46.031046Z "cadmium" <NOTE> [11279] {7faf64792740} Sync NMEA 0x00000000000c5a7c
2020-05-19T13:04:49.028859Z "cadmium" <WARN> [11279] {7faf64792740} Sync Lost 0x00000000000c658f 0x31 '1'
2020-05-19T13:04:49.028932Z "cadmium" <NOTE> [11279] {7faf64792740} Sync NMEA 0x00000000000c65da
2020-05-19T13:04:49.029615Z "cadmium" <WARN> [11279] {7faf64792740} Sync Lost 0x00000000000c65fc 0x0d
2020-05-19T13:04:49.029670Z "cadmium" <NOTE> [11279] {7faf64792740} Sync NMEA 0x00000000000c663f
2020-05-19T13:04:55.029676Z "cadmium" <WARN> [11279] {7faf64792740} Sync Lost 0x00000000000c8149 0x34 '4'
2020-05-19T13:04:55.029731Z "cadmium" <NOTE> [11279] {7faf64792740} Sync NMEA 0x00000000000c8192
2020-05-19T13:05:13.029209Z "cadmium" <WARN> [11279] {7faf64792740} Sync Lost 0x00000000000cd12f 0x0d
2020-05-19T13:05:13.029294Z "cadmium" <NOTE> [11279] {7faf64792740} Sync NMEA 0x00000000000cd174
2020-05-19T13:05:21.030161Z "cadmium" <WARN> [11279] {7faf64792740} Sync Lost 0x00000000000cf561 0x35 '5'
2020-05-19T13:05:21.030236Z "cadmium" <NOTE> [11279] {7faf64792740} Sync NMEA 0x00000000000cf5ac
2020-05-19T13:05:30.030436Z "cadmium" <WARN> [11279] {7faf64792740} Sync Lost 0x00000000000d1b87 0x31 '1'
2020-05-19T13:05:30.030536Z "cadmium" <NOTE> [11279] {7faf64792740} Sync NMEA 0x00000000000d1bd2
2020-05-19T13:05:32.030657Z "cadmium" <WARN> [11279] {7faf64792740} Sync Lost 0x00000000000d24ec 0x0d
2020-05-19T13:05:32.030692Z "cadmium" <NOTE> [11279] {7faf64792740} Sync NMEA 0x00000000000d2531
2020-05-19T13:05:35.027750Z "cadmium" <WARN> [11279] {7faf64792740} Sync Lost 0x00000000000d3173 0x31 '1'
2020-05-19T13:05:35.027807Z "cadmium" <NOTE> [11279] {7faf64792740} Sync NMEA 0x00000000000d31bc
2020-05-19T13:05:38.031126Z "cadmium" <WARN> [11279] {7faf64792740} Sync Lost 0x00000000000d3fde 0x36 '6'
2020-05-19T13:05:38.031180Z "cadmium" <NOTE> [11279] {7faf64792740} Sync NMEA 0x00000000000d4029
2020-05-19T13:05:40.030431Z "cadmium" <WARN> [11279] {7faf64792740} Sync Lost 0x00000000000d47ae 0x0d
2020-05-19T13:05:40.030516Z "cadmium" <NOTE> [11279] {7faf64792740} Sync NMEA 0x00000000000d47f3
2020-05-19T13:05:45.028955Z "cadmium" <WARN> [11279] {7faf64792740} Sync Lost 0x00000000000d5d25 0x31 '1'
2020-05-19T13:05:45.029010Z "cadmium" <NOTE> [11279] {7faf64792740} Sync NMEA 0x00000000000d5d6e
2020-05-19T13:05:47.029983Z "cadmium" <WARN> [11279] {7faf64792740} Sync Lost 0x00000000000d6729 0x36 '6'
2020-05-19T13:05:47.030068Z "cadmium" <NOTE> [11279] {7faf64792740} Sync NMEA 0x00000000000d6774
2020-05-19T13:05:59.030022Z "cadmium" <WARN> [11279] {7faf64792740} Sync Lost 0x00000000000d9c23 0x38 '8'
2020-05-19T13:05:59.030479Z "cadmium" <NOTE> [11279] {7faf64792740} Sync NMEA 0x00000000000d9c6e
2020-05-19T13:06:24.031130Z "cadmium" <WARN> [11279] {7faf64792740} Sync Lost 0x00000000000e0a9c 0x0d
2020-05-19T13:06:24.031183Z "cadmium" <NOTE> [11279] {7faf64792740} Sync NMEA 0x00000000000e0ae1
2020-05-19T13:06:27.029089Z "cadmium" <WARN> [11279] {7faf64792740} Sync Lost 0x00000000000e1754 0x31 '1'
2020-05-19T13:06:27.029420Z "cadmium" <NOTE> [11279] {7faf64792740} Sync NMEA 0x00000000000e179f
2020-05-19T13:06:42.031792Z "cadmium" <WARN> [11279] {7faf64792740} Sync Lost 0x00000000000e5cb1 0x31 '1'
2020-05-19T13:06:42.031880Z "cadmium" <NOTE> [11279] {7faf64792740} Sync NMEA 0x00000000000e5cfa
2020-05-19T13:06:56.030447Z "cadmium" <WARN> [11279] {7faf64792740} Sync Lost 0x00000000000e9bbd 0x0d
2020-05-19T13:06:56.030517Z "cadmium" <NOTE> [11279] {7faf64792740} Sync NMEA 0x00000000000e9c02
2020-05-19T13:06:59.030017Z "cadmium" <WARN> [11279] {7faf64792740} Sync Lost 0x00000000000ea87b 0x31 '1'
2020-05-19T13:06:59.030071Z "cadmium" <NOTE> [11279] {7faf64792740} Sync NMEA 0x00000000000ea8c6
2020-05-19T13:07:00.029889Z "cadmium" <WARN> [11279] {7faf64792740} Sync Lost 0x00000000000eab57 0x56 'V'
2020-05-19T13:07:00.029961Z "cadmium" <NOTE> [11279] {7faf64792740} Sync NMEA 0x00000000000eab7f
2020-05-19T13:07:13.029871Z "cadmium" <WARN> [11279] {7faf64792740} Sync Lost 0x00000000000ee898 0x0d
2020-05-19T13:07:13.029909Z "cadmium" <NOTE> [11279] {7faf64792740} Sync NMEA 0x00000000000ee8dd
2020-05-19T13:07:14.030220Z "cadmium" <WARN> [11279] {7faf64792740} Sync Lost 0x00000000000eed9a 0x31 '1'
2020-05-19T13:07:14.030303Z "cadmium" <NOTE> [11279] {7faf64792740} Sync NMEA 0x00000000000eede3
2020-05-19T13:07:16.031256Z "cadmium" <WARN> [11279] {7faf64792740} Sync Lost 0x00000000000ef5ce 0x0d
2020-05-19T13:07:16.031370Z "cadmium" <NOTE> [11279] {7faf64792740} Sync NMEA 0x00000000000ef613
2020-05-19T13:07:20.031586Z "cadmium" <WARN> [11279] {7faf64792740} Sync Lost 0x00000000000f07c3 0x0d
2020-05-19T13:07:20.031637Z "cadmium" <NOTE> [11279] {7faf64792740} Sync NMEA 0x00000000000f0808
2020-05-19T13:07:28.030102Z "cadmium" <WARN> [11279] {7faf64792740} Sync Lost 0x00000000000f2b51 0x31 '1'
2020-05-19T13:07:28.030451Z "cadmium" <NOTE> [11279] {7faf64792740} Sync NMEA 0x00000000000f2b9c
2020-05-19T13:07:33.030034Z "cadmium" <WARN> [11279] {7faf64792740} Sync Lost 0x00000000000f4297 0x0d
2020-05-19T13:07:33.030098Z "cadmium" <NOTE> [11279] {7faf64792740} Sync NMEA 0x00000000000f42dc
2020-05-19T13:07:38.030704Z "cadmium" <WARN> [11279] {7faf64792740} Sync Lost 0x00000000000f5914 0x0d
2020-05-19T13:07:38.030757Z "cadmium" <NOTE> [11279] {7faf64792740} Sync NMEA 0x00000000000f5959
2020-05-19T13:07:43.030060Z "cadmium" <WARN> [11279] {7faf64792740} Sync Lost 0x00000000000f7054 0x31 '1'
2020-05-19T13:07:43.030119Z "cadmium" <NOTE> [11279] {7faf64792740} Sync NMEA 0x00000000000f709b
2020-05-19T13:08:01.030513Z "cadmium" <WARN> [11279] {7faf64792740} Sync Lost 0x00000000000fc1f5 0x31 '1'
2020-05-19T13:08:01.030590Z "cadmium" <NOTE> [11279] {7faf64792740} Sync NMEA 0x00000000000fc23c
2020-05-19T13:08:10.031766Z "cadmium" <WARN> [11279] {7faf64792740} Sync Lost 0x00000000000fea86 0x31 '1'
2020-05-19T13:08:10.031829Z "cadmium" <NOTE> [11279] {7faf64792740} Sync NMEA 0x00000000000feacd
2020-05-19T13:08:18.032200Z "cadmium" <WARN> [11279] {7faf64792740} Sync Lost 0x0000000000100ea8 0x31 '1'
2020-05-19T13:08:18.032281Z "cadmium" <NOTE> [11279] {7faf64792740} Sync NMEA 0x0000000000100ef1
2020-05-19T13:08:21.029596Z "cadmium" <WARN> [11279] {7faf64792740} Sync Lost 0x0000000000101ab6 0x31 '1'
2020-05-19T13:08:21.029676Z "cadmium" <NOTE> [11279] {7faf64792740} Sync NMEA 0x0000000000101b01
2020-05-19T13:08:25.030038Z "cadmium" <WARN> [11279] {7faf64792740} Sync Lost 0x0000000000102d76 0x0d
2020-05-19T13:08:25.030285Z "cadmium" <NOTE> [11279] {7faf64792740} Sync NMEA 0x0000000000102dbb
2020-05-19T13:08:30.030424Z "cadmium" <WARN> [11279] {7faf64792740} Sync Lost 0x00000000001041e3 0x56 'V'
2020-05-19T13:08:30.030496Z "cadmium" <NOTE> [11279] {7faf64792740} Sync NMEA 0x000000000010420b
2020-05-19T13:08:41.030172Z "cadmium" <WARN> [11279] {7faf64792740} Sync Lost 0x000000000010763d 0x0d
2020-05-19T13:08:41.030285Z "cadmium" <NOTE> [11279] {7faf64792740} Sync NMEA 0x0000000000107680
2020-05-19T13:08:42.031739Z "cadmium" <WARN> [11279] {7faf64792740} Sync Lost 0x0000000000107bc9 0x0d
2020-05-19T13:08:42.031798Z "cadmium" <NOTE> [11279] {7faf64792740} Sync NMEA 0x0000000000107c0a
2020-05-19T13:08:45.030661Z "cadmium" <WARN> [11279] {7faf64792740} Sync Lost 0x000000000010880d 0x0d
2020-05-19T13:08:45.030733Z "cadmium" <NOTE> [11279] {7faf64792740} Sync NMEA 0x0000000000108850
2020-05-19T13:08:49.030735Z "cadmium" <WARN> [11279] {7faf64792740} Sync Lost 0x0000000000109acb 0x31 '1'
2020-05-19T13:08:49.030806Z "cadmium" <NOTE> [11279] {7faf64792740} Sync NMEA 0x0000000000109b14
2020-05-19T13:08:54.031706Z "cadmium" <WARN> [11279] {7faf64792740} Sync Lost 0x000000000010b00d 0x31 '1'
2020-05-19T13:08:54.031770Z "cadmium" <NOTE> [11279] {7faf64792740} Sync NMEA 0x000000000010b058
2020-05-19T13:09:01.030790Z "cadmium" <WARN> [11279] {7faf64792740} Sync Lost 0x000000000010d13a 0x31 '1'
2020-05-19T13:09:01.030843Z "cadmium" <NOTE> [11279] {7faf64792740} Sync NMEA 0x000000000010d181
2020-05-19T13:09:07.030925Z "cadmium" <WARN> [11279] {7faf64792740} Sync Lost 0x000000000010ecfa 0x0d
2020-05-19T13:09:07.030997Z "cadmium" <NOTE> [11279] {7faf64792740} Sync NMEA 0x000000000010ed3b
2020-05-19T13:09:15.030098Z "cadmium" <WARN> [11279] {7faf64792740} Sync Lost 0x0000000000110f6a 0x31 '1'
2020-05-19T13:09:15.030163Z "cadmium" <NOTE> [11279] {7faf64792740} Sync NMEA 0x0000000000110fb5
2020-05-19T13:09:22.031673Z "cadmium" <WARN> [11279] {7faf64792740} Sync Lost 0x0000000000112fee 0x0d
2020-05-19T13:09:22.031751Z "cadmium" <NOTE> [11279] {7faf64792740} Sync NMEA 0x0000000000113033
2020-05-19T13:09:25.029700Z "cadmium" <WARN> [11279] {7faf64792740} Sync Lost 0x0000000000113cb2 0x31 '1'
2020-05-19T13:09:25.029765Z "cadmium" <NOTE> [11279] {7faf64792740} Sync NMEA 0x0000000000113cfd
2020-05-19T13:09:26.032197Z "cadmium" <WARN> [11279] {7faf64792740} Sync Lost 0x000000000011426e 0x31 '1'
2020-05-19T13:09:26.032213Z "cadmium" <NOTE> [11279] {7faf64792740} Sync NMEA 0x00000000001142b5
2020-05-19T13:09:27.030572Z "cadmium" <WARN> [11279] {7faf64792740} Sync Lost 0x000000000011474a 0x0d
2020-05-19T13:09:27.030624Z "cadmium" <NOTE> [11279] {7faf64792740} Sync NMEA 0x000000000011478b
2020-05-19T13:09:31.030609Z "cadmium" <WARN> [11279] {7faf64792740} Sync Lost 0x00000000001158d2 0x31 '1'
2020-05-19T13:09:31.030666Z "cadmium" <NOTE> [11279] {7faf64792740} Sync NMEA 0x0000000000115919
2020-05-19T13:09:32.031738Z "cadmium" <WARN> [11279] {7faf64792740} Sync Lost 0x0000000000115d26 0x31 '1'
2020-05-19T13:09:32.032205Z "cadmium" <NOTE> [11279] {7faf64792740} Sync NMEA 0x0000000000115d6d
2020-05-19T13:09:32.032383Z "cadmium" <WARN> [11279] {7faf64792740} Sync Lost 0x0000000000115d6e 0x0d
2020-05-19T13:09:32.032443Z "cadmium" <NOTE> [11279] {7faf64792740} Sync NMEA 0x0000000000115daf
2020-05-19T13:09:47.029157Z "cadmium" <WARN> [11279] {7faf64792740} Sync Lost 0x000000000011a1d4 0x0d
2020-05-19T13:09:47.029208Z "cadmium" <NOTE> [11279] {7faf64792740} Sync NMEA 0x000000000011a215
2020-05-19T13:09:50.030087Z "cadmium" <WARN> [11279] {7faf64792740} Sync Lost 0x000000000011abe6 0x56 'V'
2020-05-19T13:09:50.030203Z "cadmium" <NOTE> [11279] {7faf64792740} Sync NMEA 0x000000000011ac0e
2020-05-19T13:10:04.031678Z "cadmium" <WARN> [11279] {7faf64792740} Sync Lost 0x000000000011eefb 0x0d
2020-05-19T13:10:04.031753Z "cadmium" <NOTE> [11279] {7faf64792740} Sync NMEA 0x000000000011ef3c
2020-05-19T13:10:08.031357Z "cadmium" <WARN> [11279] {7faf64792740} Sync Lost 0x0000000000120105 0x0d
2020-05-19T13:10:08.031405Z "cadmium" <NOTE> [11279] {7faf64792740} Sync NMEA 0x0000000000120146
2020-05-19T13:10:22.030613Z "cadmium" <WARN> [11279] {7faf64792740} Sync Lost 0x0000000000123f79 0x0d
2020-05-19T13:10:22.030665Z "cadmium" <NOTE> [11279] {7faf64792740} Sync NMEA 0x0000000000123fbc
2020-05-19T13:10:35.028883Z "cadmium" <WARN> [11279] {7faf64792740} Sync Lost 0x000000000012787d 0x56 'V'
2020-05-19T13:10:35.029047Z "cadmium" <NOTE> [11279] {7faf64792740} Sync NMEA 0x00000000001278a5
2020-05-19T13:10:39.030591Z "cadmium" <WARN> [11279] {7faf64792740} Sync Lost 0x0000000000128d03 0x0d
2020-05-19T13:10:39.030643Z "cadmium" <NOTE> [11279] {7faf64792740} Sync NMEA 0x0000000000128d48
2020-05-19T13:10:51.028590Z "cadmium" <WARN> [11279] {7faf64792740} Sync Lost 0x000000000012c26a 0x56 'V'
2020-05-19T13:10:51.028651Z "cadmium" <NOTE> [11279] {7faf64792740} Sync NMEA 0x000000000012c292
2020-05-19T13:10:59.028547Z "cadmium" <WARN> [11279] {7faf64792740} Sync Lost 0x000000000012ea5c 0x31 '1'
2020-05-19T13:10:59.028609Z "cadmium" <NOTE> [11279] {7faf64792740} Sync NMEA 0x000000000012eaa1
2020-05-19T13:11:16.031333Z "cadmium" <WARN> [11279] {7faf64792740} Sync Lost 0x000000000013391f 0x31 '1'
2020-05-19T13:11:16.031403Z "cadmium" <NOTE> [11279] {7faf64792740} Sync NMEA 0x0000000000133964
2020-05-19T13:11:19.029228Z "cadmium" <WARN> [11279] {7faf64792740} Sync Lost 0x0000000000134559 0x31 '1'
2020-05-19T13:11:19.029295Z "cadmium" <NOTE> [11279] {7faf64792740} Sync NMEA 0x00000000001345a4
2020-05-19T13:11:19.030726Z "cadmium" <WARN> [11279] {7faf64792740} Sync Lost 0x0000000000134697 0x31 '1'
2020-05-19T13:11:19.030806Z "cadmium" <NOTE> [11279] {7faf64792740} Sync NMEA 0x00000000001346dc
2020-05-19T13:11:22.030418Z "cadmium" <WARN> [11279] {7faf64792740} Sync Lost 0x00000000001352d1 0x31 '1'
2020-05-19T13:11:22.030686Z "cadmium" <NOTE> [11279] {7faf64792740} Sync NMEA 0x000000000013531c
2020-05-19T13:11:25.029292Z "cadmium" <WARN> [11279] {7faf64792740} Sync Lost 0x00000000001362bf 0x31 '1'
2020-05-19T13:11:25.029460Z "cadmium" <NOTE> [11279] {7faf64792740} Sync NMEA 0x0000000000136304
2020-05-19T13:11:27.029957Z "cadmium" <WARN> [11279] {7faf64792740} Sync Lost 0x0000000000136c47 0x31 '1'
2020-05-19T13:11:27.030022Z "cadmium" <NOTE> [11279] {7faf64792740} Sync NMEA 0x0000000000136c8c
2020-05-19T13:11:32.031295Z "cadmium" <WARN> [11279] {7faf64792740} Sync Lost 0x000000000013847b 0x31 '1'
2020-05-19T13:11:32.031427Z "cadmium" <NOTE> [11279] {7faf64792740} Sync NMEA 0x00000000001384c0
2020-05-19T13:11:38.030901Z "cadmium" <WARN> [11279] {7faf64792740} Sync Lost 0x000000000013a17f 0x31 '1'
2020-05-19T13:11:38.030936Z "cadmium" <NOTE> [11279] {7faf64792740} Sync NMEA 0x000000000013a1c4
2020-05-19T13:11:39.029367Z "cadmium" <WARN> [11279] {7faf64792740} Sync Lost 0x000000000013a61f 0x31 '1'
2020-05-19T13:11:39.029440Z "cadmium" <NOTE> [11279] {7faf64792740} Sync NMEA 0x000000000013a664
2020-05-19T13:11:42.031291Z "cadmium" <WARN> [11279] {7faf64792740} Sync Lost 0x000000000013b4d1 0x0d
2020-05-19T13:11:42.031409Z "cadmium" <NOTE> [11279] {7faf64792740} Sync NMEA 0x000000000013b512
2020-05-19T13:11:43.029128Z "cadmium" <WARN> [11279] {7faf64792740} Sync Lost 0x000000000013b8cc 0x31 '1'
2020-05-19T13:11:43.029196Z "cadmium" <NOTE> [11279] {7faf64792740} Sync NMEA 0x000000000013b911
2020-05-19T13:11:44.029656Z "cadmium" <WARN> [11279] {7faf64792740} Sync Lost 0x000000000013bcb3 0x0d
2020-05-19T13:11:44.029786Z "cadmium" <NOTE> [11279] {7faf64792740} Sync NMEA 0x000000000013bcf8
2020-05-19T13:11:44.030309Z "cadmium" <WARN> [11279] {7faf64792740} Sync Lost 0x000000000013bdd3 0x0d
2020-05-19T13:11:44.030390Z "cadmium" <NOTE> [11279] {7faf64792740} Sync NMEA 0x000000000013be14
2020-05-19T13:11:46.030804Z "cadmium" <WARN> [11279] {7faf64792740} Sync Lost 0x000000000013c5f7 0x0d
2020-05-19T13:11:46.030925Z "cadmium" <NOTE> [11279] {7faf64792740} Sync NMEA 0x000000000013c63c
2020-05-19T13:11:48.031406Z "cadmium" <WARN> [11279] {7faf64792740} Sync Lost 0x000000000013d036 0x31 '1'
2020-05-19T13:11:48.031479Z "cadmium" <NOTE> [11279] {7faf64792740} Sync NMEA 0x000000000013d07b
2020-05-19T13:11:51.028912Z "cadmium" <WARN> [11279] {7faf64792740} Sync Lost 0x000000000013dd24 0x31 '1'
2020-05-19T13:11:51.029038Z "cadmium" <NOTE> [11279] {7faf64792740} Sync NMEA 0x000000000013dd6f
2020-05-19T13:11:53.028367Z "cadmium" <WARN> [11279] {7faf64792740} Sync Lost 0x000000000013e76f 0x0d
2020-05-19T13:11:53.028430Z "cadmium" <NOTE> [11279] {7faf64792740} Sync NMEA 0x000000000013e7b4
2020-05-19T13:11:53.028879Z "cadmium" <WARN> [11279] {7faf64792740} Sync Lost 0x000000000013e88f 0x0d
2020-05-19T13:11:53.028948Z "cadmium" <NOTE> [11279] {7faf64792740} Sync NMEA 0x000000000013e8d0
2020-05-19T13:11:55.029748Z "cadmium" <WARN> [11279] {7faf64792740} Sync Lost 0x000000000013eff8 0x31 '1'
2020-05-19T13:11:55.029819Z "cadmium" <NOTE> [11279] {7faf64792740} Sync NMEA 0x000000000013f043
2020-05-19T13:12:00.031215Z "cadmium" <WARN> [11279] {7faf64792740} Sync Lost 0x0000000000140830 0x31 '1'
2020-05-19T13:12:00.031292Z "cadmium" <NOTE> [11279] {7faf64792740} Sync NMEA 0x000000000014087b
2020-05-19T13:12:15.030714Z "cadmium" <WARN> [11279] {7faf64792740} Sync Lost 0x00000000001452c8 0x31 '1'
2020-05-19T13:12:15.030787Z "cadmium" <NOTE> [11279] {7faf64792740} Sync NMEA 0x000000000014530d
2020-05-19T13:12:17.030685Z "cadmium" <WARN> [11279] {7faf64792740} Sync Lost 0x0000000000145c58 0x31 '1'
2020-05-19T13:12:17.030764Z "cadmium" <NOTE> [11279] {7faf64792740} Sync NMEA 0x0000000000145c9d
2020-05-19T13:12:19.029396Z "cadmium" <WARN> [11279] {7faf64792740} Sync Lost 0x000000000014646a 0x31 '1'
2020-05-19T13:12:19.029491Z "cadmium" <NOTE> [11279] {7faf64792740} Sync NMEA 0x00000000001464b5
2020-05-19T13:12:24.031155Z "cadmium" <WARN> [11279] {7faf64792740} Sync Lost 0x0000000000147cb2 0x31 '1'
2020-05-19T13:12:24.031261Z "cadmium" <NOTE> [11279] {7faf64792740} Sync NMEA 0x0000000000147cfd
2020-05-19T13:12:28.030946Z "cadmium" <WARN> [11279] {7faf64792740} Sync Lost 0x0000000000149012 0x31 '1'
2020-05-19T13:12:28.031000Z "cadmium" <NOTE> [11279] {7faf64792740} Sync NMEA 0x000000000014905d
2020-05-19T13:12:35.030113Z "cadmium" <WARN> [11279] {7faf64792740} Sync Lost 0x000000000014b387 0x37 '7'
2020-05-19T13:12:35.030194Z "cadmium" <NOTE> [11279] {7faf64792740} Sync NMEA 0x000000000014b3ca
2020-05-19T13:12:36.031006Z "cadmium" <WARN> [11279] {7faf64792740} Sync Lost 0x000000000014b776 0x0d
2020-05-19T13:12:36.031059Z "cadmium" <NOTE> [11279] {7faf64792740} Sync NMEA 0x000000000014b7bb
2020-05-19T13:12:42.031262Z "cadmium" <WARN> [11279] {7faf64792740} Sync Lost 0x000000000014d56d 0x37 '7'
2020-05-19T13:12:42.031323Z "cadmium" <NOTE> [11279] {7faf64792740} Sync NMEA 0x000000000014d5b0
2020-05-19T13:12:45.030835Z "cadmium" <WARN> [11279] {7faf64792740} Sync Lost 0x000000000014e3e7 0x37 '7'
2020-05-19T13:12:45.030906Z "cadmium" <NOTE> [11279] {7faf64792740} Sync NMEA 0x000000000014e42a
2020-05-19T13:12:52.032424Z "cadmium" <WARN> [11279] {7faf64792740} Sync Lost 0x00000000001505f6 0x37 '7'
2020-05-19T13:12:52.032487Z "cadmium" <NOTE> [11279] {7faf64792740} Sync NMEA 0x0000000000150639
2020-05-19T13:13:05.029982Z "cadmium" <WARN> [11279] {7faf64792740} Sync Lost 0x00000000001545b8 0x31 '1'
2020-05-19T13:13:05.030066Z "cadmium" <NOTE> [11279] {7faf64792740} Sync NMEA 0x00000000001545ff
2020-05-19T13:13:15.030355Z "cadmium" <WARN> [11279] {7faf64792740} Sync Lost 0x0000000000157602 0x0d
2020-05-19T13:13:15.030443Z "cadmium" <NOTE> [11279] {7faf64792740} Sync NMEA 0x0000000000157647
2020-05-19T13:13:15.030857Z "cadmium" <WARN> [11279] {7faf64792740} Sync Lost 0x0000000000157724 0x37 '7'
2020-05-19T13:13:15.030961Z "cadmium" <NOTE> [11279] {7faf64792740} Sync NMEA 0x0000000000157767
2020-05-19T13:13:19.029488Z "cadmium" <WARN> [11279] {7faf64792740} Sync Lost 0x0000000000158860 0x31 '1'
2020-05-19T13:13:19.029665Z "cadmium" <NOTE> [11279] {7faf64792740} Sync NMEA 0x00000000001588ad
2020-05-19T13:13:22.030678Z "cadmium" <WARN> [11279] {7faf64792740} Sync Lost 0x00000000001596e3 0x31 '1'
2020-05-19T13:13:22.030817Z "cadmium" <NOTE> [11279] {7faf64792740} Sync NMEA 0x0000000000159730
2020-05-19T13:13:26.032525Z "cadmium" <WARN> [11279] {7faf64792740} Sync Lost 0x000000000015ac82 0x37 '7'
2020-05-19T13:13:26.032597Z "cadmium" <NOTE> [11279] {7faf64792740} Sync NMEA 0x000000000015acc5
2020-05-19T13:13:31.028966Z "cadmium" <WARN> [11279] {7faf64792740} Sync Lost 0x000000000015c2b3 0x31 '1'
2020-05-19T13:13:31.029020Z "cadmium" <NOTE> [11279] {7faf64792740} Sync NMEA 0x000000000015c2fe
2020-05-19T13:13:33.029197Z "cadmium" <WARN> [11279] {7faf64792740} Sync Lost 0x000000000015cc47 0x31 '1'
2020-05-19T13:13:33.029304Z "cadmium" <NOTE> [11279] {7faf64792740} Sync NMEA 0x000000000015cc92
2020-05-19T13:13:36.031325Z "cadmium" <WARN> [11279] {7faf64792740} Sync Lost 0x000000000015dac5 0x31 '1'
2020-05-19T13:13:36.031388Z "cadmium" <NOTE> [11279] {7faf64792740} Sync NMEA 0x000000000015db10
2020-05-19T13:13:36.031563Z "cadmium" <WARN> [11279] {7faf64792740} Sync Lost 0x000000000015db48 0x0d
2020-05-19T13:13:36.031621Z "cadmium" <NOTE> [11279] {7faf64792740} Sync NMEA 0x000000000015db8d
2020-05-19T13:13:37.030780Z "cadmium" <WARN> [11279] {7faf64792740} Sync Lost 0x000000000015e034 0x36 '6'
2020-05-19T13:13:37.030902Z "cadmium" <NOTE> [11279] {7faf64792740} Sync NMEA 0x000000000015e06c
2020-05-19T13:13:38.031156Z "cadmium" <WARN> [11279] {7faf64792740} Sync Lost 0x000000000015e3d9 0x31 '1'
2020-05-19T13:13:38.031201Z "cadmium" <NOTE> [11279] {7faf64792740} Sync NMEA 0x000000000015e424
2020-05-19T13:13:57.029423Z "cadmium" <WARN> [11279] {7faf64792740} Sync Lost 0x00000000001640c8 0x31 '1'
2020-05-19T13:13:57.029714Z "cadmium" <NOTE> [11279] {7faf64792740} Sync NMEA 0x0000000000164113
2020-05-19T13:13:58.030899Z "cadmium" <WARN> [11279] {7faf64792740} Sync Lost 0x0000000000164637 0x0d
2020-05-19T13:13:58.030957Z "cadmium" <NOTE> [11279] {7faf64792740} Sync NMEA 0x000000000016467c
2020-05-19T13:14:09.031437Z "cadmium" <WARN> [11279] {7faf64792740} Sync Lost 0x0000000000167d93 0x37 '7'
2020-05-19T13:14:09.031496Z "cadmium" <NOTE> [11279] {7faf64792740} Sync NMEA 0x0000000000167dd6
2020-05-19T13:14:10.031144Z "cadmium" <WARN> [11279] {7faf64792740} Sync Lost 0x0000000000168018 0x31 '1'
2020-05-19T13:14:10.031231Z "cadmium" <NOTE> [11279] {7faf64792740} Sync NMEA 0x0000000000168063
2020-05-19T13:14:16.032564Z "cadmium" <WARN> [11279] {7faf64792740} Sync Lost 0x0000000000169f87 0x37 '7'
2020-05-19T13:14:16.032635Z "cadmium" <NOTE> [11279] {7faf64792740} Sync NMEA 0x0000000000169fca
2020-05-19T13:14:20.031563Z "cadmium" <WARN> [11279] {7faf64792740} Sync Lost 0x000000000016b0d0 0x31 '1'
2020-05-19T13:14:20.031655Z "cadmium" <NOTE> [11279] {7faf64792740} Sync NMEA 0x000000000016b11b
2020-05-19T13:14:21.030422Z "cadmium" <WARN> [11279] {7faf64792740} Sync Lost 0x000000000016b588 0x31 '1'
2020-05-19T13:14:21.030473Z "cadmium" <NOTE> [11279] {7faf64792740} Sync NMEA 0x000000000016b5d3
2020-05-19T13:14:22.032596Z "cadmium" <WARN> [11279] {7faf64792740} Sync Lost 0x000000000016bc67 0x37 '7'
2020-05-19T13:14:22.032663Z "cadmium" <NOTE> [11279] {7faf64792740} Sync NMEA 0x000000000016bcaa
2020-05-19T13:14:24.032085Z "cadmium" <WARN> [11279] {7faf64792740} Sync Lost 0x000000000016c554 0x31 '1'
2020-05-19T13:14:24.032143Z "cadmium" <NOTE> [11279] {7faf64792740} Sync NMEA 0x000000000016c59b
2020-05-19T13:14:32.031105Z "cadmium" <WARN> [11279] {7faf64792740} Sync Lost 0x000000000016eafe 0x31 '1'
2020-05-19T13:14:32.031213Z "cadmium" <NOTE> [11279] {7faf64792740} Sync NMEA 0x000000000016eb49
2020-05-19T13:14:39.030350Z "cadmium" <WARN> [11279] {7faf64792740} Sync Lost 0x0000000000170d1f 0x31 '1'
2020-05-19T13:14:39.030474Z "cadmium" <NOTE> [11279] {7faf64792740} Sync NMEA 0x0000000000170d6c
2020-05-19T13:14:47.031133Z "cadmium" <WARN> [11279] {7faf64792740} Sync Lost 0x00000000001735d1 0x31 '1'
2020-05-19T13:14:47.031187Z "cadmium" <NOTE> [11279] {7faf64792740} Sync NMEA 0x0000000000173618
2020-05-19T13:14:48.031362Z "cadmium" <WARN> [11279] {7faf64792740} Sync Lost 0x00000000001739c4 0x0d
2020-05-19T13:14:48.031416Z "cadmium" <NOTE> [11279] {7faf64792740} Sync NMEA 0x0000000000173a09
2020-05-19T13:14:52.032508Z "cadmium" <WARN> [11279] {7faf64792740} Sync Lost 0x0000000000174eb4 0x37 '7'
2020-05-19T13:14:52.032699Z "cadmium" <NOTE> [11279] {7faf64792740} Sync NMEA 0x0000000000174ef7
2020-05-19T13:14:56.032015Z "cadmium" <WARN> [11279] {7faf64792740} Sync Lost 0x00000000001760c4 0x0d
2020-05-19T13:14:56.032048Z "cadmium" <NOTE> [11279] {7faf64792740} Sync NMEA 0x0000000000176109
2020-05-19T13:15:03.031604Z "cadmium" <WARN> [11279] {7faf64792740} Sync Lost 0x00000000001783ca 0x31 '1'
2020-05-19T13:15:03.031788Z "cadmium" <NOTE> [11279] {7faf64792740} Sync NMEA 0x0000000000178413
2020-05-19T13:15:06.032489Z "cadmium" <WARN> [11279] {7faf64792740} Sync Lost 0x00000000001790d8 0x31 '1'
2020-05-19T13:15:06.032572Z "cadmium" <NOTE> [11279] {7faf64792740} Sync NMEA 0x0000000000179125
2020-05-19T13:15:09.032518Z "cadmium" <WARN> [11279] {7faf64792740} Sync Lost 0x000000000017a193 0x37 '7'
2020-05-19T13:15:09.032639Z "cadmium" <NOTE> [11279] {7faf64792740} Sync NMEA 0x000000000017a1d6
2020-05-19T13:15:18.032846Z "cadmium" <WARN> [11279] {7faf64792740} Sync Lost 0x000000000017cdc3 0x37 '7'
2020-05-19T13:15:18.032930Z "cadmium" <NOTE> [11279] {7faf64792740} Sync NMEA 0x000000000017ce06
2020-05-19T13:15:28.032373Z "cadmium" <WARN> [11279] {7faf64792740} Sync Lost 0x000000000017fe3a 0x31 '1'
2020-05-19T13:15:28.032445Z "cadmium" <NOTE> [11279] {7faf64792740} Sync NMEA 0x000000000017fe83
2020-05-19T13:15:31.029717Z "cadmium" <WARN> [11279] {7faf64792740} Sync Lost 0x0000000000180b48 0x31 '1'
2020-05-19T13:15:31.030101Z "cadmium" <NOTE> [11279] {7faf64792740} Sync NMEA 0x0000000000180b95
2020-05-19T13:15:31.030707Z "cadmium" <WARN> [11279] {7faf64792740} Sync Lost 0x0000000000180c8a 0x31 '1'
2020-05-19T13:15:31.030750Z "cadmium" <NOTE> [11279] {7faf64792740} Sync NMEA 0x0000000000180cd3
2020-05-19T13:15:32.031157Z "cadmium" <WARN> [11279] {7faf64792740} Sync Lost 0x0000000000180fb8 0x31 '1'
2020-05-19T13:15:32.031192Z "cadmium" <NOTE> [11279] {7faf64792740} Sync NMEA 0x0000000000181005
2020-05-19T13:15:41.030810Z "cadmium" <WARN> [11279] {7faf64792740} Sync Lost 0x0000000000183caf 0x0d
2020-05-19T13:15:41.030876Z "cadmium" <NOTE> [11279] {7faf64792740} Sync NMEA 0x0000000000183cf4
2020-05-19T13:15:52.032351Z "cadmium" <WARN> [11279] {7faf64792740} Sync Lost 0x0000000000187404 0x37 '7'
2020-05-19T13:15:52.032426Z "cadmium" <NOTE> [11279] {7faf64792740} Sync NMEA 0x0000000000187447
2020-05-19T13:16:02.033168Z "cadmium" <WARN> [11279] {7faf64792740} Sync Lost 0x000000000018a472 0x31 '1'
2020-05-19T13:16:02.033230Z "cadmium" <NOTE> [11279] {7faf64792740} Sync NMEA 0x000000000018a4bb
2020-05-19T13:16:03.031116Z "cadmium" <WARN> [11279] {7faf64792740} Sync Lost 0x000000000018a9c9 0x37 '7'
2020-05-19T13:16:03.031160Z "cadmium" <NOTE> [11279] {7faf64792740} Sync NMEA 0x000000000018aa0c
2020-05-19T13:16:04.032348Z "cadmium" <WARN> [11279] {7faf64792740} Sync Lost 0x000000000018ae79 0x37 '7'
2020-05-19T13:16:04.032420Z "cadmium" <NOTE> [11279] {7faf64792740} Sync NMEA 0x000000000018aebc
2020-05-19T13:16:06.031264Z "cadmium" <WARN> [11279] {7faf64792740} Sync Lost 0x000000000018b76a 0x31 '1'
2020-05-19T13:16:06.031319Z "cadmium" <NOTE> [11279] {7faf64792740} Sync NMEA 0x000000000018b7b3
2020-05-19T13:16:13.031295Z "cadmium" <WARN> [11279] {7faf64792740} Sync Lost 0x000000000018da40 0x37 '7'
2020-05-19T13:16:13.031356Z "cadmium" <NOTE> [11279] {7faf64792740} Sync NMEA 0x000000000018da83
2020-05-19T13:16:33.030510Z "cadmium" <WARN> [11279] {7faf64792740} Sync Lost 0x0000000000193bce 0x37 '7'
2020-05-19T13:16:33.030586Z "cadmium" <NOTE> [11279] {7faf64792740} Sync NMEA 0x0000000000193c15
2020-05-19T13:16:38.031781Z "cadmium" <WARN> [11279] {7faf64792740} Sync Lost 0x000000000019542a 0x37 '7'
2020-05-19T13:16:38.031875Z "cadmium" <NOTE> [11279] {7faf64792740} Sync NMEA 0x0000000000195471
2020-05-19T13:16:41.030093Z "cadmium" <WARN> [11279] {7faf64792740} Sync Lost 0x0000000000196355 0x0d
2020-05-19T13:16:41.030145Z "cadmium" <NOTE> [11279] {7faf64792740} Sync NMEA 0x0000000000196396
2020-05-19T13:16:54.030835Z "cadmium" <WARN> [11279] {7faf64792740} Sync Lost 0x000000000019a0e8 0x31 '1'
2020-05-19T13:16:54.030890Z "cadmium" <NOTE> [11279] {7faf64792740} Sync NMEA 0x000000000019a135
2020-05-19T13:17:03.030703Z "cadmium" <WARN> [11279] {7faf64792740} Sync Lost 0x000000000019cdca 0x0d
2020-05-19T13:17:03.030763Z "cadmium" <NOTE> [11279] {7faf64792740} Sync NMEA 0x000000000019ce0f
2020-05-19T13:17:07.030130Z "cadmium" <WARN> [11279] {7faf64792740} Sync Lost 0x000000000019e14c 0x0d
2020-05-19T13:17:07.030191Z "cadmium" <NOTE> [11279] {7faf64792740} Sync NMEA 0x000000000019e191
2020-05-19T13:17:20.031781Z "cadmium" <WARN> [11279] {7faf64792740} Sync Lost 0x00000000001a205b 0x31 '1'
2020-05-19T13:17:20.031923Z "cadmium" <NOTE> [11279] {7faf64792740} Sync NMEA 0x00000000001a20a8
2020-05-19T13:17:24.032388Z "cadmium" <WARN> [11279] {7faf64792740} Sync Lost 0x00000000001a3602 0x0d
2020-05-19T13:17:24.032459Z "cadmium" <NOTE> [11279] {7faf64792740} Sync NMEA 0x00000000001a3643
2020-05-19T13:17:30.030237Z "cadmium" <WARN> [11279] {7faf64792740} Sync Lost 0x00000000001a4fc9 0x56 'V'
2020-05-19T13:17:30.030352Z "cadmium" <NOTE> [11279] {7faf64792740} Sync NMEA 0x00000000001a4ff1
2020-05-19T13:17:30.032013Z "cadmium" <WARN> [11279] {7faf64792740} Sync Lost 0x00000000001a51c6 0x0d
2020-05-19T13:17:30.032068Z "cadmium" <NOTE> [11279] {7faf64792740} Sync NMEA 0x00000000001a520b
2020-05-19T13:17:36.031162Z "cadmium" <WARN> [11279] {7faf64792740} Sync Lost 0x00000000001a6f26 0x0d
2020-05-19T13:17:36.031215Z "cadmium" <NOTE> [11279] {7faf64792740} Sync NMEA 0x00000000001a6f6b
2020-05-19T13:17:50.032368Z "cadmium" <WARN> [11279] {7faf64792740} Sync Lost 0x00000000001ab562 0x0d
2020-05-19T13:17:50.032405Z "cadmium" <NOTE> [11279] {7faf64792740} Sync NMEA 0x00000000001ab5a3
2020-05-19T13:17:56.031325Z "cadmium" <WARN> [11279] {7faf64792740} Sync Lost 0x00000000001acf88 0x32 '2'
2020-05-19T13:17:56.031403Z "cadmium" <NOTE> [11279] {7faf64792740} Sync NMEA 0x00000000001acfcc
2020-05-19T13:18:01.031063Z "cadmium" <WARN> [11279] {7faf64792740} Sync Lost 0x00000000001aea87 0x35 '5'
2020-05-19T13:18:01.031116Z "cadmium" <NOTE> [11279] {7faf64792740} Sync NMEA 0x00000000001aead2
2020-05-19T13:18:15.031408Z "cadmium" <WARN> [11279] {7faf64792740} Sync Lost 0x00000000001b2fe2 0x0d
2020-05-19T13:18:15.031464Z "cadmium" <NOTE> [11279] {7faf64792740} Sync NMEA 0x00000000001b3023
2020-05-19T13:18:17.030596Z "cadmium" <WARN> [11279] {7faf64792740} Sync Lost 0x00000000001b38d5 0x34 '4'
2020-05-19T13:18:17.030658Z "cadmium" <NOTE> [11279] {7faf64792740} Sync NMEA 0x00000000001b391e
2020-05-19T13:18:18.030943Z "cadmium" <WARN> [11279] {7faf64792740} Sync Lost 0x00000000001b3c01 0x31 '1'
2020-05-19T13:18:18.030997Z "cadmium" <NOTE> [11279] {7faf64792740} Sync NMEA 0x00000000001b3c4e
2020-05-19T13:18:18.031905Z "cadmium" <WARN> [11279] {7faf64792740} Sync Lost 0x00000000001b3c88 0x0d
2020-05-19T13:18:18.031954Z "cadmium" <NOTE> [11279] {7faf64792740} Sync NMEA 0x00000000001b3ccd
2020-05-19T13:18:18.032107Z "cadmium" <WARN> [11279] {7faf64792740} Sync Lost 0x00000000001b3d03 0x33 '3'
2020-05-19T13:18:18.032143Z "cadmium" <NOTE> [11279] {7faf64792740} Sync NMEA 0x00000000001b3d4c
2020-05-19T13:18:22.032188Z "cadmium" <WARN> [11279] {7faf64792740} Sync Lost 0x00000000001b5111 0x0d
2020-05-19T13:18:22.032241Z "cadmium" <NOTE> [11279] {7faf64792740} Sync NMEA 0x00000000001b5152
2020-05-19T13:18:29.028669Z "cadmium" <WARN> [11279] {7faf64792740} Sync Lost 0x00000000001b7297 0x36 '6'
2020-05-19T13:18:29.028724Z "cadmium" <NOTE> [11279] {7faf64792740} Sync NMEA 0x00000000001b72e0
2020-05-19T13:18:30.031771Z "cadmium" <WARN> [11279] {7faf64792740} Sync Lost 0x00000000001b7745 0x36 '6'
2020-05-19T13:18:30.031830Z "cadmium" <NOTE> [11279] {7faf64792740} Sync NMEA 0x00000000001b778e
2020-05-19T13:18:32.031509Z "cadmium" <WARN> [11279] {7faf64792740} Sync Lost 0x00000000001b80e1 0x36 '6'
2020-05-19T13:18:32.031544Z "cadmium" <NOTE> [11279] {7faf64792740} Sync NMEA 0x00000000001b812a
2020-05-19T13:18:50.031084Z "cadmium" <WARN> [11279] {7faf64792740} Sync Lost 0x00000000001bd7db 0x31 '1'
2020-05-19T13:18:50.031139Z "cadmium" <NOTE> [11279] {7faf64792740} Sync NMEA 0x00000000001bd828
2020-05-19T13:18:52.030874Z "cadmium" <WARN> [11279] {7faf64792740} Sync Lost 0x00000000001be177 0x31 '1'
2020-05-19T13:18:52.030952Z "cadmium" <NOTE> [11279] {7faf64792740} Sync NMEA 0x00000000001be1c4
2020-05-19T13:19:02.032130Z "cadmium" <WARN> [11279] {7faf64792740} Sync Lost 0x00000000001c1405 0x31 '1'
2020-05-19T13:19:02.032218Z "cadmium" <NOTE> [11279] {7faf64792740} Sync NMEA 0x00000000001c144e
2020-05-19T13:19:07.030460Z "cadmium" <WARN> [11279] {7faf64792740} Sync Lost 0x00000000001c2d14 0x0d
2020-05-19T13:19:07.030544Z "cadmium" <NOTE> [11279] {7faf64792740} Sync NMEA 0x00000000001c2d55
2020-05-19T13:19:19.030334Z "cadmium" <WARN> [11279] {7faf64792740} Sync Lost 0x00000000001c67f6 0x0d
2020-05-19T13:19:19.030378Z "cadmium" <NOTE> [11279] {7faf64792740} Sync NMEA 0x00000000001c6837
2020-05-19T13:19:22.030890Z "cadmium" <WARN> [11279] {7faf64792740} Sync Lost 0x00000000001c751c 0x0d
2020-05-19T13:19:22.030945Z "cadmium" <NOTE> [11279] {7faf64792740} Sync NMEA 0x00000000001c7561
2020-05-19T13:19:24.030434Z "cadmium" <WARN> [11279] {7faf64792740} Sync Lost 0x00000000001c7df1 0x31 '1'
2020-05-19T13:19:24.030489Z "cadmium" <NOTE> [11279] {7faf64792740} Sync NMEA 0x00000000001c7e3e
2020-05-19T13:19:31.031201Z "cadmium" <WARN> [11279] {7faf64792740} Sync Lost 0x00000000001ca25e 0x0d
2020-05-19T13:19:31.031277Z "cadmium" <NOTE> [11279] {7faf64792740} Sync NMEA 0x00000000001ca29f
2020-05-19T13:19:36.032150Z "cadmium" <WARN> [11279] {7faf64792740} Sync Lost 0x00000000001cb960 0x0d
2020-05-19T13:19:36.032264Z "cadmium" <NOTE> [11279] {7faf64792740} Sync NMEA 0x00000000001cb9a5
2020-05-19T13:19:39.030509Z "cadmium" <WARN> [11279] {7faf64792740} Sync Lost 0x00000000001cc7ea 0x0d
2020-05-19T13:19:39.030584Z "cadmium" <NOTE> [11279] {7faf64792740} Sync NMEA 0x00000000001cc82f
2020-05-19T13:19:40.032062Z "cadmium" <WARN> [11279] {7faf64792740} Sync Lost 0x00000000001ccdfa 0x0d
2020-05-19T13:19:40.032113Z "cadmium" <NOTE> [11279] {7faf64792740} Sync NMEA 0x00000000001cce3b
2020-05-19T13:19:40.230712Z "cadmium" <NOTE> [11279] {7faf64792740} SIGINT
2020-05-19T13:19:40.230802Z "cadmium" <INFO> [11279] {7faf64792740} Stop
2020-05-19T13:19:40.230838Z "cadmium" <INFO> [11279] {7faf64792740} Counters Remote=0 Surveyor=0 Keepalive=0 OutOfOrder=0 Missing=0
2020-05-19T13:19:40.231779Z "cadmium" <INFO> [11279] {7faf64792740} Buffer size=8192B maximum=1216B total=1887962B speed=961BPS peak=1216B
2020-05-19T13:19:40.232158Z "cadmium" <INFO> [11279] {7faf64792740} End
