2020-09-15T15:01:36.256097Z "neon" <NOTE> [1954] {7f1eb4746740} Sync UBX 0x0000000000000064
2020-09-15T15:01:39.264740Z "neon" <NOTE> [1954] {7f1eb4746740} Signal UBX NAV spoofing 1
HUP? 2020-09-15T15:01:41.262200Z "neon" <NOTE> [1954] {7f1eb4746740} Time 2020-09-15 15:01:41Z
2020-09-15T15:01:44.238195Z "neon" <WARN> [1954] {7f1eb4746740} Sync Lost 0x0000000000001b2c 0x32 '2'
2020-09-15T15:01:44.238256Z "neon" <NOTE> [1954] {7f1eb4746740} Sync NMEA 0x0000000000001b50
2020-09-15T15:01:45.256931Z "neon" <WARN> [1954] {7f1eb4746740} Sync Lost 0x0000000000001ddf 0x33 '3'
2020-09-15T15:01:45.256987Z "neon" <NOTE> [1954] {7f1eb4746740} Sync NMEA 0x0000000000001e03
2020-09-15T15:01:51.260129Z "neon" <WARN> [1954] {7f1eb4746740} Sync Lost 0x0000000000002f73 0x36 '6'
2020-09-15T15:01:51.260194Z "neon" <NOTE> [1954] {7f1eb4746740} Sync NMEA 0x0000000000002f97
2020-09-15T15:02:24.268037Z "neon" <WARN> [1954] {7f1eb4746740} Sync Lost 0x00000000000091c0 0x31 '1'
2020-09-15T15:02:24.268160Z "neon" <NOTE> [1954] {7f1eb4746740} Sync NMEA 0x00000000000091e4
2020-09-15T15:02:28.270193Z "neon" <WARN> [1954] {7f1eb4746740} Sync Lost 0x0000000000009e3a 0x35 '5'
2020-09-15T15:02:28.270259Z "neon" <NOTE> [1954] {7f1eb4746740} Sync NMEA 0x0000000000009e5e
2020-09-15T15:04:28.314055Z "neon" <NOTE> [1954] {7f1eb4746740} Signal UBX NAV spoofing 2
2020-09-15T15:04:29.314641Z "neon" <NOTE> [1954] {7f1eb4746740} Signal UBX NAV spoofing 1
2020-09-15T15:11:06.572199Z "neon" <WARN> [1954] {7f1eb4746740} Sync Lost 0x0000000000083fc0 0x30 '0'
2020-09-15T15:11:06.572329Z "neon" <NOTE> [1954] {7f1eb4746740} Sync NMEA 0x000000000008400b
2020-09-15T15:11:45.500711Z "neon" <WARN> [1954] {7f1eb4746740} Sync Lost 0x000000000008d710 0x38 '8'
2020-09-15T15:11:45.500834Z "neon" <NOTE> [1954] {7f1eb4746740} Sync NMEA 0x000000000008d757
2020-09-15T15:12:37.596544Z "neon" <WARN> [1954] {7f1eb4746740} Sync Lost 0x0000000000099e10 0x37 '7'
2020-09-15T15:12:37.596662Z "neon" <NOTE> [1954] {7f1eb4746740} Sync NMEA 0x0000000000099e36
2020-09-15T15:13:16.611737Z "neon" <WARN> [1954] {7f1eb4746740} Sync Lost 0x00000000000a3848 0x35 '5'
2020-09-15T15:13:16.613221Z "neon" <NOTE> [1954] {7f1eb4746740} Sync NMEA 0x00000000000a3891
2020-09-15T15:13:28.619764Z "neon" <WARN> [1954] {7f1eb4746740} Sync Lost 0x00000000000a64f6 0x37 '7'
2020-09-15T15:13:28.619836Z "neon" <NOTE> [1954] {7f1eb4746740} Sync NMEA 0x00000000000a651c
2020-09-15T15:20:47.724318Z "neon" <WARN> [1954] {7f1eb4746740} Sync Lost 0x0000000000113b60 0x37 '7'
2020-09-15T15:20:47.724403Z "neon" <NOTE> [1954] {7f1eb4746740} Sync NMEA 0x0000000000113b82
2020-09-15T15:23:04.818504Z "neon" <WARN> [1954] {7f1eb4746740} Sync Lost 0x0000000000136930 0x32 '2'
2020-09-15T15:23:04.818587Z "neon" <NOTE> [1954] {7f1eb4746740} Sync NMEA 0x0000000000136954
2020-09-15T15:23:08.816371Z "neon" <WARN> [1954] {7f1eb4746740} Sync Lost 0x000000000013794a 0x33 '3'
2020-09-15T15:23:08.816431Z "neon" <NOTE> [1954] {7f1eb4746740} Sync NMEA 0x000000000013796e
2020-09-15T15:24:54.802882Z "neon" <WARN> [1954] {7f1eb4746740} Sync Lost 0x0000000000151d20 0x32 '2'
2020-09-15T15:24:54.802990Z "neon" <NOTE> [1954] {7f1eb4746740} Sync NMEA 0x0000000000151d56
2020-09-15T15:31:07.869040Z "neon" <WARN> [1954] {7f1eb4746740} Sync Lost 0x00000000001ade6a 0x37 '7'
2020-09-15T15:31:07.869972Z "neon" <NOTE> [1954] {7f1eb4746740} Sync NMEA 0x00000000001ade8c
2020-09-15T15:33:01.907896Z "neon" <WARN> [1954] {7f1eb4746740} Sync Lost 0x00000000001ca8cc 0x37 '7'
2020-09-15T15:33:01.907992Z "neon" <NOTE> [1954] {7f1eb4746740} Sync NMEA 0x00000000001ca92a
2020-09-15T15:33:27.894210Z "neon" <WARN> [1954] {7f1eb4746740} Sync Lost 0x00000000001d0f96 0x32 '2'
2020-09-15T15:33:27.894332Z "neon" <NOTE> [1954] {7f1eb4746740} Sync NMEA 0x00000000001d0fcc
2020-09-15T15:34:02.886493Z "neon" <WARN> [1954] {7f1eb4746740} Sync Lost 0x00000000001d9cbc 0x32 '2'
2020-09-15T15:34:02.886629Z "neon" <NOTE> [1954] {7f1eb4746740} Sync NMEA 0x00000000001d9d03
2020-09-15T15:39:08.977271Z "neon" <WARN> [1954] {7f1eb4746740} Sync Lost 0x0000000000227a8e 0x0d
2020-09-15T15:39:08.977411Z "neon" <NOTE> [1954] {7f1eb4746740} Sync NMEA 0x0000000000227ad1
HUP? HUP? 2020-09-15T15:49:03.161124Z "neon" <WARN> [1954] {7f1eb4746740} Sync Lost 0x00000000002be33d 0x0d
2020-09-15T15:49:03.161264Z "neon" <NOTE> [1954] {7f1eb4746740} Sync NMEA 0x00000000002be380
2020-09-15T15:53:43.195050Z "neon" <WARN> [1954] {7f1eb4746740} Sync Lost 0x000000000030339d 0x37 '7'
2020-09-15T15:53:43.195166Z "neon" <NOTE> [1954] {7f1eb4746740} Sync NMEA 0x00000000003033e0
2020-09-15T15:53:45.205747Z "neon" <WARN> [1954] {7f1eb4746740} Sync Lost 0x0000000000303b1d 0x37 '7'
2020-09-15T15:53:45.205954Z "neon" <NOTE> [1954] {7f1eb4746740} Sync NMEA 0x0000000000303b60
2020-09-15T15:55:37.206132Z "neon" <WARN> [1954] {7f1eb4746740} Sync Lost 0x000000000031eaa7 0x37 '7'
2020-09-15T15:55:37.206266Z "neon" <NOTE> [1954] {7f1eb4746740} Sync NMEA 0x000000000031eaea
2020-09-15T16:11:57.523102Z "neon" <WARN> [1954] {7f1eb4746740} Sync Lost 0x000000000040c261 0x37 '7'
2020-09-15T16:11:57.523414Z "neon" <NOTE> [1954] {7f1eb4746740} Sync NMEA 0x000000000040c283
2020-09-15T16:12:55.509241Z "neon" <WARN> [1954] {7f1eb4746740} Sync Lost 0x000000000041ac33 0x37 '7'
2020-09-15T16:12:55.510466Z "neon" <NOTE> [1954] {7f1eb4746740} Sync NMEA 0x000000000041ac55
2020-09-15T16:14:05.573904Z "neon" <WARN> [1954] {7f1eb4746740} Sync Lost 0x000000000042c57b 0x32 '2'
2020-09-15T16:14:05.574285Z "neon" <NOTE> [1954] {7f1eb4746740} Sync NMEA 0x000000000042c5b1
2020-09-15T16:15:08.569345Z "neon" <WARN> [1954] {7f1eb4746740} Sync Lost 0x000000000043c600 0x36 '6'
2020-09-15T16:15:08.569574Z "neon" <NOTE> [1954] {7f1eb4746740} Sync NMEA 0x000000000043c647
2020-09-15T16:15:46.599773Z "neon" <WARN> [1954] {7f1eb4746740} Sync Lost 0x0000000000446002 0x36 '6'
2020-09-15T16:15:46.599995Z "neon" <NOTE> [1954] {7f1eb4746740} Sync NMEA 0x000000000044604b
2020-09-15T16:16:09.575482Z "neon" <WARN> [1954] {7f1eb4746740} Sync Lost 0x000000000044bc42 0x34 '4'
2020-09-15T16:16:09.575783Z "neon" <NOTE> [1954] {7f1eb4746740} Sync NMEA 0x000000000044bc8b
2020-09-15T16:16:27.610870Z "neon" <WARN> [1954] {7f1eb4746740} Sync Lost 0x0000000000450585 0x37 '7'
2020-09-15T16:16:27.610950Z "neon" <NOTE> [1954] {7f1eb4746740} Sync NMEA 0x00000000004505a7
2020-09-15T16:20:07.622780Z "neon" <WARN> [1954] {7f1eb4746740} Sync Lost 0x0000000000487f3a 0x37 '7'
2020-09-15T16:20:07.622863Z "neon" <NOTE> [1954] {7f1eb4746740} Sync NMEA 0x0000000000487f5c
2020-09-15T16:20:21.632558Z "neon" <WARN> [1954] {7f1eb4746740} Sync Lost 0x000000000048b78c 0x37 '7'
2020-09-15T16:20:21.632610Z "neon" <NOTE> [1954] {7f1eb4746740} Sync NMEA 0x000000000048b7ae
2020-09-15T16:22:20.671430Z "neon" <WARN> [1954] {7f1eb4746740} Sync Lost 0x00000000004a984b 0x0d
2020-09-15T16:22:20.671553Z "neon" <NOTE> [1954] {7f1eb4746740} Sync NMEA 0x00000000004a9871
HUP? 2020-09-15T16:26:56.745527Z "neon" <WARN> [1954] {7f1eb4746740} Sync Lost 0x00000000004ec84c 0x30 '0'
2020-09-15T16:26:56.746496Z "neon" <NOTE> [1954] {7f1eb4746740} Sync NMEA 0x00000000004ec87f
HUP? 2020-09-15T16:27:50.717575Z "neon" <WARN> [1954] {7f1eb4746740} Sync Lost 0x00000000004fa336 0x32 '2'
2020-09-15T16:27:50.717644Z "neon" <NOTE> [1954] {7f1eb4746740} Sync NMEA 0x00000000004fa382
2020-09-15T16:33:20.813156Z "neon" <WARN> [1954] {7f1eb4746740} Sync Lost 0x000000000054e350 0x37 '7'
2020-09-15T16:33:20.813225Z "neon" <NOTE> [1954] {7f1eb4746740} Sync NMEA 0x000000000054e372
2020-09-15T16:33:44.820201Z "neon" <WARN> [1954] {7f1eb4746740} Sync Lost 0x000000000055439a 0x37 '7'
2020-09-15T16:33:44.820275Z "neon" <NOTE> [1954] {7f1eb4746740} Sync NMEA 0x00000000005543df
2020-09-15T16:35:45.838362Z "neon" <WARN> [1954] {7f1eb4746740} Sync Lost 0x0000000000572c55 0x37 '7'
2020-09-15T16:35:45.838459Z "neon" <NOTE> [1954] {7f1eb4746740} Sync NMEA 0x0000000000572c75
2020-09-15T16:35:53.845887Z "neon" <WARN> [1954] {7f1eb4746740} Sync Lost 0x0000000000574c1c 0x37 '7'
2020-09-15T16:35:53.846007Z "neon" <NOTE> [1954] {7f1eb4746740} Sync NMEA 0x0000000000574c3c
2020-09-15T16:36:22.840846Z "neon" <WARN> [1954] {7f1eb4746740} Sync Lost 0x000000000057be8a 0x30 '0'
2020-09-15T16:36:22.840919Z "neon" <NOTE> [1954] {7f1eb4746740} Sync NMEA 0x000000000057bebd
2020-09-15T16:36:26.852329Z "neon" <WARN> [1954] {7f1eb4746740} Sync Lost 0x000000000057d019 0x37 '7'
2020-09-15T16:36:26.852391Z "neon" <NOTE> [1954] {7f1eb4746740} Sync NMEA 0x000000000057d03b
2020-09-15T16:37:13.883238Z "neon" <WARN> [1954] {7f1eb4746740} Sync Lost 0x0000000000588e65 0x37 '7'
2020-09-15T16:37:13.883346Z "neon" <NOTE> [1954] {7f1eb4746740} Sync NMEA 0x0000000000588eaa
2020-09-15T16:37:46.897282Z "neon" <WARN> [1954] {7f1eb4746740} Sync Lost 0x00000000005914ca 0x37 '7'
2020-09-15T16:37:46.897355Z "neon" <NOTE> [1954] {7f1eb4746740} Sync NMEA 0x00000000005914ec
2020-09-15T16:38:24.893566Z "neon" <WARN> [1954] {7f1eb4746740} Sync Lost 0x000000000059afe4 0x37 '7'
2020-09-15T16:38:24.893614Z "neon" <NOTE> [1954] {7f1eb4746740} Sync NMEA 0x000000000059b006
2020-09-15T16:42:47.982372Z "neon" <WARN> [1954] {7f1eb4746740} Sync Lost 0x00000000005de4ef 0x30 '0'
2020-09-15T16:42:47.982465Z "neon" <NOTE> [1954] {7f1eb4746740} Sync NMEA 0x00000000005de513
2020-09-15T16:42:57.993057Z "neon" <WARN> [1954] {7f1eb4746740} Sync Lost 0x00000000005e0d2f 0x37 '7'
2020-09-15T16:42:57.993184Z "neon" <NOTE> [1954] {7f1eb4746740} Sync NMEA 0x00000000005e0d78
2020-09-15T16:44:46.000935Z "neon" <WARN> [1954] {7f1eb4746740} Sync Lost 0x00000000005fc885 0x32 '2'
2020-09-15T16:44:46.001020Z "neon" <NOTE> [1954] {7f1eb4746740} Sync NMEA 0x00000000005fc8a9
2020-09-15T16:45:15.060252Z "neon" <WARN> [1954] {7f1eb4746740} Sync Lost 0x0000000000603f58 0x37 '7'
2020-09-15T16:45:15.060384Z "neon" <NOTE> [1954] {7f1eb4746740} Sync NMEA 0x0000000000603f9f
2020-09-15T16:46:22.014630Z "neon" <WARN> [1954] {7f1eb4746740} Sync Lost 0x0000000000615387 0x35 '5'
2020-09-15T16:46:22.014764Z "neon" <NOTE> [1954] {7f1eb4746740} Sync NMEA 0x00000000006153ab
2020-09-15T16:47:20.061844Z "neon" <WARN> [1954] {7f1eb4746740} Sync Lost 0x0000000000624166 0x39 '9'
2020-09-15T16:47:20.061927Z "neon" <NOTE> [1954] {7f1eb4746740} Sync NMEA 0x000000000062418a
2020-09-15T16:48:10.050123Z "neon" <WARN> [1954] {7f1eb4746740} Sync Lost 0x0000000000630e00 0x31 '1'
2020-09-15T16:48:10.050180Z "neon" <NOTE> [1954] {7f1eb4746740} Sync NMEA 0x0000000000630e5e
2020-09-15T16:48:13.037324Z "neon" <WARN> [1954] {7f1eb4746740} Sync Lost 0x0000000000631886 0x32 '2'
2020-09-15T16:48:13.037398Z "neon" <NOTE> [1954] {7f1eb4746740} Sync NMEA 0x00000000006318bb
2020-09-15T16:48:36.071257Z "neon" <WARN> [1954] {7f1eb4746740} Sync Lost 0x00000000006378a2 0x33 '3'
2020-09-15T16:48:36.071353Z "neon" <NOTE> [1954] {7f1eb4746740} Sync NMEA 0x00000000006378c6
2020-09-15T16:48:37.087756Z "neon" <WARN> [1954] {7f1eb4746740} Sync Lost 0x0000000000637c7f 0x32 '2'
2020-09-15T16:48:37.088419Z "neon" <NOTE> [1954] {7f1eb4746740} Sync NMEA 0x0000000000637ca3
2020-09-15T16:51:36.127606Z "neon" <WARN> [1954] {7f1eb4746740} Sync Lost 0x0000000000665440 0x39 '9'
2020-09-15T16:51:36.127682Z "neon" <NOTE> [1954] {7f1eb4746740} Sync NMEA 0x0000000000665464
HUP? 2020-09-15T16:53:24.145280Z "neon" <WARN> [1954] {7f1eb4746740} Sync Lost 0x000000000068077a 0x32 '2'
2020-09-15T16:53:24.145336Z "neon" <NOTE> [1954] {7f1eb4746740} Sync NMEA 0x00000000006807af
2020-09-15T16:55:06.158893Z "neon" <WARN> [1954] {7f1eb4746740} Sync Stop 0x000000000069a6dd 0x24
2020-09-15T16:55:06.159572Z "neon" <NOTE> [1954] {7f1eb4746740} Sync NMEA 0x000000000069a73d
HUP? HUP? HUP? 2020-09-15T16:57:45.196268Z "neon" <WARN> [1954] {7f1eb4746740} Sync Lost 0x00000000006c2bb8 0x37 '7'
2020-09-15T16:57:45.196463Z "neon" <NOTE> [1954] {7f1eb4746740} Sync NMEA 0x00000000006c2bfd
HUP? 2020-09-15T16:58:21.192777Z "neon" <WARN> [1954] {7f1eb4746740} Sync Lost 0x00000000006cbadd 0x37 '7'
2020-09-15T16:58:21.192912Z "neon" <NOTE> [1954] {7f1eb4746740} Sync NMEA 0x00000000006cbb22
2020-09-15T17:00:26.226767Z "neon" <WARN> [1954] {7f1eb4746740} Sync Lost 0x00000000006eb3c7 0x0d
2020-09-15T17:00:26.226844Z "neon" <NOTE> [1954] {7f1eb4746740} Sync NMEA 0x00000000006eb3eb
2020-09-15T17:02:19.265599Z "neon" <WARN> [1954] {7f1eb4746740} Sync Lost 0x0000000000707b79 0x0d
2020-09-15T17:02:19.265815Z "neon" <NOTE> [1954] {7f1eb4746740} Sync NMEA 0x0000000000707bbc
2020-09-15T17:03:03.285244Z "neon" <WARN> [1954] {7f1eb4746740} Sync Lost 0x0000000000712c5b 0x0d
2020-09-15T17:03:03.285375Z "neon" <NOTE> [1954] {7f1eb4746740} Sync NMEA 0x0000000000712c9e
2020-09-15T17:03:42.273505Z "neon" <WARN> [1954] {7f1eb4746740} Sync Lost 0x000000000071c8bf 0x0d
2020-09-15T17:03:42.273693Z "neon" <NOTE> [1954] {7f1eb4746740} Sync NMEA 0x000000000071c902
2020-09-15T17:03:45.274287Z "neon" <WARN> [1954] {7f1eb4746740} Sync Lost 0x000000000071d397 0x0d
2020-09-15T17:03:45.274469Z "neon" <NOTE> [1954] {7f1eb4746740} Sync NMEA 0x000000000071d3da
HUP? HUP? HUP? HUP? 2020-09-15T17:06:39.324363Z "neon" <WARN> [1954] {7f1eb4746740} Sync Lost 0x0000000000748abe 0x0d
2020-09-15T17:06:39.324566Z "neon" <NOTE> [1954] {7f1eb4746740} Sync NMEA 0x0000000000748b01
2020-09-15T17:07:45.347676Z "neon" <WARN> [1954] {7f1eb4746740} Sync Lost 0x00000000007592bc 0x0d
2020-09-15T17:07:45.347764Z "neon" <NOTE> [1954] {7f1eb4746740} Sync NMEA 0x00000000007592e5
2020-09-15T17:12:43.426733Z "neon" <WARN> [1954] {7f1eb4746740} Sync Lost 0x00000000007a417c 0x0d
2020-09-15T17:12:43.426810Z "neon" <NOTE> [1954] {7f1eb4746740} Sync NMEA 0x00000000007a419c
HUP? HUP? 2020-09-15T17:15:44.514146Z "neon" <WARN> [1954] {7f1eb4746740} Sync Lost 0x00000000007d1117 0x39 '9'
2020-09-15T17:15:44.514267Z "neon" <NOTE> [1954] {7f1eb4746740} Sync NMEA 0x00000000007d113b
2020-09-15T17:16:37.529149Z "neon" <WARN> [1954] {7f1eb4746740} Sync Lost 0x00000000007de6a7 0x30 '0'
2020-09-15T17:16:37.529222Z "neon" <NOTE> [1954] {7f1eb4746740} Sync NMEA 0x00000000007de6db
2020-09-15T17:17:06.500896Z "neon" <WARN> [1954] {7f1eb4746740} Sync Stop 0x00000000007e5c0b 0x36
2020-09-15T17:17:06.500983Z "neon" <NOTE> [1954] {7f1eb4746740} Sync NMEA 0x00000000007e5c6f
2020-09-15T17:18:04.547979Z "neon" <WARN> [1954] {7f1eb4746740} Sync Lost 0x00000000007f4891 0x32 '2'
2020-09-15T17:18:04.548064Z "neon" <NOTE> [1954] {7f1eb4746740} Sync NMEA 0x00000000007f48b5
2020-09-15T17:24:38.961696Z "neon" <NOTE> [1954] {7f1eb4746740} SIGINT
Terminated
