INP [ 77] $GNGGA,142852.00,3947.65517,N,10509.20252,W,1,12,0.47,1710.6,M,-21.5,M,,*41\r\n
INP [ 62] $GNGSA,A,3,04,07,08,09,11,28,05,27,30,,,,0.96,0.47,0.84,1*0A\r\n
INP [ 60] $GNGSA,A,3,78,86,77,88,69,87,67,68,,,,,0.96,0.47,0.84,2*0C\r\n
INP [ 58] $GNGSA,A,3,13,31,01,04,26,09,21,,,,,,0.96,0.47,0.84,3*08\r\n
INP [ 54] $GNGSA,A,3,19,20,22,27,28,,,,,,,,0.96,0.47,0.84,4*01\r\n
INP [ 72] $GPGSV,3,1,11,04,26,159,35,05,11,300,21,07,68,334,35,08,53,090,30,1*67\r\n
INP [ 67] $GPGSV,3,2,11,09,57,186,46,11,22,127,26,16,08,053,23,23,,,42,1*5C\r\n
INP [ 57] $GPGSV,3,3,11,27,33,053,,28,21,239,39,30,38,300,33,1*57\r\n
INP [ 72] $GPGSV,3,1,10,04,26,159,36,05,11,300,21,07,68,334,34,08,53,090,30,6*63\r\n
INP [ 68] $GPGSV,3,2,10,09,57,186,40,11,22,127,,16,08,053,,27,33,053,24,6*6B\r\n
INP [ 44] $GPGSV,3,3,10,28,21,239,,30,38,300,21,6*6B\r\n
INP [ 72] $GLGSV,3,1,10,67,36,215,39,68,45,288,30,69,13,334,19,76,08,071,28,1*79\r\n
INP [ 70] $GLGSV,3,2,10,77,50,033,26,78,45,302,36,79,04,270,,86,20,038,30,1*78\r\n
INP [ 46] $GLGSV,3,3,10,87,31,106,28,88,14,144,34,1*7A\r\n
INP [ 72] $GLGSV,3,1,10,67,36,215,38,68,45,288,20,69,13,334,24,76,08,071,17,3*79\r\n
INP [ 70] $GLGSV,3,2,10,77,50,033,25,78,45,302,25,79,04,270,,86,20,038,21,3*7B\r\n
INP [ 46] $GLGSV,3,3,10,87,31,106,26,88,14,144,21,3*72\r\n
INP [ 72] $GAGSV,3,1,12,01,61,036,36,04,51,210,41,05,03,327,22,09,43,296,31,7*73\r\n
INP [ 70] $GAGSV,3,2,12,13,11,047,,14,48,109,37,19,08,166,31,21,14,064,23,7*73\r\n
INP [ 72] $GAGSV,3,3,12,24,06,255,22,26,18,098,24,31,53,276,29,33,06,145,26,7*76\r\n
INP [ 70] $GAGSV,3,1,12,01,61,036,32,04,51,210,38,05,03,327,,09,43,296,26,2*7A\r\n
INP [ 72] $GAGSV,3,2,12,13,11,047,21,14,48,109,30,19,08,166,21,21,14,064,27,2*77\r\n
INP [ 68] $GAGSV,3,3,12,24,06,255,,26,18,098,21,31,53,276,27,33,06,145,,2*7C\r\n
INP [ 72] $GBGSV,2,1,07,19,34,261,17,20,20,206,37,22,16,315,30,27,32,135,40,1*7A\r\n
INP [ 57] $GBGSV,2,2,07,28,32,072,23,30,04,180,37,37,45,069,,1*4E\r\n
INP [ 64] $GBGSV,2,1,07,19,34,261,,20,20,206,,22,16,315,,27,32,135,,3*7D\r\n
INP [ 53] $GBGSV,2,2,07,28,32,072,,30,04,180,,37,45,069,,3*49\r\n
INP [ 52] $GNGLL,3947.65517,N,10509.20252,W,142852.00,A,A*6E\r\n
