2020-05-19T14:04:58.918281Z "gold" <INFO> [12752] {76f573c0} Begin
2020-05-19T14:04:58.919098Z "gold" <INFO> [12752] {76f573c0} Locale "en_US.UTF-8"
2020-05-19T14:04:58.919153Z "gold" <INFO> [12752] {76f573c0} Processing
2020-05-19T14:04:58.919798Z "gold" <INFO> [12752] {76f573c0} Device (3) "/dev/tumbleweed" rw "tumbleweed" 230400 8N1 local
2020-05-19T14:04:58.920364Z "gold" <INFO> [12752] {76f573c0} Buffer (3) [8192] [8192]
2020-05-19T14:04:58.920802Z "gold" <INFO> [12752] {76f573c0} Start
2020-05-19T14:04:59.076314Z "gold" <NOTE> [12752] {76f573c0} Sync NMEA 0x0000000000000046
2020-05-19T14:04:59.093250Z "gold" <INFO> [12752] {76f573c0} Parse UBX ACK 0x06 0x8a (1)
2020-05-19T14:05:00.079187Z "gold" <NOTE> [12752] {76f573c0} Time 2020-05-19 14:05:00Z
2020-05-19T14:05:00.098130Z "gold" <INFO> [12752] {76f573c0} Parse UBX ACK 0x06 0x8a (1)
2020-05-19T14:05:01.094103Z "gold" <INFO> [12752] {76f573c0} Parse UBX ACK 0x06 0x8a (1)
2020-05-19T14:05:02.095118Z "gold" <INFO> [12752] {76f573c0} Parse UBX ACK 0x06 0x8a (1)
2020-05-19T14:05:03.092364Z "gold" <INFO> [12752] {76f573c0} Parse UBX ACK 0x06 0x8a (1)
2020-05-19T14:05:04.095599Z "gold" <INFO> [12752] {76f573c0} Parse UBX ACK 0x06 0x8a (1)
2020-05-19T14:05:05.096438Z "gold" <INFO> [12752] {76f573c0} Parse UBX ACK 0x06 0x8a (1)
2020-05-19T14:05:06.092355Z "gold" <INFO> [12752] {76f573c0} Parse UBX ACK 0x06 0x8a (1)
2020-05-19T14:05:07.093271Z "gold" <INFO> [12752] {76f573c0} Parse UBX ACK 0x06 0x01 (1)
2020-05-19T14:05:08.082247Z "gold" <NOTE> [12752] {76f573c0} Ready
2020-05-19T14:05:16.539590Z "gold" <INFO> [12752] {76f573c0} SIGHUP
2020-05-19T14:28:52.537308Z "gold" <NOTE> [12752] {76f573c0} SIGINT
2020-05-19T14:28:52.537450Z "gold" <INFO> [12752] {76f573c0} Stop
2020-05-19T14:28:52.537494Z "gold" <INFO> [12752] {76f573c0} Counters Remote=0 Surveyor=0 Keepalive=0 OutOfOrder=0 Missing=0
2020-05-19T14:28:52.537837Z "gold" <INFO> [12752] {76f573c0} Buffer size=8192B maximum=1880B total=2802304B speed=1954BPS peak=1950B
2020-05-19T14:28:52.538584Z "gold" <INFO> [12752] {76f573c0} End
