2020-08-17T15:11:35.121662Z "hacienda" <INFO> [18762] {76f6b210} SVIN_MIN_DUR="\x2c\x01\x00\x00"
2020-08-17T15:11:35.126723Z "hacienda" <INFO> [18763] {76f8e210} SVIN_ACC_LIMIT="\xfa\x00\x00\x00"
2020-08-17T15:11:35.161016Z "hacienda" <INFO> [18712] {76f04530} Begin
2020-08-17T15:11:35.161332Z "hacienda" <INFO> [18712] {76f04530} Locale "en_US.UTF-8"
2020-08-17T15:11:35.161360Z "hacienda" <INFO> [18712] {76f04530} Processing
2020-08-17T15:11:35.161479Z "hacienda" <INFO> [18712] {76f04530} Remote (3) "tumbleweed:tumbleweed" [::ffff:192.168.1.238]:21010
2020-08-17T15:11:35.161951Z "hacienda" <INFO> [18712] {76f04530} Device (4) "/dev/tumbleweed" rw "tumbleweed" 230400 8N1 local
2020-08-17T15:11:35.162378Z "hacienda" <INFO> [18712] {76f04530} Buffer (4) [8192] [8192]
2020-08-17T15:11:35.162652Z "hacienda" <INFO> [18712] {76f04530} Start
2020-08-17T15:11:36.084811Z "hacienda" <NOTE> [18712] {76f04530} Sync NMEA 0x0000000000000046
2020-08-17T15:11:36.086254Z "hacienda" <NOTE> [18712] {76f04530} Time 2020-08-17 15:11:36Z
2020-08-17T15:11:36.103466Z "hacienda" <INFO> [18712] {76f04530} Parse UBX ACK 0x06 0x8a (1)
2020-08-17T15:11:37.104704Z "hacienda" <INFO> [18712] {76f04530} Parse UBX ACK 0x06 0x8a (1)
2020-08-17T15:11:38.099412Z "hacienda" <INFO> [18712] {76f04530} Parse UBX ACK 0x06 0x8a (1)
2020-08-17T15:11:39.101244Z "hacienda" <INFO> [18712] {76f04530} Parse UBX ACK 0x06 0x8a (1)
2020-08-17T15:11:40.104502Z "hacienda" <INFO> [18712] {76f04530} Parse UBX ACK 0x06 0x8a (1)
2020-08-17T15:11:41.047917Z "hacienda" <INFO> [18712] {76f04530} Parse UBX ACK 0x06 0x8a (1)
2020-08-17T15:11:41.104816Z "hacienda" <INFO> [18712] {76f04530} Parse UBX ACK 0x06 0x8a (1)
2020-08-17T15:11:42.051804Z "hacienda" <INFO> [18712] {76f04530} Parse UBX ACK 0x06 0x8a (1)
2020-08-17T15:11:42.107042Z "hacienda" <INFO> [18712] {76f04530} Parse UBX ACK 0x06 0x8a (1)
2020-08-17T15:11:43.051285Z "hacienda" <INFO> [18712] {76f04530} Parse UBX ACK 0x06 0x8a (1)
2020-08-17T15:11:43.108262Z "hacienda" <INFO> [18712] {76f04530} Parse UBX ACK 0x06 0x8a (1)
2020-08-17T15:11:44.051336Z "hacienda" <INFO> [18712] {76f04530} Parse UBX ACK 0x06 0x8a (1)
2020-08-17T15:11:44.102225Z "hacienda" <INFO> [18712] {76f04530} Parse UBX ACK 0x06 0x8a (1)
2020-08-17T15:11:45.049947Z "hacienda" <INFO> [18712] {76f04530} Parse UBX ACK 0x06 0x8a (1)
2020-08-17T15:11:45.104887Z "hacienda" <INFO> [18712] {76f04530} Parse UBX ACK 0x06 0x8a (1)
2020-08-17T15:11:46.053033Z "hacienda" <INFO> [18712] {76f04530} Parse UBX ACK 0x06 0x8a (1)
2020-08-17T15:11:46.105078Z "hacienda" <INFO> [18712] {76f04530} Parse UBX ACK 0x06 0x01 (1)
2020-08-17T15:11:47.045429Z "hacienda" <NOTE> [18712] {76f04530} Ready
2020-08-22T12:02:39.015895Z "hacienda" <WARN> [18712] {76f04530} Sync Lost 0x000000003bf3dd8a 0x31 '1'
2020-08-22T12:02:39.016479Z "hacienda" <NOTE> [18712] {76f04530} Sync RTCM 0x000000003bf3de68
2020-08-25T18:51:36.035789Z "hacienda" <INFO> [18712] {76f04530} Fix Emit acc 0x000000fa lat 0x17b81f98 0x1c lon 0xc152dcc1 0x19 alt 0x000292c0 0x0d
